ARM GAS  C:\Users\Lars\AppData\Local\Temp\cc1aG1Kk.s 			page 1


   1              		.syntax unified
   2              		.cpu cortex-m0
   3              		.fpu softvfp
   4              		.eabi_attribute 20, 1
   5              		.eabi_attribute 21, 1
   6              		.eabi_attribute 23, 3
   7              		.eabi_attribute 24, 1
   8              		.eabi_attribute 25, 1
   9              		.eabi_attribute 26, 1
  10              		.eabi_attribute 30, 6
  11              		.eabi_attribute 34, 0
  12              		.eabi_attribute 18, 4
  13              		.thumb
  14              		.syntax unified
  15              		.file	"main.c"
  16              		.text
  17              	.Ltext0:
  18              		.cfi_sections	.debug_frame
  19              		.global	mode
  20              		.bss
  21              		.type	mode, %object
  22              		.size	mode, 1
  23              	mode:
  24 0000 00       		.space	1
  25              		.section	.text.main,"ax",%progbits
  26              		.align	2
  27              		.global	main
  28              		.code	16
  29              		.thumb_func
  30              		.type	main, %function
  31              	main:
  32              	.LFB32:
  33              		.file 1 "main.c"
   1:main.c        **** /*******************************************************************************
   2:main.c        **** * File Name: main.c
   3:main.c        **** * Version 1.0
   4:main.c        **** *
   5:main.c        **** * Description:
   6:main.c        **** *
   7:main.c        **** * Note: none
   8:main.c        **** *
   9:main.c        **** ********************************************************************************
  10:main.c        **** * Copyright 2008-2013, Cypress Semiconductor Corporation.  All rights reserved.
  11:main.c        **** * You may use this file only in accordance with the license, terms, conditions,
  12:main.c        **** * disclaimers, and limitations in the end user license agreement accompanying
  13:main.c        **** * the software package with which this file was provided.
  14:main.c        **** ********************************************************************************/
  15:main.c        **** 
  16:main.c        **** #include <device.h>
  17:main.c        **** #include "diodeMeasurement.h"
  18:main.c        **** #include "currentSink.h"
  19:main.c        **** #include "myspi.h"
  20:main.c        **** 
  21:main.c        **** #define CURRENT_SINK_MODE   0U /*The PSOC only serves as a current sink. ADC forward voltage
  22:main.c        ****                                  measurement is done in the STM32 Nucleo board*/
  23:main.c        **** #define SENSOR_MODE         1U /*The PSOC serves as a current sink and also do the ADC forward 
  24:main.c        ****                                  voltage is conducted by the PSOC and sended out per SPI*/
ARM GAS  C:\Users\Lars\AppData\Local\Temp\cc1aG1Kk.s 			page 2


  25:main.c        **** 
  26:main.c        **** uint8 mode = CURRENT_SINK_MODE;
  27:main.c        **** 
  28:main.c        **** extern volatile uint8 SPI_RXflag;
  29:main.c        **** extern volatile uint8 SPI_TXflag;
  30:main.c        **** extern volatile int16 ADCOffset;
  31:main.c        **** 
  32:main.c        **** int main()
  33:main.c        **** {
  34              		.loc 1 33 0
  35              		.cfi_startproc
  36              		@ args = 0, pretend = 0, frame = 16
  37              		@ frame_needed = 1, uses_anonymous_args = 0
  38 0000 90B5     		push	{r4, r7, lr}
  39              		.cfi_def_cfa_offset 12
  40              		.cfi_offset 4, -12
  41              		.cfi_offset 7, -8
  42              		.cfi_offset 14, -4
  43 0002 85B0     		sub	sp, sp, #20
  44              		.cfi_def_cfa_offset 32
  45 0004 00AF     		add	r7, sp, #0
  46              		.cfi_def_cfa_register 7
  34:main.c        ****     /* Enable global interrupts. */
  35:main.c        **** 	CyGlobalIntEnable; 
  47              		.loc 1 35 0
  48              		.syntax divided
  49              	@ 35 "main.c" 1
  50 0006 62B6     		CPSIE   i
  51              	@ 0 "" 2
  36:main.c        **** 
  37:main.c        ****     /*The PSOC works in Sensor-Mode and using the internal adc for measure the TSEP voltage*/
  38:main.c        ****     if (mode == SENSOR_MODE) 
  52              		.loc 1 38 0
  53              		.thumb
  54              		.syntax unified
  55 0008 2D4B     		ldr	r3, .L9
  56 000a 1B78     		ldrb	r3, [r3]
  57 000c 012B     		cmp	r3, #1
  58 000e 22D1     		bne	.L2
  59              	.LBB2:
  39:main.c        ****     {     
  40:main.c        ****         int32 calib_temperature = 0;
  60              		.loc 1 40 0
  61 0010 0023     		movs	r3, #0
  62 0012 BB60     		str	r3, [r7, #8]
  41:main.c        ****         float32 diode_temperature;
  42:main.c        **** 	    int16 psoc_tempCounts;
  43:main.c        **** 	    int16 psoc_temperature;
  44:main.c        **** 	    int16 temperature_diff;
  45:main.c        ****         
  46:main.c        ****         /* Initialize the components for diode temperature measurement mode*/
  47:main.c        ****          initializeDiodeMeasurement();
  63              		.loc 1 47 0
  64 0014 FFF7FEFF 		bl	initializeDiodeMeasurement
  48:main.c        ****     
  49:main.c        ****         /* Initialize the components for SPI communication*/
  50:main.c        ****         initializeSPIInterface();
ARM GAS  C:\Users\Lars\AppData\Local\Temp\cc1aG1Kk.s 			page 3


  65              		.loc 1 50 0
  66 0018 FFF7FEFF 		bl	initializeSPIInterface
  51:main.c        ****         
  52:main.c        ****         /* Start ADC conversion and wait for the injection channel conversion completion */
  53:main.c        ****         ADC_SAR_StartConvert();
  67              		.loc 1 53 0
  68 001c FFF7FEFF 		bl	ADC_SAR_StartConvert
  54:main.c        ****     	
  55:main.c        ****     	/* Enables injection channel for next scan */
  56:main.c        ****         ADC_SAR_EnableInjection();
  69              		.loc 1 56 0
  70 0020 FFF7FEFF 		bl	ADC_SAR_EnableInjection
  57:main.c        ****         ADC_SAR_IsEndConversion(ADC_SAR_WAIT_FOR_RESULT); 
  71              		.loc 1 57 0
  72 0024 0220     		movs	r0, #2
  73 0026 FFF7FEFF 		bl	ADC_SAR_IsEndConversion
  58:main.c        ****         psoc_temperature = ADC_SAR_GetResult16(0);
  74              		.loc 1 58 0
  75 002a BC1D     		adds	r4, r7, #6
  76 002c 0020     		movs	r0, #0
  77 002e FFF7FEFF 		bl	ADC_SAR_GetResult16
  78 0032 0300     		movs	r3, r0
  79 0034 2380     		strh	r3, [r4]
  59:main.c        **** 
  60:main.c        ****     	/*Get die temperature temperature from the injection channel which is at Channel 1*/
  61:main.c        ****         calib_temperature = DieTemp_CountsTo_Celsius(psoc_tempCounts);
  80              		.loc 1 61 0
  81 0036 3B1D     		adds	r3, r7, #4
  82 0038 0022     		movs	r2, #0
  83 003a 9B5E     		ldrsh	r3, [r3, r2]
  84 003c 1800     		movs	r0, r3
  85 003e FFF7FEFF 		bl	DieTemp_CountsTo_Celsius
  86 0042 0300     		movs	r3, r0
  87 0044 BB60     		str	r3, [r7, #8]
  62:main.c        ****         ADC_SAR_StopConvert();
  88              		.loc 1 62 0
  89 0046 FFF7FEFF 		bl	ADC_SAR_StopConvert
  90              	.L3:
  63:main.c        ****         
  64:main.c        ****         for(;;)
  65:main.c        ****         {        
  66:main.c        ****             /* Get diode temperature and print on LCD */
  67:main.c        ****             diode_temperature = getDiodeTemperature(MULTIPLEXER_CHAN1);	
  91              		.loc 1 67 0 discriminator 1
  92 004a 0020     		movs	r0, #0
  93 004c FFF7FEFF 		bl	getDiodeTemperature
  94 0050 031C     		adds	r3, r0, #0
  95 0052 3B60     		str	r3, [r7]
  68:main.c        ****         }    
  96              		.loc 1 68 0 discriminator 1
  97 0054 F9E7     		b	.L3
  98              	.L2:
  99              	.LBE2:
  69:main.c        ****     }
  70:main.c        ****     
  71:main.c        ****     /*The PSOSC only works as a controlled current sink and the measurement is done with a external
  72:main.c        ****     if (mode == CURRENT_SINK_MODE)
ARM GAS  C:\Users\Lars\AppData\Local\Temp\cc1aG1Kk.s 			page 4


 100              		.loc 1 72 0
 101 0056 1A4B     		ldr	r3, .L9
 102 0058 1B78     		ldrb	r3, [r3]
 103 005a 002B     		cmp	r3, #0
 104 005c 2BD1     		bne	.L4
 105              	.LBB3:
  73:main.c        ****     {
  74:main.c        ****         uint8 ISRStatus = 0;
 106              		.loc 1 74 0
 107 005e 0F23     		movs	r3, #15
 108 0060 FB18     		adds	r3, r7, r3
 109 0062 0022     		movs	r2, #0
 110 0064 1A70     		strb	r2, [r3]
  75:main.c        ****     
  76:main.c        ****         /* Initialize the components for current sink mode*/
  77:main.c        ****         initializeCurrentSink();
 111              		.loc 1 77 0
 112 0066 FFF7FEFF 		bl	initializeCurrentSink
 113              	.L7:
  78:main.c        ****         
  79:main.c        ****         for(;;)
  80:main.c        ****         {
  81:main.c        ****         ISRStatus = getISRState();
 114              		.loc 1 81 0
 115 006a 0F23     		movs	r3, #15
 116 006c FC18     		adds	r4, r7, r3
 117 006e FFF7FEFF 		bl	getISRState
 118 0072 0300     		movs	r3, r0
 119 0074 2370     		strb	r3, [r4]
  82:main.c        ****         
  83:main.c        ****             if (ISRStatus != 0)
 120              		.loc 1 83 0
 121 0076 0F23     		movs	r3, #15
 122 0078 FB18     		adds	r3, r7, r3
 123 007a 1B78     		ldrb	r3, [r3]
 124 007c 002B     		cmp	r3, #0
 125 007e F4D0     		beq	.L7
  84:main.c        ****             {             
  85:main.c        ****                 if( ISRStatus == CURRENT_SINK_TURNON_PENDING)
 126              		.loc 1 85 0
 127 0080 0F23     		movs	r3, #15
 128 0082 FB18     		adds	r3, r7, r3
 129 0084 1B78     		ldrb	r3, [r3]
 130 0086 012B     		cmp	r3, #1
 131 0088 07D1     		bne	.L6
  86:main.c        ****                 {
  87:main.c        ****                     turnOnSink();
 132              		.loc 1 87 0
 133 008a FFF7FEFF 		bl	turnOnSink
  88:main.c        ****                     resetISRState();
 134              		.loc 1 88 0
 135 008e FFF7FEFF 		bl	resetISRState
  89:main.c        ****                     ISRStatus = 0;
 136              		.loc 1 89 0
 137 0092 0F23     		movs	r3, #15
 138 0094 FB18     		adds	r3, r7, r3
 139 0096 0022     		movs	r2, #0
ARM GAS  C:\Users\Lars\AppData\Local\Temp\cc1aG1Kk.s 			page 5


 140 0098 1A70     		strb	r2, [r3]
 141              	.L6:
  90:main.c        ****                 }
  91:main.c        ****                 if( ISRStatus == CURRENT_SINK_TURNOFF_PENDING)
 142              		.loc 1 91 0
 143 009a 0F23     		movs	r3, #15
 144 009c FB18     		adds	r3, r7, r3
 145 009e 1B78     		ldrb	r3, [r3]
 146 00a0 022B     		cmp	r3, #2
 147 00a2 E2D1     		bne	.L7
  92:main.c        ****                 {   
  93:main.c        ****                     turnOffSink();
 148              		.loc 1 93 0
 149 00a4 FFF7FEFF 		bl	turnOffSink
  94:main.c        ****                     resetISRState();
 150              		.loc 1 94 0
 151 00a8 FFF7FEFF 		bl	resetISRState
  95:main.c        ****                     ISRStatus = 0;
 152              		.loc 1 95 0
 153 00ac 0F23     		movs	r3, #15
 154 00ae FB18     		adds	r3, r7, r3
 155 00b0 0022     		movs	r2, #0
 156 00b2 1A70     		strb	r2, [r3]
  96:main.c        ****                 }
  97:main.c        ****             }        
  98:main.c        ****         }
 157              		.loc 1 98 0
 158 00b4 D9E7     		b	.L7
 159              	.L4:
 160              	.LBE3:
  99:main.c        ****     }
 100:main.c        **** 	return 1;
 161              		.loc 1 100 0
 162 00b6 0123     		movs	r3, #1
 101:main.c        **** }
 163              		.loc 1 101 0
 164 00b8 1800     		movs	r0, r3
 165 00ba BD46     		mov	sp, r7
 166 00bc 05B0     		add	sp, sp, #20
 167              		@ sp needed
 168 00be 90BD     		pop	{r4, r7, pc}
 169              	.L10:
 170              		.align	2
 171              	.L9:
 172 00c0 00000000 		.word	mode
 173              		.cfi_endproc
 174              	.LFE32:
 175              		.size	main, .-main
 176              		.text
 177              	.Letext0:
 178              		.file 2 "Generated_Source\\PSoC4/cytypes.h"
 179              		.section	.debug_info,"",%progbits
 180              	.Ldebug_info0:
 181 0000 4F010000 		.4byte	0x14f
 182 0004 0400     		.2byte	0x4
 183 0006 00000000 		.4byte	.Ldebug_abbrev0
 184 000a 04       		.byte	0x4
ARM GAS  C:\Users\Lars\AppData\Local\Temp\cc1aG1Kk.s 			page 6


 185 000b 01       		.uleb128 0x1
 186 000c 77010000 		.4byte	.LASF23
 187 0010 0C       		.byte	0xc
 188 0011 1B000000 		.4byte	.LASF24
 189 0015 A1000000 		.4byte	.LASF25
 190 0019 00000000 		.4byte	.Ldebug_ranges0+0
 191 001d 00000000 		.4byte	0
 192 0021 00000000 		.4byte	.Ldebug_line0
 193 0025 02       		.uleb128 0x2
 194 0026 01       		.byte	0x1
 195 0027 06       		.byte	0x6
 196 0028 4A010000 		.4byte	.LASF0
 197 002c 02       		.uleb128 0x2
 198 002d 01       		.byte	0x1
 199 002e 08       		.byte	0x8
 200 002f F1000000 		.4byte	.LASF1
 201 0033 02       		.uleb128 0x2
 202 0034 02       		.byte	0x2
 203 0035 05       		.byte	0x5
 204 0036 6D010000 		.4byte	.LASF2
 205 003a 02       		.uleb128 0x2
 206 003b 02       		.byte	0x2
 207 003c 07       		.byte	0x7
 208 003d 37010000 		.4byte	.LASF3
 209 0041 02       		.uleb128 0x2
 210 0042 04       		.byte	0x4
 211 0043 05       		.byte	0x5
 212 0044 15010000 		.4byte	.LASF4
 213 0048 02       		.uleb128 0x2
 214 0049 04       		.byte	0x4
 215 004a 07       		.byte	0x7
 216 004b 3D000000 		.4byte	.LASF5
 217 004f 02       		.uleb128 0x2
 218 0050 08       		.byte	0x8
 219 0051 05       		.byte	0x5
 220 0052 00000000 		.4byte	.LASF6
 221 0056 02       		.uleb128 0x2
 222 0057 08       		.byte	0x8
 223 0058 07       		.byte	0x7
 224 0059 61000000 		.4byte	.LASF7
 225 005d 03       		.uleb128 0x3
 226 005e 04       		.byte	0x4
 227 005f 05       		.byte	0x5
 228 0060 696E7400 		.ascii	"int\000"
 229 0064 02       		.uleb128 0x2
 230 0065 04       		.byte	0x4
 231 0066 07       		.byte	0x7
 232 0067 0E000000 		.4byte	.LASF8
 233 006b 04       		.uleb128 0x4
 234 006c 37000000 		.4byte	.LASF9
 235 0070 02       		.byte	0x2
 236 0071 E401     		.2byte	0x1e4
 237 0073 2C000000 		.4byte	0x2c
 238 0077 04       		.uleb128 0x4
 239 0078 67010000 		.4byte	.LASF10
 240 007c 02       		.byte	0x2
 241 007d E801     		.2byte	0x1e8
ARM GAS  C:\Users\Lars\AppData\Local\Temp\cc1aG1Kk.s 			page 7


 242 007f 33000000 		.4byte	0x33
 243 0083 04       		.uleb128 0x4
 244 0084 0E020000 		.4byte	.LASF11
 245 0088 02       		.byte	0x2
 246 0089 E901     		.2byte	0x1e9
 247 008b 41000000 		.4byte	0x41
 248 008f 04       		.uleb128 0x4
 249 0090 99000000 		.4byte	.LASF12
 250 0094 02       		.byte	0x2
 251 0095 EA01     		.2byte	0x1ea
 252 0097 9B000000 		.4byte	0x9b
 253 009b 02       		.uleb128 0x2
 254 009c 04       		.byte	0x4
 255 009d 04       		.byte	0x4
 256 009e 82000000 		.4byte	.LASF13
 257 00a2 02       		.uleb128 0x2
 258 00a3 08       		.byte	0x8
 259 00a4 04       		.byte	0x4
 260 00a5 1E010000 		.4byte	.LASF14
 261 00a9 02       		.uleb128 0x2
 262 00aa 01       		.byte	0x1
 263 00ab 08       		.byte	0x8
 264 00ac FF000000 		.4byte	.LASF15
 265 00b0 02       		.uleb128 0x2
 266 00b1 08       		.byte	0x8
 267 00b2 04       		.byte	0x4
 268 00b3 5B010000 		.4byte	.LASF16
 269 00b7 02       		.uleb128 0x2
 270 00b8 04       		.byte	0x4
 271 00b9 07       		.byte	0x7
 272 00ba 05020000 		.4byte	.LASF17
 273 00be 05       		.uleb128 0x5
 274 00bf 56010000 		.4byte	.LASF26
 275 00c3 01       		.byte	0x1
 276 00c4 20       		.byte	0x20
 277 00c5 5D000000 		.4byte	0x5d
 278 00c9 00000000 		.4byte	.LFB32
 279 00cd C4000000 		.4byte	.LFE32-.LFB32
 280 00d1 01       		.uleb128 0x1
 281 00d2 9C       		.byte	0x9c
 282 00d3 41010000 		.4byte	0x141
 283 00d7 06       		.uleb128 0x6
 284 00d8 10000000 		.4byte	.LBB2
 285 00dc 46000000 		.4byte	.LBE2-.LBB2
 286 00e0 28010000 		.4byte	0x128
 287 00e4 07       		.uleb128 0x7
 288 00e5 4F000000 		.4byte	.LASF18
 289 00e9 01       		.byte	0x1
 290 00ea 28       		.byte	0x28
 291 00eb 83000000 		.4byte	0x83
 292 00ef 02       		.uleb128 0x2
 293 00f0 91       		.byte	0x91
 294 00f1 68       		.sleb128 -24
 295 00f2 07       		.uleb128 0x7
 296 00f3 25010000 		.4byte	.LASF19
 297 00f7 01       		.byte	0x1
 298 00f8 29       		.byte	0x29
ARM GAS  C:\Users\Lars\AppData\Local\Temp\cc1aG1Kk.s 			page 8


 299 00f9 8F000000 		.4byte	0x8f
 300 00fd 02       		.uleb128 0x2
 301 00fe 91       		.byte	0x91
 302 00ff 60       		.sleb128 -32
 303 0100 07       		.uleb128 0x7
 304 0101 27000000 		.4byte	.LASF20
 305 0105 01       		.byte	0x1
 306 0106 2A       		.byte	0x2a
 307 0107 77000000 		.4byte	0x77
 308 010b 02       		.uleb128 0x2
 309 010c 91       		.byte	0x91
 310 010d 64       		.sleb128 -28
 311 010e 07       		.uleb128 0x7
 312 010f 04010000 		.4byte	.LASF21
 313 0113 01       		.byte	0x1
 314 0114 2B       		.byte	0x2b
 315 0115 77000000 		.4byte	0x77
 316 0119 02       		.uleb128 0x2
 317 011a 91       		.byte	0x91
 318 011b 66       		.sleb128 -26
 319 011c 08       		.uleb128 0x8
 320 011d 88000000 		.4byte	.LASF27
 321 0121 01       		.byte	0x1
 322 0122 2C       		.byte	0x2c
 323 0123 77000000 		.4byte	0x77
 324 0127 00       		.byte	0
 325 0128 09       		.uleb128 0x9
 326 0129 5E000000 		.4byte	.LBB3
 327 012d 58000000 		.4byte	.LBE3-.LBB3
 328 0131 07       		.uleb128 0x7
 329 0132 78000000 		.4byte	.LASF22
 330 0136 01       		.byte	0x1
 331 0137 4A       		.byte	0x4a
 332 0138 6B000000 		.4byte	0x6b
 333 013c 02       		.uleb128 0x2
 334 013d 91       		.byte	0x91
 335 013e 6F       		.sleb128 -17
 336 013f 00       		.byte	0
 337 0140 00       		.byte	0
 338 0141 0A       		.uleb128 0xa
 339 0142 22000000 		.4byte	.LASF28
 340 0146 01       		.byte	0x1
 341 0147 1A       		.byte	0x1a
 342 0148 6B000000 		.4byte	0x6b
 343 014c 05       		.uleb128 0x5
 344 014d 03       		.byte	0x3
 345 014e 00000000 		.4byte	mode
 346 0152 00       		.byte	0
 347              		.section	.debug_abbrev,"",%progbits
 348              	.Ldebug_abbrev0:
 349 0000 01       		.uleb128 0x1
 350 0001 11       		.uleb128 0x11
 351 0002 01       		.byte	0x1
 352 0003 25       		.uleb128 0x25
 353 0004 0E       		.uleb128 0xe
 354 0005 13       		.uleb128 0x13
 355 0006 0B       		.uleb128 0xb
ARM GAS  C:\Users\Lars\AppData\Local\Temp\cc1aG1Kk.s 			page 9


 356 0007 03       		.uleb128 0x3
 357 0008 0E       		.uleb128 0xe
 358 0009 1B       		.uleb128 0x1b
 359 000a 0E       		.uleb128 0xe
 360 000b 55       		.uleb128 0x55
 361 000c 17       		.uleb128 0x17
 362 000d 11       		.uleb128 0x11
 363 000e 01       		.uleb128 0x1
 364 000f 10       		.uleb128 0x10
 365 0010 17       		.uleb128 0x17
 366 0011 00       		.byte	0
 367 0012 00       		.byte	0
 368 0013 02       		.uleb128 0x2
 369 0014 24       		.uleb128 0x24
 370 0015 00       		.byte	0
 371 0016 0B       		.uleb128 0xb
 372 0017 0B       		.uleb128 0xb
 373 0018 3E       		.uleb128 0x3e
 374 0019 0B       		.uleb128 0xb
 375 001a 03       		.uleb128 0x3
 376 001b 0E       		.uleb128 0xe
 377 001c 00       		.byte	0
 378 001d 00       		.byte	0
 379 001e 03       		.uleb128 0x3
 380 001f 24       		.uleb128 0x24
 381 0020 00       		.byte	0
 382 0021 0B       		.uleb128 0xb
 383 0022 0B       		.uleb128 0xb
 384 0023 3E       		.uleb128 0x3e
 385 0024 0B       		.uleb128 0xb
 386 0025 03       		.uleb128 0x3
 387 0026 08       		.uleb128 0x8
 388 0027 00       		.byte	0
 389 0028 00       		.byte	0
 390 0029 04       		.uleb128 0x4
 391 002a 16       		.uleb128 0x16
 392 002b 00       		.byte	0
 393 002c 03       		.uleb128 0x3
 394 002d 0E       		.uleb128 0xe
 395 002e 3A       		.uleb128 0x3a
 396 002f 0B       		.uleb128 0xb
 397 0030 3B       		.uleb128 0x3b
 398 0031 05       		.uleb128 0x5
 399 0032 49       		.uleb128 0x49
 400 0033 13       		.uleb128 0x13
 401 0034 00       		.byte	0
 402 0035 00       		.byte	0
 403 0036 05       		.uleb128 0x5
 404 0037 2E       		.uleb128 0x2e
 405 0038 01       		.byte	0x1
 406 0039 3F       		.uleb128 0x3f
 407 003a 19       		.uleb128 0x19
 408 003b 03       		.uleb128 0x3
 409 003c 0E       		.uleb128 0xe
 410 003d 3A       		.uleb128 0x3a
 411 003e 0B       		.uleb128 0xb
 412 003f 3B       		.uleb128 0x3b
ARM GAS  C:\Users\Lars\AppData\Local\Temp\cc1aG1Kk.s 			page 10


 413 0040 0B       		.uleb128 0xb
 414 0041 49       		.uleb128 0x49
 415 0042 13       		.uleb128 0x13
 416 0043 11       		.uleb128 0x11
 417 0044 01       		.uleb128 0x1
 418 0045 12       		.uleb128 0x12
 419 0046 06       		.uleb128 0x6
 420 0047 40       		.uleb128 0x40
 421 0048 18       		.uleb128 0x18
 422 0049 9642     		.uleb128 0x2116
 423 004b 19       		.uleb128 0x19
 424 004c 01       		.uleb128 0x1
 425 004d 13       		.uleb128 0x13
 426 004e 00       		.byte	0
 427 004f 00       		.byte	0
 428 0050 06       		.uleb128 0x6
 429 0051 0B       		.uleb128 0xb
 430 0052 01       		.byte	0x1
 431 0053 11       		.uleb128 0x11
 432 0054 01       		.uleb128 0x1
 433 0055 12       		.uleb128 0x12
 434 0056 06       		.uleb128 0x6
 435 0057 01       		.uleb128 0x1
 436 0058 13       		.uleb128 0x13
 437 0059 00       		.byte	0
 438 005a 00       		.byte	0
 439 005b 07       		.uleb128 0x7
 440 005c 34       		.uleb128 0x34
 441 005d 00       		.byte	0
 442 005e 03       		.uleb128 0x3
 443 005f 0E       		.uleb128 0xe
 444 0060 3A       		.uleb128 0x3a
 445 0061 0B       		.uleb128 0xb
 446 0062 3B       		.uleb128 0x3b
 447 0063 0B       		.uleb128 0xb
 448 0064 49       		.uleb128 0x49
 449 0065 13       		.uleb128 0x13
 450 0066 02       		.uleb128 0x2
 451 0067 18       		.uleb128 0x18
 452 0068 00       		.byte	0
 453 0069 00       		.byte	0
 454 006a 08       		.uleb128 0x8
 455 006b 34       		.uleb128 0x34
 456 006c 00       		.byte	0
 457 006d 03       		.uleb128 0x3
 458 006e 0E       		.uleb128 0xe
 459 006f 3A       		.uleb128 0x3a
 460 0070 0B       		.uleb128 0xb
 461 0071 3B       		.uleb128 0x3b
 462 0072 0B       		.uleb128 0xb
 463 0073 49       		.uleb128 0x49
 464 0074 13       		.uleb128 0x13
 465 0075 00       		.byte	0
 466 0076 00       		.byte	0
 467 0077 09       		.uleb128 0x9
 468 0078 0B       		.uleb128 0xb
 469 0079 01       		.byte	0x1
ARM GAS  C:\Users\Lars\AppData\Local\Temp\cc1aG1Kk.s 			page 11


 470 007a 11       		.uleb128 0x11
 471 007b 01       		.uleb128 0x1
 472 007c 12       		.uleb128 0x12
 473 007d 06       		.uleb128 0x6
 474 007e 00       		.byte	0
 475 007f 00       		.byte	0
 476 0080 0A       		.uleb128 0xa
 477 0081 34       		.uleb128 0x34
 478 0082 00       		.byte	0
 479 0083 03       		.uleb128 0x3
 480 0084 0E       		.uleb128 0xe
 481 0085 3A       		.uleb128 0x3a
 482 0086 0B       		.uleb128 0xb
 483 0087 3B       		.uleb128 0x3b
 484 0088 0B       		.uleb128 0xb
 485 0089 49       		.uleb128 0x49
 486 008a 13       		.uleb128 0x13
 487 008b 3F       		.uleb128 0x3f
 488 008c 19       		.uleb128 0x19
 489 008d 02       		.uleb128 0x2
 490 008e 18       		.uleb128 0x18
 491 008f 00       		.byte	0
 492 0090 00       		.byte	0
 493 0091 00       		.byte	0
 494              		.section	.debug_aranges,"",%progbits
 495 0000 1C000000 		.4byte	0x1c
 496 0004 0200     		.2byte	0x2
 497 0006 00000000 		.4byte	.Ldebug_info0
 498 000a 04       		.byte	0x4
 499 000b 00       		.byte	0
 500 000c 0000     		.2byte	0
 501 000e 0000     		.2byte	0
 502 0010 00000000 		.4byte	.LFB32
 503 0014 C4000000 		.4byte	.LFE32-.LFB32
 504 0018 00000000 		.4byte	0
 505 001c 00000000 		.4byte	0
 506              		.section	.debug_ranges,"",%progbits
 507              	.Ldebug_ranges0:
 508 0000 00000000 		.4byte	.LFB32
 509 0004 C4000000 		.4byte	.LFE32
 510 0008 00000000 		.4byte	0
 511 000c 00000000 		.4byte	0
 512              		.section	.debug_line,"",%progbits
 513              	.Ldebug_line0:
 514 0000 7B000000 		.section	.debug_str,"MS",%progbits,1
 514      02004100 
 514      00000201 
 514      FB0E0D00 
 514      01010101 
 515              	.LASF6:
 516 0000 6C6F6E67 		.ascii	"long long int\000"
 516      206C6F6E 
 516      6720696E 
 516      7400
 517              	.LASF8:
 518 000e 756E7369 		.ascii	"unsigned int\000"
 518      676E6564 
ARM GAS  C:\Users\Lars\AppData\Local\Temp\cc1aG1Kk.s 			page 12


 518      20696E74 
 518      00
 519              	.LASF24:
 520 001b 6D61696E 		.ascii	"main.c\000"
 520      2E6300
 521              	.LASF28:
 522 0022 6D6F6465 		.ascii	"mode\000"
 522      00
 523              	.LASF20:
 524 0027 70736F63 		.ascii	"psoc_tempCounts\000"
 524      5F74656D 
 524      70436F75 
 524      6E747300 
 525              	.LASF9:
 526 0037 75696E74 		.ascii	"uint8\000"
 526      3800
 527              	.LASF5:
 528 003d 6C6F6E67 		.ascii	"long unsigned int\000"
 528      20756E73 
 528      69676E65 
 528      6420696E 
 528      7400
 529              	.LASF18:
 530 004f 63616C69 		.ascii	"calib_temperature\000"
 530      625F7465 
 530      6D706572 
 530      61747572 
 530      6500
 531              	.LASF7:
 532 0061 6C6F6E67 		.ascii	"long long unsigned int\000"
 532      206C6F6E 
 532      6720756E 
 532      7369676E 
 532      65642069 
 533              	.LASF22:
 534 0078 49535253 		.ascii	"ISRStatus\000"
 534      74617475 
 534      7300
 535              	.LASF13:
 536 0082 666C6F61 		.ascii	"float\000"
 536      7400
 537              	.LASF27:
 538 0088 74656D70 		.ascii	"temperature_diff\000"
 538      65726174 
 538      7572655F 
 538      64696666 
 538      00
 539              	.LASF12:
 540 0099 666C6F61 		.ascii	"float32\000"
 540      74333200 
 541              	.LASF25:
 542 00a1 433A5C55 		.ascii	"C:\\Users\\Lars\\Documents\\PSoC Creator\\Workspace"
 542      73657273 
 542      5C4C6172 
 542      735C446F 
 542      63756D65 
 543 00cf 30315C50 		.ascii	"01\\PSOC4_ForwardVoltageTSEP.cydsn\000"
ARM GAS  C:\Users\Lars\AppData\Local\Temp\cc1aG1Kk.s 			page 13


 543      534F4334 
 543      5F466F72 
 543      77617264 
 543      566F6C74 
 544              	.LASF1:
 545 00f1 756E7369 		.ascii	"unsigned char\000"
 545      676E6564 
 545      20636861 
 545      7200
 546              	.LASF15:
 547 00ff 63686172 		.ascii	"char\000"
 547      00
 548              	.LASF21:
 549 0104 70736F63 		.ascii	"psoc_temperature\000"
 549      5F74656D 
 549      70657261 
 549      74757265 
 549      00
 550              	.LASF4:
 551 0115 6C6F6E67 		.ascii	"long int\000"
 551      20696E74 
 551      00
 552              	.LASF14:
 553 011e 646F7562 		.ascii	"double\000"
 553      6C6500
 554              	.LASF19:
 555 0125 64696F64 		.ascii	"diode_temperature\000"
 555      655F7465 
 555      6D706572 
 555      61747572 
 555      6500
 556              	.LASF3:
 557 0137 73686F72 		.ascii	"short unsigned int\000"
 557      7420756E 
 557      7369676E 
 557      65642069 
 557      6E7400
 558              	.LASF0:
 559 014a 7369676E 		.ascii	"signed char\000"
 559      65642063 
 559      68617200 
 560              	.LASF26:
 561 0156 6D61696E 		.ascii	"main\000"
 561      00
 562              	.LASF16:
 563 015b 6C6F6E67 		.ascii	"long double\000"
 563      20646F75 
 563      626C6500 
 564              	.LASF10:
 565 0167 696E7431 		.ascii	"int16\000"
 565      3600
 566              	.LASF2:
 567 016d 73686F72 		.ascii	"short int\000"
 567      7420696E 
 567      7400
 568              	.LASF23:
 569 0177 474E5520 		.ascii	"GNU C11 5.4.1 20160609 (release) [ARM/embedded-5-br"
ARM GAS  C:\Users\Lars\AppData\Local\Temp\cc1aG1Kk.s 			page 14


 569      43313120 
 569      352E342E 
 569      31203230 
 569      31363036 
 570 01aa 616E6368 		.ascii	"anch revision 237715] -mcpu=cortex-m0 -mthumb -g -O"
 570      20726576 
 570      6973696F 
 570      6E203233 
 570      37373135 
 571 01dd 30202D66 		.ascii	"0 -ffunction-sections -ffat-lto-objects\000"
 571      66756E63 
 571      74696F6E 
 571      2D736563 
 571      74696F6E 
 572              	.LASF17:
 573 0205 73697A65 		.ascii	"sizetype\000"
 573      74797065 
 573      00
 574              	.LASF11:
 575 020e 696E7433 		.ascii	"int32\000"
 575      3200
 576              		.ident	"GCC: (GNU Tools for ARM Embedded Processors) 5.4.1 20160609 (release) [ARM/embedded-5-bran
