--------------- Build Started: 07/25/2019 15:33:42 Project: PSoC4_Current_Digital_to_Analog_Converter02, Configuration: ARM GCC 5.4-2016-q2-update Debug ---------------
cydsfit.exe -.appdatapath "C:\Users\Lars\AppData\Local\Cypress Semiconductor\PSoC Creator\4.2" -.fdsnotice -.fdswarpdepfile=warp_dependencies.txt -.fdselabdepfile=elab_dependencies.txt -.fdsbldfile=generated_files.txt -.fdsreffile=referenced_files.txt -p "C:\Users\Lars\Documents\PSoC Creator\Workspace01\P4_SingleDiode.cydsn\PSoC4_Current_Digital_to_Analog_Converter02.cydsn\PSoC4_Current_Digital_to_Analog_Converter02.cyprj" -d CY8C4245AXI-483 -s "C:\Users\Lars\Documents\PSoC Creator\Workspace01\P4_SingleDiode.cydsn\PSoC4_Current_Digital_to_Analog_Converter02.cydsn\Generated_Source\PSoC4" -- -yv2 -q10 -ygs -o2 -v3 -.fftcfgtype=LE
Elaborating Design...
HDL Generation...
Synthesis...
Tech Mapping...
Analog Placement...
Analog Routing...
Analog Code Generation...
Digital Placement...
Digital Routing...
Bitstream Generation...
Bitstream Verification...
Static timing analysis...
API Generation...
Dependency Generation...
Cleanup...
arm-none-eabi-gcc.exe -mcpu=cortex-m0 -mthumb -I. -IGenerated_Source\PSoC4 -Wa,-alh=.\CortexM0\ARM_GCC_541\Debug/main.lst -g -D DEBUG -Wall -ffunction-sections -ffat-lto-objects -O0 -c main.c -o .\CortexM0\ARM_GCC_541\Debug\main.o
arm-none-eabi-gcc.exe -mcpu=cortex-m0 -mthumb -I. -IGenerated_Source\PSoC4 -Wa,-alh=.\CortexM0\ARM_GCC_541\Debug/cyfitter_cfg.lst -g -D DEBUG -Wall -ffunction-sections -ffat-lto-objects -O0 -c Generated_Source\PSoC4\cyfitter_cfg.c -o .\CortexM0\ARM_GCC_541\Debug\cyfitter_cfg.o
arm-none-eabi-gcc.exe -mcpu=cortex-m0 -mthumb -I. -IGenerated_Source\PSoC4 -Wa,-alh=.\CortexM0\ARM_GCC_541\Debug/SW2.lst -g -D DEBUG -Wall -ffunction-sections -ffat-lto-objects -O0 -c Generated_Source\PSoC4\SW2.c -o .\CortexM0\ARM_GCC_541\Debug\SW2.o
arm-none-eabi-gcc.exe -mcpu=cortex-m0 -mthumb -I. -IGenerated_Source\PSoC4 -Wa,-alh=.\CortexM0\ARM_GCC_541\Debug/SW2_PM.lst -g -D DEBUG -Wall -ffunction-sections -ffat-lto-objects -O0 -c Generated_Source\PSoC4\SW2_PM.c -o .\CortexM0\ARM_GCC_541\Debug\SW2_PM.o
arm-none-eabi-gcc.exe -mcpu=cortex-m0 -mthumb -I. -IGenerated_Source\PSoC4 -Wa,-alh=.\CortexM0\ARM_GCC_541\Debug/Iout.lst -g -D DEBUG -Wall -ffunction-sections -ffat-lto-objects -O0 -c Generated_Source\PSoC4\Iout.c -o .\CortexM0\ARM_GCC_541\Debug\Iout.o
arm-none-eabi-gcc.exe -mcpu=cortex-m0 -mthumb -I. -IGenerated_Source\PSoC4 -Wa,-alh=.\CortexM0\ARM_GCC_541\Debug/Iout_PM.lst -g -D DEBUG -Wall -ffunction-sections -ffat-lto-objects -O0 -c Generated_Source\PSoC4\Iout_PM.c -o .\CortexM0\ARM_GCC_541\Debug\Iout_PM.o
arm-none-eabi-gcc.exe -mcpu=cortex-m0 -mthumb -I. -IGenerated_Source\PSoC4 -Wa,-alh=.\CortexM0\ARM_GCC_541\Debug/IDAC8.lst -g -D DEBUG -Wall -ffunction-sections -ffat-lto-objects -O0 -c Generated_Source\PSoC4\IDAC8.c -o .\CortexM0\ARM_GCC_541\Debug\IDAC8.o
arm-none-eabi-gcc.exe -mcpu=cortex-m0 -mthumb -I. -IGenerated_Source\PSoC4 -Wa,-alh=.\CortexM0\ARM_GCC_541\Debug/IDAC8_PM.lst -g -D DEBUG -Wall -ffunction-sections -ffat-lto-objects -O0 -c Generated_Source\PSoC4\IDAC8_PM.c -o .\CortexM0\ARM_GCC_541\Debug\IDAC8_PM.o
arm-none-eabi-gcc.exe -mcpu=cortex-m0 -mthumb -I. -IGenerated_Source\PSoC4 -Wa,-alh=.\CortexM0\ARM_GCC_541\Debug/Cm0Start.lst -g -D DEBUG -Wall -ffunction-sections -ffat-lto-objects -O0 -c Generated_Source\PSoC4\Cm0Start.c -o .\CortexM0\ARM_GCC_541\Debug\Cm0Start.o
arm-none-eabi-gcc.exe -mcpu=cortex-m0 -mthumb -I. -IGenerated_Source\PSoC4 -Wa,-alh=.\CortexM0\ARM_GCC_541\Debug/CyFlash.lst -g -D DEBUG -Wall -ffunction-sections -ffat-lto-objects -O0 -c Generated_Source\PSoC4\CyFlash.c -o .\CortexM0\ARM_GCC_541\Debug\CyFlash.o
arm-none-eabi-gcc.exe -mcpu=cortex-m0 -mthumb -I. -IGenerated_Source\PSoC4 -Wa,-alh=.\CortexM0\ARM_GCC_541\Debug/CyLib.lst -g -D DEBUG -Wall -ffunction-sections -ffat-lto-objects -O0 -c Generated_Source\PSoC4\CyLib.c -o .\CortexM0\ARM_GCC_541\Debug\CyLib.o
arm-none-eabi-gcc.exe -mcpu=cortex-m0 -mthumb -I. -IGenerated_Source\PSoC4 -Wa,-alh=.\CortexM0\ARM_GCC_541\Debug/cyPm.lst -g -D DEBUG -Wall -ffunction-sections -ffat-lto-objects -O0 -c Generated_Source\PSoC4\cyPm.c -o .\CortexM0\ARM_GCC_541\Debug\cyPm.o
arm-none-eabi-gcc.exe -mcpu=cortex-m0 -mthumb -I. -IGenerated_Source\PSoC4 -Wa,-alh=.\CortexM0\ARM_GCC_541\Debug/cyutils.lst -g -D DEBUG -Wall -ffunction-sections -ffat-lto-objects -O0 -c Generated_Source\PSoC4\cyutils.c -o .\CortexM0\ARM_GCC_541\Debug\cyutils.o
arm-none-eabi-gcc.exe -mcpu=cortex-m0 -mthumb -I. -IGenerated_Source\PSoC4 -Wa,-alh=.\CortexM0\ARM_GCC_541\Debug/CyLFClk.lst -g -D DEBUG -Wall -ffunction-sections -ffat-lto-objects -O0 -c Generated_Source\PSoC4\CyLFClk.c -o .\CortexM0\ARM_GCC_541\Debug\CyLFClk.o
arm-none-eabi-gcc.exe -mcpu=cortex-m0 -mthumb -I. -IGenerated_Source\PSoC4 -Wa,-alh=.\CortexM0\ARM_GCC_541\Debug/cy_em_eeprom.lst -g -D DEBUG -Wall -ffunction-sections -ffat-lto-objects -O0 -c Generated_Source\PSoC4\cy_em_eeprom.c -o .\CortexM0\ARM_GCC_541\Debug\cy_em_eeprom.o
arm-none-eabi-as.exe -mcpu=cortex-m0 -mthumb -I. -IGenerated_Source\PSoC4 -alh=.\CortexM0\ARM_GCC_541\Debug/CyBootAsmGnu.lst -g -o .\CortexM0\ARM_GCC_541\Debug\CyBootAsmGnu.o Generated_Source\PSoC4\CyBootAsmGnu.s
arm-none-eabi-ar.exe -rs .\CortexM0\ARM_GCC_541\Debug\PSoC4_Current_Digital_to_Analog_Converter02.a .\CortexM0\ARM_GCC_541\Debug\SW2.o .\CortexM0\ARM_GCC_541\Debug\SW2_PM.o .\CortexM0\ARM_GCC_541\Debug\Iout.o .\CortexM0\ARM_GCC_541\Debug\Iout_PM.o .\CortexM0\ARM_GCC_541\Debug\IDAC8.o .\CortexM0\ARM_GCC_541\Debug\IDAC8_PM.o .\CortexM0\ARM_GCC_541\Debug\CyFlash.o .\CortexM0\ARM_GCC_541\Debug\CyLib.o .\CortexM0\ARM_GCC_541\Debug\cyPm.o .\CortexM0\ARM_GCC_541\Debug\cyutils.o .\CortexM0\ARM_GCC_541\Debug\CyLFClk.o .\CortexM0\ARM_GCC_541\Debug\cy_em_eeprom.o .\CortexM0\ARM_GCC_541\Debug\CyBootAsmGnu.o
arm-none-eabi-ar.exe: creating .\CortexM0\ARM_GCC_541\Debug\PSoC4_Current_Digital_to_Analog_Converter02.a
arm-none-eabi-gcc.exe -Wl,--start-group -o "C:\Users\Lars\Documents\PSoC Creator\Workspace01\P4_SingleDiode.cydsn\PSoC4_Current_Digital_to_Analog_Converter02.cydsn\CortexM0\ARM_GCC_541\Debug\PSoC4_Current_Digital_to_Analog_Converter02.elf" .\CortexM0\ARM_GCC_541\Debug\main.o .\CortexM0\ARM_GCC_541\Debug\cyfitter_cfg.o .\CortexM0\ARM_GCC_541\Debug\cymetadata.o .\CortexM0\ARM_GCC_541\Debug\Cm0Start.o .\CortexM0\ARM_GCC_541\Debug\PSoC4_Current_Digital_to_Analog_Converter02.a -mcpu=cortex-m0 -mthumb -L Generated_Source\PSoC4 -Wl,-Map,.\CortexM0\ARM_GCC_541\Debug/PSoC4_Current_Digital_to_Analog_Converter02.map -T Generated_Source\PSoC4\cm0gcc.ld -specs=nano.specs -Wl,--gc-sections -g -ffunction-sections -O0 -ffat-lto-objects -Wl,--end-group
cyelftool.exe -C "C:\Users\Lars\Documents\PSoC Creator\Workspace01\P4_SingleDiode.cydsn\PSoC4_Current_Digital_to_Analog_Converter02.cydsn\CortexM0\ARM_GCC_541\Debug\PSoC4_Current_Digital_to_Analog_Converter02.elf" --flash_row_size 128 --flash_size 32768 --flash_offset 0x00000000
No ELF section .cychecksum found, creating one
Application checksum calculated and stored in ELF section .cychecksum
Checksum calculated and stored in ELF section .cymeta
cyelftool.exe -S "C:\Users\Lars\Documents\PSoC Creator\Workspace01\P4_SingleDiode.cydsn\PSoC4_Current_Digital_to_Analog_Converter02.cydsn\CortexM0\ARM_GCC_541\Debug\PSoC4_Current_Digital_to_Analog_Converter02.elf"
Flash used: 2440 of 32768 bytes (7,4 %).
SRAM used: 1636 of 4096 bytes (39,9 %). Stack: 1024 bytes. Heap: 256 bytes.
--------------- Build Succeeded: 07/25/2019 15:33:54 ---------------
