ARM GAS  C:\Users\Lars\AppData\Local\Temp\ccSfIcje.s 			page 1


   1              		.syntax unified
   2              		.cpu cortex-m0
   3              		.fpu softvfp
   4              		.eabi_attribute 20, 1
   5              		.eabi_attribute 21, 1
   6              		.eabi_attribute 23, 3
   7              		.eabi_attribute 24, 1
   8              		.eabi_attribute 25, 1
   9              		.eabi_attribute 26, 1
  10              		.eabi_attribute 30, 6
  11              		.eabi_attribute 34, 0
  12              		.eabi_attribute 18, 4
  13              		.thumb
  14              		.syntax unified
  15              		.file	"cyfitter_cfg.c"
  16              		.text
  17              	.Ltext0:
  18              		.cfi_sections	.debug_frame
  19              		.section	.text.CYMEMZERO,"ax",%progbits
  20              		.align	2
  21              		.code	16
  22              		.thumb_func
  23              		.type	CYMEMZERO, %function
  24              	CYMEMZERO:
  25              	.LFB0:
  26              		.file 1 "Generated_Source\\PSoC4\\cyfitter_cfg.c"
   1:Generated_Source\PSoC4/cyfitter_cfg.c **** 
   2:Generated_Source\PSoC4/cyfitter_cfg.c **** /*******************************************************************************
   3:Generated_Source\PSoC4/cyfitter_cfg.c **** * File Name: cyfitter_cfg.c
   4:Generated_Source\PSoC4/cyfitter_cfg.c **** * 
   5:Generated_Source\PSoC4/cyfitter_cfg.c **** * PSoC Creator  4.2
   6:Generated_Source\PSoC4/cyfitter_cfg.c **** *
   7:Generated_Source\PSoC4/cyfitter_cfg.c **** * Description:
   8:Generated_Source\PSoC4/cyfitter_cfg.c **** * This file contains device initialization code.
   9:Generated_Source\PSoC4/cyfitter_cfg.c **** * Except for the user defined sections in CyClockStartupError(), this file should not be modified.
  10:Generated_Source\PSoC4/cyfitter_cfg.c **** * This file is automatically generated by PSoC Creator.
  11:Generated_Source\PSoC4/cyfitter_cfg.c **** *
  12:Generated_Source\PSoC4/cyfitter_cfg.c **** ********************************************************************************
  13:Generated_Source\PSoC4/cyfitter_cfg.c **** * Copyright (c) 2007-2018 Cypress Semiconductor.  All rights reserved.
  14:Generated_Source\PSoC4/cyfitter_cfg.c **** * You may use this file only in accordance with the license, terms, conditions, 
  15:Generated_Source\PSoC4/cyfitter_cfg.c **** * disclaimers, and limitations in the end user license agreement accompanying 
  16:Generated_Source\PSoC4/cyfitter_cfg.c **** * the software package with which this file was provided.
  17:Generated_Source\PSoC4/cyfitter_cfg.c **** ********************************************************************************/
  18:Generated_Source\PSoC4/cyfitter_cfg.c **** 
  19:Generated_Source\PSoC4/cyfitter_cfg.c **** #include <string.h>
  20:Generated_Source\PSoC4/cyfitter_cfg.c **** #include "cytypes.h"
  21:Generated_Source\PSoC4/cyfitter_cfg.c **** #include "cydevice_trm.h"
  22:Generated_Source\PSoC4/cyfitter_cfg.c **** #include "cyfitter.h"
  23:Generated_Source\PSoC4/cyfitter_cfg.c **** #include "CyLib.h"
  24:Generated_Source\PSoC4/cyfitter_cfg.c **** #include "cyfitter_cfg.h"
  25:Generated_Source\PSoC4/cyfitter_cfg.c **** #include "cyapicallbacks.h"
  26:Generated_Source\PSoC4/cyfitter_cfg.c **** 
  27:Generated_Source\PSoC4/cyfitter_cfg.c **** 
  28:Generated_Source\PSoC4/cyfitter_cfg.c **** #if defined(__GNUC__) || defined(__ARMCC_VERSION)
  29:Generated_Source\PSoC4/cyfitter_cfg.c ****     #define CYPACKED 
  30:Generated_Source\PSoC4/cyfitter_cfg.c ****     #define CYPACKED_ATTR __attribute__ ((packed))
  31:Generated_Source\PSoC4/cyfitter_cfg.c ****     #define CYALIGNED __attribute__ ((aligned))
ARM GAS  C:\Users\Lars\AppData\Local\Temp\ccSfIcje.s 			page 2


  32:Generated_Source\PSoC4/cyfitter_cfg.c ****     #define CY_CFG_UNUSED __attribute__ ((unused))
  33:Generated_Source\PSoC4/cyfitter_cfg.c ****     #ifndef CY_CFG_SECTION
  34:Generated_Source\PSoC4/cyfitter_cfg.c ****         #define CY_CFG_SECTION __attribute__ ((section(".psocinit")))
  35:Generated_Source\PSoC4/cyfitter_cfg.c ****     #endif
  36:Generated_Source\PSoC4/cyfitter_cfg.c ****     
  37:Generated_Source\PSoC4/cyfitter_cfg.c ****     #if defined(__ARMCC_VERSION)
  38:Generated_Source\PSoC4/cyfitter_cfg.c ****         #define CY_CFG_MEMORY_BARRIER() __memory_changed()
  39:Generated_Source\PSoC4/cyfitter_cfg.c ****     #else
  40:Generated_Source\PSoC4/cyfitter_cfg.c ****         #define CY_CFG_MEMORY_BARRIER() __sync_synchronize()
  41:Generated_Source\PSoC4/cyfitter_cfg.c ****     #endif
  42:Generated_Source\PSoC4/cyfitter_cfg.c ****     
  43:Generated_Source\PSoC4/cyfitter_cfg.c **** #elif defined(__ICCARM__)
  44:Generated_Source\PSoC4/cyfitter_cfg.c ****     #include <intrinsics.h>
  45:Generated_Source\PSoC4/cyfitter_cfg.c **** 
  46:Generated_Source\PSoC4/cyfitter_cfg.c ****     #define CYPACKED __packed
  47:Generated_Source\PSoC4/cyfitter_cfg.c ****     #define CYPACKED_ATTR 
  48:Generated_Source\PSoC4/cyfitter_cfg.c ****     #define CYALIGNED _Pragma("data_alignment=4")
  49:Generated_Source\PSoC4/cyfitter_cfg.c ****     #define CY_CFG_UNUSED _Pragma("diag_suppress=Pe177")
  50:Generated_Source\PSoC4/cyfitter_cfg.c ****     #define CY_CFG_SECTION _Pragma("location=\".psocinit\"")
  51:Generated_Source\PSoC4/cyfitter_cfg.c ****     
  52:Generated_Source\PSoC4/cyfitter_cfg.c ****     #define CY_CFG_MEMORY_BARRIER() __DMB()
  53:Generated_Source\PSoC4/cyfitter_cfg.c ****     
  54:Generated_Source\PSoC4/cyfitter_cfg.c **** #else
  55:Generated_Source\PSoC4/cyfitter_cfg.c ****     #error Unsupported toolchain
  56:Generated_Source\PSoC4/cyfitter_cfg.c **** #endif
  57:Generated_Source\PSoC4/cyfitter_cfg.c **** 
  58:Generated_Source\PSoC4/cyfitter_cfg.c **** #ifndef CYCODE
  59:Generated_Source\PSoC4/cyfitter_cfg.c ****     #define CYCODE
  60:Generated_Source\PSoC4/cyfitter_cfg.c **** #endif
  61:Generated_Source\PSoC4/cyfitter_cfg.c **** #ifndef CYDATA
  62:Generated_Source\PSoC4/cyfitter_cfg.c ****     #define CYDATA
  63:Generated_Source\PSoC4/cyfitter_cfg.c **** #endif
  64:Generated_Source\PSoC4/cyfitter_cfg.c **** #ifndef CYFAR
  65:Generated_Source\PSoC4/cyfitter_cfg.c ****     #define CYFAR
  66:Generated_Source\PSoC4/cyfitter_cfg.c **** #endif
  67:Generated_Source\PSoC4/cyfitter_cfg.c **** #ifndef CYXDATA
  68:Generated_Source\PSoC4/cyfitter_cfg.c ****     #define CYXDATA
  69:Generated_Source\PSoC4/cyfitter_cfg.c **** #endif
  70:Generated_Source\PSoC4/cyfitter_cfg.c **** 
  71:Generated_Source\PSoC4/cyfitter_cfg.c **** 
  72:Generated_Source\PSoC4/cyfitter_cfg.c **** CY_CFG_UNUSED
  73:Generated_Source\PSoC4/cyfitter_cfg.c **** static void CYMEMZERO(void *s, size_t n);
  74:Generated_Source\PSoC4/cyfitter_cfg.c **** CY_CFG_UNUSED
  75:Generated_Source\PSoC4/cyfitter_cfg.c **** static void CYMEMZERO(void *s, size_t n)
  76:Generated_Source\PSoC4/cyfitter_cfg.c **** {
  27              		.loc 1 76 0
  28              		.cfi_startproc
  29              		@ args = 0, pretend = 0, frame = 8
  30              		@ frame_needed = 1, uses_anonymous_args = 0
  31 0000 80B5     		push	{r7, lr}
  32              		.cfi_def_cfa_offset 8
  33              		.cfi_offset 7, -8
  34              		.cfi_offset 14, -4
  35 0002 82B0     		sub	sp, sp, #8
  36              		.cfi_def_cfa_offset 16
  37 0004 00AF     		add	r7, sp, #0
  38              		.cfi_def_cfa_register 7
ARM GAS  C:\Users\Lars\AppData\Local\Temp\ccSfIcje.s 			page 3


  39 0006 7860     		str	r0, [r7, #4]
  40 0008 3960     		str	r1, [r7]
  77:Generated_Source\PSoC4/cyfitter_cfg.c **** 	(void)memset(s, 0, n);
  41              		.loc 1 77 0
  42 000a 3A68     		ldr	r2, [r7]
  43 000c 7B68     		ldr	r3, [r7, #4]
  44 000e 0021     		movs	r1, #0
  45 0010 1800     		movs	r0, r3
  46 0012 FFF7FEFF 		bl	memset
  78:Generated_Source\PSoC4/cyfitter_cfg.c **** }
  47              		.loc 1 78 0
  48 0016 C046     		nop
  49 0018 BD46     		mov	sp, r7
  50 001a 02B0     		add	sp, sp, #8
  51              		@ sp needed
  52 001c 80BD     		pop	{r7, pc}
  53              		.cfi_endproc
  54              	.LFE0:
  55              		.size	CYMEMZERO, .-CYMEMZERO
  56 001e C046     		.section	.text.CYCONFIGCPY,"ax",%progbits
  57              		.align	2
  58              		.code	16
  59              		.thumb_func
  60              		.type	CYCONFIGCPY, %function
  61              	CYCONFIGCPY:
  62              	.LFB1:
  79:Generated_Source\PSoC4/cyfitter_cfg.c **** CY_CFG_UNUSED
  80:Generated_Source\PSoC4/cyfitter_cfg.c **** static void CYCONFIGCPY(void *dest, const void *src, size_t n);
  81:Generated_Source\PSoC4/cyfitter_cfg.c **** CY_CFG_UNUSED
  82:Generated_Source\PSoC4/cyfitter_cfg.c **** static void CYCONFIGCPY(void *dest, const void *src, size_t n)
  83:Generated_Source\PSoC4/cyfitter_cfg.c **** {
  63              		.loc 1 83 0
  64              		.cfi_startproc
  65              		@ args = 0, pretend = 0, frame = 16
  66              		@ frame_needed = 1, uses_anonymous_args = 0
  67 0000 80B5     		push	{r7, lr}
  68              		.cfi_def_cfa_offset 8
  69              		.cfi_offset 7, -8
  70              		.cfi_offset 14, -4
  71 0002 84B0     		sub	sp, sp, #16
  72              		.cfi_def_cfa_offset 24
  73 0004 00AF     		add	r7, sp, #0
  74              		.cfi_def_cfa_register 7
  75 0006 F860     		str	r0, [r7, #12]
  76 0008 B960     		str	r1, [r7, #8]
  77 000a 7A60     		str	r2, [r7, #4]
  84:Generated_Source\PSoC4/cyfitter_cfg.c **** 	(void)memcpy(dest, src, n);
  78              		.loc 1 84 0
  79 000c 7A68     		ldr	r2, [r7, #4]
  80 000e B968     		ldr	r1, [r7, #8]
  81 0010 FB68     		ldr	r3, [r7, #12]
  82 0012 1800     		movs	r0, r3
  83 0014 FFF7FEFF 		bl	memcpy
  85:Generated_Source\PSoC4/cyfitter_cfg.c **** }
  84              		.loc 1 85 0
  85 0018 C046     		nop
  86 001a BD46     		mov	sp, r7
ARM GAS  C:\Users\Lars\AppData\Local\Temp\ccSfIcje.s 			page 4


  87 001c 04B0     		add	sp, sp, #16
  88              		@ sp needed
  89 001e 80BD     		pop	{r7, pc}
  90              		.cfi_endproc
  91              	.LFE1:
  92              		.size	CYCONFIGCPY, .-CYCONFIGCPY
  93              		.section	.text.CYCONFIGCPYCODE,"ax",%progbits
  94              		.align	2
  95              		.code	16
  96              		.thumb_func
  97              		.type	CYCONFIGCPYCODE, %function
  98              	CYCONFIGCPYCODE:
  99              	.LFB2:
  86:Generated_Source\PSoC4/cyfitter_cfg.c **** CY_CFG_UNUSED
  87:Generated_Source\PSoC4/cyfitter_cfg.c **** static void CYCONFIGCPYCODE(void *dest, const void *src, size_t n);
  88:Generated_Source\PSoC4/cyfitter_cfg.c **** CY_CFG_UNUSED
  89:Generated_Source\PSoC4/cyfitter_cfg.c **** static void CYCONFIGCPYCODE(void *dest, const void *src, size_t n)
  90:Generated_Source\PSoC4/cyfitter_cfg.c **** {
 100              		.loc 1 90 0
 101              		.cfi_startproc
 102              		@ args = 0, pretend = 0, frame = 16
 103              		@ frame_needed = 1, uses_anonymous_args = 0
 104 0000 80B5     		push	{r7, lr}
 105              		.cfi_def_cfa_offset 8
 106              		.cfi_offset 7, -8
 107              		.cfi_offset 14, -4
 108 0002 84B0     		sub	sp, sp, #16
 109              		.cfi_def_cfa_offset 24
 110 0004 00AF     		add	r7, sp, #0
 111              		.cfi_def_cfa_register 7
 112 0006 F860     		str	r0, [r7, #12]
 113 0008 B960     		str	r1, [r7, #8]
 114 000a 7A60     		str	r2, [r7, #4]
  91:Generated_Source\PSoC4/cyfitter_cfg.c **** 	(void)memcpy(dest, src, n);
 115              		.loc 1 91 0
 116 000c 7A68     		ldr	r2, [r7, #4]
 117 000e B968     		ldr	r1, [r7, #8]
 118 0010 FB68     		ldr	r3, [r7, #12]
 119 0012 1800     		movs	r0, r3
 120 0014 FFF7FEFF 		bl	memcpy
  92:Generated_Source\PSoC4/cyfitter_cfg.c **** }
 121              		.loc 1 92 0
 122 0018 C046     		nop
 123 001a BD46     		mov	sp, r7
 124 001c 04B0     		add	sp, sp, #16
 125              		@ sp needed
 126 001e 80BD     		pop	{r7, pc}
 127              		.cfi_endproc
 128              	.LFE2:
 129              		.size	CYCONFIGCPYCODE, .-CYCONFIGCPYCODE
 130              		.section	.text.cfg_write_bytes32,"ax",%progbits
 131              		.align	2
 132              		.code	16
 133              		.thumb_func
 134              		.type	cfg_write_bytes32, %function
 135              	cfg_write_bytes32:
 136              	.LFB3:
ARM GAS  C:\Users\Lars\AppData\Local\Temp\ccSfIcje.s 			page 5


  93:Generated_Source\PSoC4/cyfitter_cfg.c **** 
  94:Generated_Source\PSoC4/cyfitter_cfg.c **** 
  95:Generated_Source\PSoC4/cyfitter_cfg.c **** 
  96:Generated_Source\PSoC4/cyfitter_cfg.c **** 
  97:Generated_Source\PSoC4/cyfitter_cfg.c **** /* Clock startup error codes                                                   */
  98:Generated_Source\PSoC4/cyfitter_cfg.c **** #define CYCLOCKSTART_NO_ERROR    0u
  99:Generated_Source\PSoC4/cyfitter_cfg.c **** #define CYCLOCKSTART_XTAL_ERROR  1u
 100:Generated_Source\PSoC4/cyfitter_cfg.c **** #define CYCLOCKSTART_32KHZ_ERROR 2u
 101:Generated_Source\PSoC4/cyfitter_cfg.c **** #define CYCLOCKSTART_PLL_ERROR   3u
 102:Generated_Source\PSoC4/cyfitter_cfg.c **** #define CYCLOCKSTART_FLL_ERROR   4u
 103:Generated_Source\PSoC4/cyfitter_cfg.c **** #define CYCLOCKSTART_WCO_ERROR   5u
 104:Generated_Source\PSoC4/cyfitter_cfg.c **** 
 105:Generated_Source\PSoC4/cyfitter_cfg.c **** 
 106:Generated_Source\PSoC4/cyfitter_cfg.c **** #ifdef CY_NEED_CYCLOCKSTARTUPERROR
 107:Generated_Source\PSoC4/cyfitter_cfg.c **** /*******************************************************************************
 108:Generated_Source\PSoC4/cyfitter_cfg.c **** * Function Name: CyClockStartupError
 109:Generated_Source\PSoC4/cyfitter_cfg.c **** ********************************************************************************
 110:Generated_Source\PSoC4/cyfitter_cfg.c **** * Summary:
 111:Generated_Source\PSoC4/cyfitter_cfg.c **** *  If an error is encountered during clock configuration (crystal startup error,
 112:Generated_Source\PSoC4/cyfitter_cfg.c **** *  PLL lock error, etc.), the system will end up here.  Unless reimplemented by
 113:Generated_Source\PSoC4/cyfitter_cfg.c **** *  the customer, this function will stop in an infinite loop.
 114:Generated_Source\PSoC4/cyfitter_cfg.c **** *
 115:Generated_Source\PSoC4/cyfitter_cfg.c **** * Parameters:
 116:Generated_Source\PSoC4/cyfitter_cfg.c **** *   void
 117:Generated_Source\PSoC4/cyfitter_cfg.c **** *
 118:Generated_Source\PSoC4/cyfitter_cfg.c **** * Return:
 119:Generated_Source\PSoC4/cyfitter_cfg.c **** *   void
 120:Generated_Source\PSoC4/cyfitter_cfg.c **** *
 121:Generated_Source\PSoC4/cyfitter_cfg.c **** *******************************************************************************/
 122:Generated_Source\PSoC4/cyfitter_cfg.c **** CY_CFG_UNUSED
 123:Generated_Source\PSoC4/cyfitter_cfg.c **** static void CyClockStartupError(uint8 errorCode);
 124:Generated_Source\PSoC4/cyfitter_cfg.c **** CY_CFG_UNUSED
 125:Generated_Source\PSoC4/cyfitter_cfg.c **** static void CyClockStartupError(uint8 errorCode)
 126:Generated_Source\PSoC4/cyfitter_cfg.c **** {
 127:Generated_Source\PSoC4/cyfitter_cfg.c ****     /* To remove the compiler warning if errorCode not used.                */
 128:Generated_Source\PSoC4/cyfitter_cfg.c ****     errorCode = errorCode;
 129:Generated_Source\PSoC4/cyfitter_cfg.c **** 
 130:Generated_Source\PSoC4/cyfitter_cfg.c ****     /* If we have a clock startup error (bad MHz crystal, PLL lock, etc.),  */
 131:Generated_Source\PSoC4/cyfitter_cfg.c ****     /* we will end up here to allow the customer to implement something to  */
 132:Generated_Source\PSoC4/cyfitter_cfg.c ****     /* deal with the clock condition.                                       */
 133:Generated_Source\PSoC4/cyfitter_cfg.c **** 
 134:Generated_Source\PSoC4/cyfitter_cfg.c **** #ifdef CY_CFG_CLOCK_STARTUP_ERROR_CALLBACK
 135:Generated_Source\PSoC4/cyfitter_cfg.c ****     CY_CFG_Clock_Startup_ErrorCallback();
 136:Generated_Source\PSoC4/cyfitter_cfg.c **** #else
 137:Generated_Source\PSoC4/cyfitter_cfg.c ****     /*  If not using CY_CFG_CLOCK_STARTUP_ERROR_CALLBACK, place your clock startup code here. */
 138:Generated_Source\PSoC4/cyfitter_cfg.c ****     /* `#START CyClockStartupError` */
 139:Generated_Source\PSoC4/cyfitter_cfg.c **** 
 140:Generated_Source\PSoC4/cyfitter_cfg.c **** 
 141:Generated_Source\PSoC4/cyfitter_cfg.c **** 
 142:Generated_Source\PSoC4/cyfitter_cfg.c ****     /* `#END` */
 143:Generated_Source\PSoC4/cyfitter_cfg.c **** 
 144:Generated_Source\PSoC4/cyfitter_cfg.c ****     while(1) {}
 145:Generated_Source\PSoC4/cyfitter_cfg.c **** #endif /* CY_CFG_CLOCK_STARTUP_ERROR_CALLBACK */
 146:Generated_Source\PSoC4/cyfitter_cfg.c **** }
 147:Generated_Source\PSoC4/cyfitter_cfg.c **** #endif
 148:Generated_Source\PSoC4/cyfitter_cfg.c **** 
 149:Generated_Source\PSoC4/cyfitter_cfg.c **** #define CY_CFG_BASE_ADDR_COUNT 6u
ARM GAS  C:\Users\Lars\AppData\Local\Temp\ccSfIcje.s 			page 6


 150:Generated_Source\PSoC4/cyfitter_cfg.c **** CYPACKED typedef struct
 151:Generated_Source\PSoC4/cyfitter_cfg.c **** {
 152:Generated_Source\PSoC4/cyfitter_cfg.c **** 	uint8 offset;
 153:Generated_Source\PSoC4/cyfitter_cfg.c **** 	uint8 value;
 154:Generated_Source\PSoC4/cyfitter_cfg.c **** } CYPACKED_ATTR cy_cfg_addrvalue_t;
 155:Generated_Source\PSoC4/cyfitter_cfg.c **** 
 156:Generated_Source\PSoC4/cyfitter_cfg.c **** 
 157:Generated_Source\PSoC4/cyfitter_cfg.c **** 
 158:Generated_Source\PSoC4/cyfitter_cfg.c **** /*******************************************************************************
 159:Generated_Source\PSoC4/cyfitter_cfg.c **** * Function Name: cfg_write_bytes32
 160:Generated_Source\PSoC4/cyfitter_cfg.c **** ********************************************************************************
 161:Generated_Source\PSoC4/cyfitter_cfg.c **** * Summary:
 162:Generated_Source\PSoC4/cyfitter_cfg.c **** *  This function is used for setting up the chip configuration areas that
 163:Generated_Source\PSoC4/cyfitter_cfg.c **** *  contain relatively sparse data.
 164:Generated_Source\PSoC4/cyfitter_cfg.c **** *
 165:Generated_Source\PSoC4/cyfitter_cfg.c **** * Parameters:
 166:Generated_Source\PSoC4/cyfitter_cfg.c **** *   void
 167:Generated_Source\PSoC4/cyfitter_cfg.c **** *
 168:Generated_Source\PSoC4/cyfitter_cfg.c **** * Return:
 169:Generated_Source\PSoC4/cyfitter_cfg.c **** *   void
 170:Generated_Source\PSoC4/cyfitter_cfg.c **** *
 171:Generated_Source\PSoC4/cyfitter_cfg.c **** *******************************************************************************/
 172:Generated_Source\PSoC4/cyfitter_cfg.c **** static void cfg_write_bytes32(const uint32 addr_table[], const cy_cfg_addrvalue_t data_table[]);
 173:Generated_Source\PSoC4/cyfitter_cfg.c **** static void cfg_write_bytes32(const uint32 addr_table[], const cy_cfg_addrvalue_t data_table[])
 174:Generated_Source\PSoC4/cyfitter_cfg.c **** {
 137              		.loc 1 174 0
 138              		.cfi_startproc
 139              		@ args = 0, pretend = 0, frame = 24
 140              		@ frame_needed = 1, uses_anonymous_args = 0
 141 0000 80B5     		push	{r7, lr}
 142              		.cfi_def_cfa_offset 8
 143              		.cfi_offset 7, -8
 144              		.cfi_offset 14, -4
 145 0002 86B0     		sub	sp, sp, #24
 146              		.cfi_def_cfa_offset 32
 147 0004 00AF     		add	r7, sp, #0
 148              		.cfi_def_cfa_register 7
 149 0006 7860     		str	r0, [r7, #4]
 150 0008 3960     		str	r1, [r7]
 175:Generated_Source\PSoC4/cyfitter_cfg.c **** 	/* For 32-bit little-endian architectures */
 176:Generated_Source\PSoC4/cyfitter_cfg.c **** 	uint32 i, j = 0u;
 151              		.loc 1 176 0
 152 000a 0023     		movs	r3, #0
 153 000c 3B61     		str	r3, [r7, #16]
 177:Generated_Source\PSoC4/cyfitter_cfg.c **** 	for (i = 0u; i < CY_CFG_BASE_ADDR_COUNT; i++)
 154              		.loc 1 177 0
 155 000e 0023     		movs	r3, #0
 156 0010 7B61     		str	r3, [r7, #20]
 157 0012 2FE0     		b	.L5
 158              	.L8:
 159              	.LBB2:
 178:Generated_Source\PSoC4/cyfitter_cfg.c **** 	{
 179:Generated_Source\PSoC4/cyfitter_cfg.c **** 		uint32 baseAddr = addr_table[i];
 160              		.loc 1 179 0
 161 0014 7B69     		ldr	r3, [r7, #20]
 162 0016 9B00     		lsls	r3, r3, #2
 163 0018 7A68     		ldr	r2, [r7, #4]
ARM GAS  C:\Users\Lars\AppData\Local\Temp\ccSfIcje.s 			page 7


 164 001a D318     		adds	r3, r2, r3
 165 001c 1B68     		ldr	r3, [r3]
 166 001e BB60     		str	r3, [r7, #8]
 180:Generated_Source\PSoC4/cyfitter_cfg.c **** 		uint8 count = (uint8)baseAddr;
 167              		.loc 1 180 0
 168 0020 0F23     		movs	r3, #15
 169 0022 FB18     		adds	r3, r7, r3
 170 0024 BA68     		ldr	r2, [r7, #8]
 171 0026 1A70     		strb	r2, [r3]
 181:Generated_Source\PSoC4/cyfitter_cfg.c **** 		baseAddr &= 0xFFFFFF00u;
 172              		.loc 1 181 0
 173 0028 BB68     		ldr	r3, [r7, #8]
 174 002a FF22     		movs	r2, #255
 175 002c 9343     		bics	r3, r2
 176 002e BB60     		str	r3, [r7, #8]
 182:Generated_Source\PSoC4/cyfitter_cfg.c **** 		while (count != 0u)
 177              		.loc 1 182 0
 178 0030 18E0     		b	.L6
 179              	.L7:
 183:Generated_Source\PSoC4/cyfitter_cfg.c **** 		{
 184:Generated_Source\PSoC4/cyfitter_cfg.c **** 			CY_SET_REG8((void *)(baseAddr + data_table[j].offset), data_table[j].value);
 180              		.loc 1 184 0
 181 0032 3B69     		ldr	r3, [r7, #16]
 182 0034 5B00     		lsls	r3, r3, #1
 183 0036 3A68     		ldr	r2, [r7]
 184 0038 D318     		adds	r3, r2, r3
 185 003a 1B78     		ldrb	r3, [r3]
 186 003c 1A00     		movs	r2, r3
 187 003e BB68     		ldr	r3, [r7, #8]
 188 0040 D318     		adds	r3, r2, r3
 189 0042 1900     		movs	r1, r3
 190 0044 3B69     		ldr	r3, [r7, #16]
 191 0046 5B00     		lsls	r3, r3, #1
 192 0048 3A68     		ldr	r2, [r7]
 193 004a D318     		adds	r3, r2, r3
 194 004c 5B78     		ldrb	r3, [r3, #1]
 195 004e 0B70     		strb	r3, [r1]
 185:Generated_Source\PSoC4/cyfitter_cfg.c **** 			j++;
 196              		.loc 1 185 0
 197 0050 3B69     		ldr	r3, [r7, #16]
 198 0052 0133     		adds	r3, r3, #1
 199 0054 3B61     		str	r3, [r7, #16]
 186:Generated_Source\PSoC4/cyfitter_cfg.c **** 			count--;
 200              		.loc 1 186 0
 201 0056 0F23     		movs	r3, #15
 202 0058 FB18     		adds	r3, r7, r3
 203 005a 1A78     		ldrb	r2, [r3]
 204 005c 0F23     		movs	r3, #15
 205 005e FB18     		adds	r3, r7, r3
 206 0060 013A     		subs	r2, r2, #1
 207 0062 1A70     		strb	r2, [r3]
 208              	.L6:
 182:Generated_Source\PSoC4/cyfitter_cfg.c **** 		{
 209              		.loc 1 182 0
 210 0064 0F23     		movs	r3, #15
 211 0066 FB18     		adds	r3, r7, r3
 212 0068 1B78     		ldrb	r3, [r3]
ARM GAS  C:\Users\Lars\AppData\Local\Temp\ccSfIcje.s 			page 8


 213 006a 002B     		cmp	r3, #0
 214 006c E1D1     		bne	.L7
 215              	.LBE2:
 177:Generated_Source\PSoC4/cyfitter_cfg.c **** 	{
 216              		.loc 1 177 0 discriminator 2
 217 006e 7B69     		ldr	r3, [r7, #20]
 218 0070 0133     		adds	r3, r3, #1
 219 0072 7B61     		str	r3, [r7, #20]
 220              	.L5:
 177:Generated_Source\PSoC4/cyfitter_cfg.c **** 	{
 221              		.loc 1 177 0 is_stmt 0 discriminator 1
 222 0074 7B69     		ldr	r3, [r7, #20]
 223 0076 052B     		cmp	r3, #5
 224 0078 CCD9     		bls	.L8
 187:Generated_Source\PSoC4/cyfitter_cfg.c **** 		}
 188:Generated_Source\PSoC4/cyfitter_cfg.c **** 	}
 189:Generated_Source\PSoC4/cyfitter_cfg.c **** }
 225              		.loc 1 189 0 is_stmt 1
 226 007a C046     		nop
 227 007c BD46     		mov	sp, r7
 228 007e 06B0     		add	sp, sp, #24
 229              		@ sp needed
 230 0080 80BD     		pop	{r7, pc}
 231              		.cfi_endproc
 232              	.LFE3:
 233              		.size	cfg_write_bytes32, .-cfg_write_bytes32
 234 0082 C046     		.section	.psocinit,"ax",%progbits
 235              		.align	2
 236              		.code	16
 237              		.thumb_func
 238              		.type	ClockSetup, %function
 239              	ClockSetup:
 240              	.LFB4:
 190:Generated_Source\PSoC4/cyfitter_cfg.c **** 
 191:Generated_Source\PSoC4/cyfitter_cfg.c **** 
 192:Generated_Source\PSoC4/cyfitter_cfg.c **** /*******************************************************************************
 193:Generated_Source\PSoC4/cyfitter_cfg.c **** * Function Name: ClockSetup
 194:Generated_Source\PSoC4/cyfitter_cfg.c **** ********************************************************************************
 195:Generated_Source\PSoC4/cyfitter_cfg.c **** *
 196:Generated_Source\PSoC4/cyfitter_cfg.c **** * Summary:
 197:Generated_Source\PSoC4/cyfitter_cfg.c **** *   Performs the initialization of all of the clocks in the device based on the
 198:Generated_Source\PSoC4/cyfitter_cfg.c **** *   settings in the Clock tab of the DWR.  This includes enabling the requested
 199:Generated_Source\PSoC4/cyfitter_cfg.c **** *   clocks and setting the necessary dividers to produce the desired frequency. 
 200:Generated_Source\PSoC4/cyfitter_cfg.c **** *
 201:Generated_Source\PSoC4/cyfitter_cfg.c **** * Parameters:
 202:Generated_Source\PSoC4/cyfitter_cfg.c **** *   void
 203:Generated_Source\PSoC4/cyfitter_cfg.c **** *
 204:Generated_Source\PSoC4/cyfitter_cfg.c **** * Return:
 205:Generated_Source\PSoC4/cyfitter_cfg.c **** *   void
 206:Generated_Source\PSoC4/cyfitter_cfg.c **** *
 207:Generated_Source\PSoC4/cyfitter_cfg.c **** *******************************************************************************/
 208:Generated_Source\PSoC4/cyfitter_cfg.c **** static void ClockSetup(void);
 209:Generated_Source\PSoC4/cyfitter_cfg.c **** CY_CFG_SECTION
 210:Generated_Source\PSoC4/cyfitter_cfg.c **** static void ClockSetup(void)
 211:Generated_Source\PSoC4/cyfitter_cfg.c **** {
 241              		.loc 1 211 0
 242              		.cfi_startproc
ARM GAS  C:\Users\Lars\AppData\Local\Temp\ccSfIcje.s 			page 9


 243              		@ args = 0, pretend = 0, frame = 0
 244              		@ frame_needed = 1, uses_anonymous_args = 0
 245 0000 80B5     		push	{r7, lr}
 246              		.cfi_def_cfa_offset 8
 247              		.cfi_offset 7, -8
 248              		.cfi_offset 14, -4
 249 0002 00AF     		add	r7, sp, #0
 250              		.cfi_def_cfa_register 7
 212:Generated_Source\PSoC4/cyfitter_cfg.c **** 	/* Enable HALF_EN before trimming for the flash accelerator. */
 213:Generated_Source\PSoC4/cyfitter_cfg.c **** 	CY_SET_REG32((void CYXDATA *)(CYREG_CLK_SELECT), (CY_GET_REG32((void *)CYREG_CLK_SELECT) | 0x00040
 251              		.loc 1 213 0
 252 0004 0F4B     		ldr	r3, .L10
 253 0006 0F4A     		ldr	r2, .L10
 254 0008 1268     		ldr	r2, [r2]
 255 000a 8021     		movs	r1, #128
 256 000c C902     		lsls	r1, r1, #11
 257 000e 0A43     		orrs	r2, r1
 258 0010 1A60     		str	r2, [r3]
 214:Generated_Source\PSoC4/cyfitter_cfg.c **** 
 215:Generated_Source\PSoC4/cyfitter_cfg.c **** 	/* Setup and trim IMO based on desired frequency. */
 216:Generated_Source\PSoC4/cyfitter_cfg.c **** 	CySysClkWriteImoFreq(24u);
 259              		.loc 1 216 0
 260 0012 1820     		movs	r0, #24
 261 0014 FFF7FEFF 		bl	CySysClkWriteImoFreq
 217:Generated_Source\PSoC4/cyfitter_cfg.c **** 
 218:Generated_Source\PSoC4/cyfitter_cfg.c **** 	/* Disable HALF_EN since it is not required at this IMO frequency. */
 219:Generated_Source\PSoC4/cyfitter_cfg.c **** 	CY_SET_REG32((void CYXDATA *)(CYREG_CLK_SELECT), (CY_GET_REG32((void *)CYREG_CLK_SELECT) & 0xFFFBF
 262              		.loc 1 219 0
 263 0018 0A4B     		ldr	r3, .L10
 264 001a 0A4A     		ldr	r2, .L10
 265 001c 1268     		ldr	r2, [r2]
 266 001e 0A49     		ldr	r1, .L10+4
 267 0020 0A40     		ands	r2, r1
 268 0022 1A60     		str	r2, [r3]
 220:Generated_Source\PSoC4/cyfitter_cfg.c **** 	/* CYDEV_CLK_ILO_CONFIG Starting address: CYDEV_CLK_ILO_CONFIG */
 221:Generated_Source\PSoC4/cyfitter_cfg.c **** 	CY_SET_REG32((void *)(CYREG_CLK_ILO_CONFIG), 0x80000006u);
 269              		.loc 1 221 0
 270 0024 094B     		ldr	r3, .L10+8
 271 0026 0A4A     		ldr	r2, .L10+12
 272 0028 1A60     		str	r2, [r3]
 222:Generated_Source\PSoC4/cyfitter_cfg.c **** 
 223:Generated_Source\PSoC4/cyfitter_cfg.c **** 
 224:Generated_Source\PSoC4/cyfitter_cfg.c **** 	/* CYDEV_CLK_IMO_CONFIG Starting address: CYDEV_CLK_IMO_CONFIG */
 225:Generated_Source\PSoC4/cyfitter_cfg.c **** 	CY_SET_REG32((void *)(CYREG_CLK_IMO_CONFIG), 0x80000000u);
 273              		.loc 1 225 0
 274 002a 0A4B     		ldr	r3, .L10+16
 275 002c 8022     		movs	r2, #128
 276 002e 1206     		lsls	r2, r2, #24
 277 0030 1A60     		str	r2, [r3]
 226:Generated_Source\PSoC4/cyfitter_cfg.c **** 
 227:Generated_Source\PSoC4/cyfitter_cfg.c **** 	/* CYDEV_CLK_SELECT Starting address: CYDEV_CLK_SELECT */
 228:Generated_Source\PSoC4/cyfitter_cfg.c **** 	CY_SET_REG32((void *)(CYREG_CLK_SELECT), 0x00000000u);
 278              		.loc 1 228 0
 279 0032 044B     		ldr	r3, .L10
 280 0034 0022     		movs	r2, #0
 281 0036 1A60     		str	r2, [r3]
 229:Generated_Source\PSoC4/cyfitter_cfg.c **** 
ARM GAS  C:\Users\Lars\AppData\Local\Temp\ccSfIcje.s 			page 10


 230:Generated_Source\PSoC4/cyfitter_cfg.c **** 	CY_SET_REG32((void *)(CYREG_WDT_CONFIG), 0x00000000u);
 282              		.loc 1 230 0
 283 0038 074B     		ldr	r3, .L10+20
 284 003a 0022     		movs	r2, #0
 285 003c 1A60     		str	r2, [r3]
 231:Generated_Source\PSoC4/cyfitter_cfg.c **** }
 286              		.loc 1 231 0
 287 003e C046     		nop
 288 0040 BD46     		mov	sp, r7
 289              		@ sp needed
 290 0042 80BD     		pop	{r7, pc}
 291              	.L11:
 292              		.align	2
 293              	.L10:
 294 0044 00010B40 		.word	1074462976
 295 0048 FFFFFBFF 		.word	-262145
 296 004c 04010B40 		.word	1074462980
 297 0050 06000080 		.word	-2147483642
 298 0054 08010B40 		.word	1074462984
 299 0058 0C020B40 		.word	1074463244
 300              		.cfi_endproc
 301              	.LFE4:
 302              		.size	ClockSetup, .-ClockSetup
 303              		.section	.text.AnalogSetDefault,"ax",%progbits
 304              		.align	2
 305              		.code	16
 306              		.thumb_func
 307              		.type	AnalogSetDefault, %function
 308              	AnalogSetDefault:
 309              	.LFB5:
 232:Generated_Source\PSoC4/cyfitter_cfg.c **** 
 233:Generated_Source\PSoC4/cyfitter_cfg.c **** 
 234:Generated_Source\PSoC4/cyfitter_cfg.c **** /* Analog API Functions */
 235:Generated_Source\PSoC4/cyfitter_cfg.c **** 
 236:Generated_Source\PSoC4/cyfitter_cfg.c **** 
 237:Generated_Source\PSoC4/cyfitter_cfg.c **** /*******************************************************************************
 238:Generated_Source\PSoC4/cyfitter_cfg.c **** * Function Name: AnalogSetDefault
 239:Generated_Source\PSoC4/cyfitter_cfg.c **** ********************************************************************************
 240:Generated_Source\PSoC4/cyfitter_cfg.c **** *
 241:Generated_Source\PSoC4/cyfitter_cfg.c **** * Summary:
 242:Generated_Source\PSoC4/cyfitter_cfg.c **** *  Sets up the analog portions of the chip to default values based on chip
 243:Generated_Source\PSoC4/cyfitter_cfg.c **** *  configuration options from the project.
 244:Generated_Source\PSoC4/cyfitter_cfg.c **** *
 245:Generated_Source\PSoC4/cyfitter_cfg.c **** * Parameters:
 246:Generated_Source\PSoC4/cyfitter_cfg.c **** *  void
 247:Generated_Source\PSoC4/cyfitter_cfg.c **** *
 248:Generated_Source\PSoC4/cyfitter_cfg.c **** * Return:
 249:Generated_Source\PSoC4/cyfitter_cfg.c **** *  void
 250:Generated_Source\PSoC4/cyfitter_cfg.c **** *
 251:Generated_Source\PSoC4/cyfitter_cfg.c **** *******************************************************************************/
 252:Generated_Source\PSoC4/cyfitter_cfg.c **** static void AnalogSetDefault(void);
 253:Generated_Source\PSoC4/cyfitter_cfg.c **** static void AnalogSetDefault(void)
 254:Generated_Source\PSoC4/cyfitter_cfg.c **** {
 310              		.loc 1 254 0
 311              		.cfi_startproc
 312              		@ args = 0, pretend = 0, frame = 0
 313              		@ frame_needed = 1, uses_anonymous_args = 0
ARM GAS  C:\Users\Lars\AppData\Local\Temp\ccSfIcje.s 			page 11


 314 0000 80B5     		push	{r7, lr}
 315              		.cfi_def_cfa_offset 8
 316              		.cfi_offset 7, -8
 317              		.cfi_offset 14, -4
 318 0002 00AF     		add	r7, sp, #0
 319              		.cfi_def_cfa_register 7
 255:Generated_Source\PSoC4/cyfitter_cfg.c **** }
 320              		.loc 1 255 0
 321 0004 C046     		nop
 322 0006 BD46     		mov	sp, r7
 323              		@ sp needed
 324 0008 80BD     		pop	{r7, pc}
 325              		.cfi_endproc
 326              	.LFE5:
 327              		.size	AnalogSetDefault, .-AnalogSetDefault
 328 000a C046     		.section	.psocinit
 329              		.align	2
 330              		.global	cyfitter_cfg
 331              		.code	16
 332              		.thumb_func
 333              		.type	cyfitter_cfg, %function
 334              	cyfitter_cfg:
 335              	.LFB6:
 256:Generated_Source\PSoC4/cyfitter_cfg.c **** 
 257:Generated_Source\PSoC4/cyfitter_cfg.c **** 
 258:Generated_Source\PSoC4/cyfitter_cfg.c **** 
 259:Generated_Source\PSoC4/cyfitter_cfg.c **** 
 260:Generated_Source\PSoC4/cyfitter_cfg.c **** /*******************************************************************************
 261:Generated_Source\PSoC4/cyfitter_cfg.c **** * Function Name: cyfitter_cfg
 262:Generated_Source\PSoC4/cyfitter_cfg.c **** ********************************************************************************
 263:Generated_Source\PSoC4/cyfitter_cfg.c **** * Summary:
 264:Generated_Source\PSoC4/cyfitter_cfg.c **** *  This function is called by the start-up code for the selected device. It
 265:Generated_Source\PSoC4/cyfitter_cfg.c **** *  performs all of the necessary device configuration based on the design
 266:Generated_Source\PSoC4/cyfitter_cfg.c **** *  settings.  This includes settings from the Design Wide Resources (DWR) such
 267:Generated_Source\PSoC4/cyfitter_cfg.c **** *  as Clocks and Pins as well as any component configuration that is necessary.
 268:Generated_Source\PSoC4/cyfitter_cfg.c **** *
 269:Generated_Source\PSoC4/cyfitter_cfg.c **** * Parameters:
 270:Generated_Source\PSoC4/cyfitter_cfg.c **** *   void
 271:Generated_Source\PSoC4/cyfitter_cfg.c **** *
 272:Generated_Source\PSoC4/cyfitter_cfg.c **** * Return:
 273:Generated_Source\PSoC4/cyfitter_cfg.c **** *   void
 274:Generated_Source\PSoC4/cyfitter_cfg.c **** *
 275:Generated_Source\PSoC4/cyfitter_cfg.c **** *******************************************************************************/
 276:Generated_Source\PSoC4/cyfitter_cfg.c **** CY_CFG_SECTION
 277:Generated_Source\PSoC4/cyfitter_cfg.c **** void cyfitter_cfg(void)
 278:Generated_Source\PSoC4/cyfitter_cfg.c **** {
 336              		.loc 1 278 0
 337              		.cfi_startproc
 338              		@ args = 0, pretend = 0, frame = 8
 339              		@ frame_needed = 1, uses_anonymous_args = 0
 340 005c 80B5     		push	{r7, lr}
 341              		.cfi_def_cfa_offset 8
 342              		.cfi_offset 7, -8
 343              		.cfi_offset 14, -4
 344 005e 82B0     		sub	sp, sp, #8
 345              		.cfi_def_cfa_offset 16
 346 0060 00AF     		add	r7, sp, #0
ARM GAS  C:\Users\Lars\AppData\Local\Temp\ccSfIcje.s 			page 12


 347              		.cfi_def_cfa_register 7
 279:Generated_Source\PSoC4/cyfitter_cfg.c **** 	/* Disable interrupts by default. Let user enable if/when they want. */
 280:Generated_Source\PSoC4/cyfitter_cfg.c **** 	CyGlobalIntDisable;
 348              		.loc 1 280 0
 349              		.syntax divided
 350              	@ 280 "Generated_Source\PSoC4\cyfitter_cfg.c" 1
 351 0062 72B6     		CPSID   i
 352              	@ 0 "" 2
 353              		.thumb
 354              		.syntax unified
 355              	.LBB3:
 281:Generated_Source\PSoC4/cyfitter_cfg.c **** 
 282:Generated_Source\PSoC4/cyfitter_cfg.c **** 	{
 283:Generated_Source\PSoC4/cyfitter_cfg.c **** 		static const uint32 CYCODE cy_cfg_addr_table[] = {
 284:Generated_Source\PSoC4/cyfitter_cfg.c **** 			0x400F3004u, /* Base address: 0x400F3000 Count: 4 */
 285:Generated_Source\PSoC4/cyfitter_cfg.c **** 			0x400F3102u, /* Base address: 0x400F3100 Count: 2 */
 286:Generated_Source\PSoC4/cyfitter_cfg.c **** 			0x400F3302u, /* Base address: 0x400F3300 Count: 2 */
 287:Generated_Source\PSoC4/cyfitter_cfg.c **** 			0x400F4105u, /* Base address: 0x400F4100 Count: 5 */
 288:Generated_Source\PSoC4/cyfitter_cfg.c **** 			0x400F4202u, /* Base address: 0x400F4200 Count: 2 */
 289:Generated_Source\PSoC4/cyfitter_cfg.c **** 			0x400F4302u, /* Base address: 0x400F4300 Count: 2 */
 290:Generated_Source\PSoC4/cyfitter_cfg.c **** 		};
 291:Generated_Source\PSoC4/cyfitter_cfg.c **** 
 292:Generated_Source\PSoC4/cyfitter_cfg.c **** 		static const cy_cfg_addrvalue_t CYCODE cy_cfg_data_table[] = {
 293:Generated_Source\PSoC4/cyfitter_cfg.c **** 			{0x38u, 0x82u},
 294:Generated_Source\PSoC4/cyfitter_cfg.c **** 			{0x3Eu, 0x41u},
 295:Generated_Source\PSoC4/cyfitter_cfg.c **** 			{0x58u, 0x04u},
 296:Generated_Source\PSoC4/cyfitter_cfg.c **** 			{0x5Fu, 0x01u},
 297:Generated_Source\PSoC4/cyfitter_cfg.c **** 			{0x18u, 0x01u},
 298:Generated_Source\PSoC4/cyfitter_cfg.c **** 			{0x1Au, 0x80u},
 299:Generated_Source\PSoC4/cyfitter_cfg.c **** 			{0xAAu, 0x40u},
 300:Generated_Source\PSoC4/cyfitter_cfg.c **** 			{0xB4u, 0x01u},
 301:Generated_Source\PSoC4/cyfitter_cfg.c **** 			{0x62u, 0x20u},
 302:Generated_Source\PSoC4/cyfitter_cfg.c **** 			{0xA2u, 0x20u},
 303:Generated_Source\PSoC4/cyfitter_cfg.c **** 			{0xAAu, 0x20u},
 304:Generated_Source\PSoC4/cyfitter_cfg.c **** 			{0xD8u, 0x40u},
 305:Generated_Source\PSoC4/cyfitter_cfg.c **** 			{0xEEu, 0x80u},
 306:Generated_Source\PSoC4/cyfitter_cfg.c **** 			{0x6Cu, 0x40u},
 307:Generated_Source\PSoC4/cyfitter_cfg.c **** 			{0xDCu, 0x02u},
 308:Generated_Source\PSoC4/cyfitter_cfg.c **** 			{0xB4u, 0x40u},
 309:Generated_Source\PSoC4/cyfitter_cfg.c **** 			{0xECu, 0x08u},
 310:Generated_Source\PSoC4/cyfitter_cfg.c **** 		};
 311:Generated_Source\PSoC4/cyfitter_cfg.c **** 
 312:Generated_Source\PSoC4/cyfitter_cfg.c **** 
 313:Generated_Source\PSoC4/cyfitter_cfg.c **** 
 314:Generated_Source\PSoC4/cyfitter_cfg.c **** 		CYPACKED typedef struct {
 315:Generated_Source\PSoC4/cyfitter_cfg.c **** 			void CYFAR *address;
 316:Generated_Source\PSoC4/cyfitter_cfg.c **** 			uint16 size;
 317:Generated_Source\PSoC4/cyfitter_cfg.c **** 		} CYPACKED_ATTR cfg_memset_t;
 318:Generated_Source\PSoC4/cyfitter_cfg.c **** 
 319:Generated_Source\PSoC4/cyfitter_cfg.c **** 		static const cfg_memset_t CYCODE cfg_memset_list[] = {
 320:Generated_Source\PSoC4/cyfitter_cfg.c **** 			/* address, size */
 321:Generated_Source\PSoC4/cyfitter_cfg.c **** 			{(void CYFAR *)(CYDEV_UDB_P0_U0_BASE), 1024u},
 322:Generated_Source\PSoC4/cyfitter_cfg.c **** 			{(void CYFAR *)(CYDEV_UDB_DSI0_BASE), 1024u},
 323:Generated_Source\PSoC4/cyfitter_cfg.c **** 		};
 324:Generated_Source\PSoC4/cyfitter_cfg.c **** 
 325:Generated_Source\PSoC4/cyfitter_cfg.c **** 		uint8 CYDATA i;
 326:Generated_Source\PSoC4/cyfitter_cfg.c **** 
ARM GAS  C:\Users\Lars\AppData\Local\Temp\ccSfIcje.s 			page 13


 327:Generated_Source\PSoC4/cyfitter_cfg.c **** 		/* Zero out critical memory blocks before beginning configuration */
 328:Generated_Source\PSoC4/cyfitter_cfg.c **** 		for (i = 0u; i < (sizeof(cfg_memset_list)/sizeof(cfg_memset_list[0])); i++)
 356              		.loc 1 328 0
 357 0064 FB1D     		adds	r3, r7, #7
 358 0066 0022     		movs	r2, #0
 359 0068 1A70     		strb	r2, [r3]
 360 006a 22E0     		b	.L14
 361              	.L15:
 362              	.LBB4:
 329:Generated_Source\PSoC4/cyfitter_cfg.c **** 		{
 330:Generated_Source\PSoC4/cyfitter_cfg.c **** 			const cfg_memset_t CYCODE * CYDATA ms = &cfg_memset_list[i];
 363              		.loc 1 330 0 discriminator 3
 364 006c FB1D     		adds	r3, r7, #7
 365 006e 1A78     		ldrb	r2, [r3]
 366 0070 1300     		movs	r3, r2
 367 0072 5B00     		lsls	r3, r3, #1
 368 0074 9B18     		adds	r3, r3, r2
 369 0076 5B00     		lsls	r3, r3, #1
 370 0078 354A     		ldr	r2, .L16
 371 007a 9B18     		adds	r3, r3, r2
 372 007c 3B60     		str	r3, [r7]
 331:Generated_Source\PSoC4/cyfitter_cfg.c **** 			CYMEMZERO(ms->address, (size_t)(uint32)(ms->size));
 373              		.loc 1 331 0 discriminator 3
 374 007e 3B68     		ldr	r3, [r7]
 375 0080 1A78     		ldrb	r2, [r3]
 376 0082 5978     		ldrb	r1, [r3, #1]
 377 0084 0902     		lsls	r1, r1, #8
 378 0086 0A43     		orrs	r2, r1
 379 0088 9978     		ldrb	r1, [r3, #2]
 380 008a 0904     		lsls	r1, r1, #16
 381 008c 0A43     		orrs	r2, r1
 382 008e DB78     		ldrb	r3, [r3, #3]
 383 0090 1B06     		lsls	r3, r3, #24
 384 0092 1343     		orrs	r3, r2
 385 0094 1800     		movs	r0, r3
 386 0096 3B68     		ldr	r3, [r7]
 387 0098 1A79     		ldrb	r2, [r3, #4]
 388 009a 5B79     		ldrb	r3, [r3, #5]
 389 009c 1B02     		lsls	r3, r3, #8
 390 009e 1343     		orrs	r3, r2
 391 00a0 9BB2     		uxth	r3, r3
 392 00a2 1900     		movs	r1, r3
 393 00a4 FFF7FEFF 		bl	CYMEMZERO
 394              	.LBE4:
 328:Generated_Source\PSoC4/cyfitter_cfg.c **** 		{
 395              		.loc 1 328 0 discriminator 3
 396 00a8 FB1D     		adds	r3, r7, #7
 397 00aa 1A78     		ldrb	r2, [r3]
 398 00ac FB1D     		adds	r3, r7, #7
 399 00ae 0132     		adds	r2, r2, #1
 400 00b0 1A70     		strb	r2, [r3]
 401              	.L14:
 328:Generated_Source\PSoC4/cyfitter_cfg.c **** 		{
 402              		.loc 1 328 0 is_stmt 0 discriminator 1
 403 00b2 FB1D     		adds	r3, r7, #7
 404 00b4 1B78     		ldrb	r3, [r3]
 405 00b6 012B     		cmp	r3, #1
ARM GAS  C:\Users\Lars\AppData\Local\Temp\ccSfIcje.s 			page 14


 406 00b8 D8D9     		bls	.L15
 332:Generated_Source\PSoC4/cyfitter_cfg.c **** 		}
 333:Generated_Source\PSoC4/cyfitter_cfg.c **** 
 334:Generated_Source\PSoC4/cyfitter_cfg.c **** 		cfg_write_bytes32(cy_cfg_addr_table, cy_cfg_data_table);
 407              		.loc 1 334 0 is_stmt 1
 408 00ba 264A     		ldr	r2, .L16+4
 409 00bc 264B     		ldr	r3, .L16+8
 410 00be 1100     		movs	r1, r2
 411 00c0 1800     		movs	r0, r3
 412 00c2 FFF7FEFF 		bl	cfg_write_bytes32
 335:Generated_Source\PSoC4/cyfitter_cfg.c **** 
 336:Generated_Source\PSoC4/cyfitter_cfg.c **** 		/* HSIOM Starting address: CYDEV_HSIOM_BASE */
 337:Generated_Source\PSoC4/cyfitter_cfg.c **** 		CY_SET_REG32((void *)(CYREG_HSIOM_PORT_SEL1), 0x60000000u);
 413              		.loc 1 337 0
 414 00c6 254B     		ldr	r3, .L16+12
 415 00c8 C022     		movs	r2, #192
 416 00ca D205     		lsls	r2, r2, #23
 417 00cc 1A60     		str	r2, [r3]
 338:Generated_Source\PSoC4/cyfitter_cfg.c **** 		CY_SET_REG32((void *)(CYREG_HSIOM_PORT_SEL3), 0x0000EE00u);
 418              		.loc 1 338 0
 419 00ce 244B     		ldr	r3, .L16+16
 420 00d0 EE22     		movs	r2, #238
 421 00d2 1202     		lsls	r2, r2, #8
 422 00d4 1A60     		str	r2, [r3]
 339:Generated_Source\PSoC4/cyfitter_cfg.c **** 
 340:Generated_Source\PSoC4/cyfitter_cfg.c **** 		/* UDB_PA_0 Starting address: CYDEV_UDB_PA0_BASE */
 341:Generated_Source\PSoC4/cyfitter_cfg.c **** 		CY_SET_REG32((void *)(CYDEV_UDB_PA0_BASE), 0x00990000u);
 423              		.loc 1 341 0
 424 00d6 234B     		ldr	r3, .L16+20
 425 00d8 9922     		movs	r2, #153
 426 00da 1204     		lsls	r2, r2, #16
 427 00dc 1A60     		str	r2, [r3]
 342:Generated_Source\PSoC4/cyfitter_cfg.c **** 
 343:Generated_Source\PSoC4/cyfitter_cfg.c **** 		/* UDB_PA_1 Starting address: CYDEV_UDB_PA1_BASE */
 344:Generated_Source\PSoC4/cyfitter_cfg.c **** 		CY_SET_REG32((void *)(CYDEV_UDB_PA1_BASE), 0x00990000u);
 428              		.loc 1 344 0
 429 00de 224B     		ldr	r3, .L16+24
 430 00e0 9922     		movs	r2, #153
 431 00e2 1204     		lsls	r2, r2, #16
 432 00e4 1A60     		str	r2, [r3]
 345:Generated_Source\PSoC4/cyfitter_cfg.c **** 		CY_SET_REG32((void *)(CYREG_UDB_PA1_CFG8), 0x80000000u);
 433              		.loc 1 345 0
 434 00e6 214B     		ldr	r3, .L16+28
 435 00e8 8022     		movs	r2, #128
 436 00ea 1206     		lsls	r2, r2, #24
 437 00ec 1A60     		str	r2, [r3]
 346:Generated_Source\PSoC4/cyfitter_cfg.c **** 
 347:Generated_Source\PSoC4/cyfitter_cfg.c **** 		/* UDB_PA_3 Starting address: CYDEV_UDB_PA3_BASE */
 348:Generated_Source\PSoC4/cyfitter_cfg.c **** 		CY_SET_REG32((void *)(CYDEV_UDB_PA3_BASE), 0x00990000u);
 438              		.loc 1 348 0
 439 00ee 204B     		ldr	r3, .L16+32
 440 00f0 9922     		movs	r2, #153
 441 00f2 1204     		lsls	r2, r2, #16
 442 00f4 1A60     		str	r2, [r3]
 349:Generated_Source\PSoC4/cyfitter_cfg.c **** 
 350:Generated_Source\PSoC4/cyfitter_cfg.c **** 		/* Enable UDB array and digital routing */
 351:Generated_Source\PSoC4/cyfitter_cfg.c **** 		CY_SET_XTND_REG8((void *)CYREG_UDB_UDBIF_WAIT_CFG, (uint8)((CY_GET_XTND_REG8((void *)CYREG_UDB_UD
ARM GAS  C:\Users\Lars\AppData\Local\Temp\ccSfIcje.s 			page 15


 443              		.loc 1 351 0
 444 00f6 1F4A     		ldr	r2, .L16+36
 445 00f8 1E4B     		ldr	r3, .L16+36
 446 00fa 1B78     		ldrb	r3, [r3]
 447 00fc DBB2     		uxtb	r3, r3
 448 00fe 3C21     		movs	r1, #60
 449 0100 8B43     		bics	r3, r1
 450 0102 DBB2     		uxtb	r3, r3
 451 0104 1421     		movs	r1, #20
 452 0106 0B43     		orrs	r3, r1
 453 0108 DBB2     		uxtb	r3, r3
 454 010a 1370     		strb	r3, [r2]
 352:Generated_Source\PSoC4/cyfitter_cfg.c **** 		CY_SET_XTND_REG8((void *)CYREG_UDB_UDBIF_BANK_CTL, (uint8)(CY_GET_XTND_REG8((void *)CYREG_UDB_UDB
 455              		.loc 1 352 0
 456 010c 1A4A     		ldr	r2, .L16+40
 457 010e 1A4B     		ldr	r3, .L16+40
 458 0110 1B78     		ldrb	r3, [r3]
 459 0112 DBB2     		uxtb	r3, r3
 460 0114 1621     		movs	r1, #22
 461 0116 0B43     		orrs	r3, r1
 462 0118 DBB2     		uxtb	r3, r3
 463 011a 1370     		strb	r3, [r2]
 464              	.LBE3:
 353:Generated_Source\PSoC4/cyfitter_cfg.c **** 	}
 354:Generated_Source\PSoC4/cyfitter_cfg.c **** 
 355:Generated_Source\PSoC4/cyfitter_cfg.c **** 	/* Perform second pass device configuration. These items must be configured in specific order afte
 356:Generated_Source\PSoC4/cyfitter_cfg.c **** 	/* IOPINS0_0 Starting address: CYDEV_PRT0_BASE */
 357:Generated_Source\PSoC4/cyfitter_cfg.c **** 	CY_SET_REG32((void *)(CYDEV_PRT0_BASE), 0x00000080u);
 465              		.loc 1 357 0
 466 011c 174B     		ldr	r3, .L16+44
 467 011e 8022     		movs	r2, #128
 468 0120 1A60     		str	r2, [r3]
 358:Generated_Source\PSoC4/cyfitter_cfg.c **** 	CY_SET_REG32((void *)(CYREG_PRT0_PC), 0x00400000u);
 469              		.loc 1 358 0
 470 0122 174B     		ldr	r3, .L16+48
 471 0124 8022     		movs	r2, #128
 472 0126 D203     		lsls	r2, r2, #15
 473 0128 1A60     		str	r2, [r3]
 359:Generated_Source\PSoC4/cyfitter_cfg.c **** 
 360:Generated_Source\PSoC4/cyfitter_cfg.c **** 	/* IOPINS0_1 Starting address: CYDEV_PRT1_BASE */
 361:Generated_Source\PSoC4/cyfitter_cfg.c **** 	CY_SET_REG32((void *)(CYDEV_PRT1_BASE), 0x00000080u);
 474              		.loc 1 361 0
 475 012a 164B     		ldr	r3, .L16+52
 476 012c 8022     		movs	r2, #128
 477 012e 1A60     		str	r2, [r3]
 362:Generated_Source\PSoC4/cyfitter_cfg.c **** 	CY_SET_REG32((void *)(CYREG_PRT1_PC2), 0x00000080u);
 478              		.loc 1 362 0
 479 0130 154B     		ldr	r3, .L16+56
 480 0132 8022     		movs	r2, #128
 481 0134 1A60     		str	r2, [r3]
 363:Generated_Source\PSoC4/cyfitter_cfg.c **** 
 364:Generated_Source\PSoC4/cyfitter_cfg.c **** 	/* IOPINS0_3 Starting address: CYDEV_PRT3_BASE */
 365:Generated_Source\PSoC4/cyfitter_cfg.c **** 	CY_SET_REG32((void *)(CYREG_PRT3_PC), 0x00000D80u);
 482              		.loc 1 365 0
 483 0136 154B     		ldr	r3, .L16+60
 484 0138 D822     		movs	r2, #216
 485 013a 1201     		lsls	r2, r2, #4
ARM GAS  C:\Users\Lars\AppData\Local\Temp\ccSfIcje.s 			page 16


 486 013c 1A60     		str	r2, [r3]
 366:Generated_Source\PSoC4/cyfitter_cfg.c **** 
 367:Generated_Source\PSoC4/cyfitter_cfg.c **** 
 368:Generated_Source\PSoC4/cyfitter_cfg.c **** 	/* Setup clocks based on selections from Clock DWR */
 369:Generated_Source\PSoC4/cyfitter_cfg.c **** 	ClockSetup();
 487              		.loc 1 369 0
 488 013e FFF75FFF 		bl	ClockSetup
 370:Generated_Source\PSoC4/cyfitter_cfg.c **** 
 371:Generated_Source\PSoC4/cyfitter_cfg.c **** 	/* Perform basic analog initialization to defaults */
 372:Generated_Source\PSoC4/cyfitter_cfg.c **** 	AnalogSetDefault();
 489              		.loc 1 372 0
 490 0142 FFF7FEFF 		bl	AnalogSetDefault
 373:Generated_Source\PSoC4/cyfitter_cfg.c **** 
 374:Generated_Source\PSoC4/cyfitter_cfg.c **** }
 491              		.loc 1 374 0
 492 0146 C046     		nop
 493 0148 BD46     		mov	sp, r7
 494 014a 02B0     		add	sp, sp, #8
 495              		@ sp needed
 496 014c 80BD     		pop	{r7, pc}
 497              	.L17:
 498 014e C046     		.align	2
 499              	.L16:
 500 0150 00000000 		.word	cfg_memset_list.4870
 501 0154 24000000 		.word	cy_cfg_data_table.4865
 502 0158 0C000000 		.word	cy_cfg_addr_table.4864
 503 015c 04000140 		.word	1073807364
 504 0160 0C000140 		.word	1073807372
 505 0164 00500F40 		.word	1074745344
 506 0168 10500F40 		.word	1074745360
 507 016c 18500F40 		.word	1074745368
 508 0170 30500F40 		.word	1074745392
 509 0174 01700F40 		.word	1074753537
 510 0178 00700F40 		.word	1074753536
 511 017c 00000440 		.word	1074003968
 512 0180 08000440 		.word	1074003976
 513 0184 00010440 		.word	1074004224
 514 0188 18010440 		.word	1074004248
 515 018c 08030440 		.word	1074004744
 516              		.cfi_endproc
 517              	.LFE6:
 518              		.size	cyfitter_cfg, .-cyfitter_cfg
 519              		.section	.rodata
 520              		.align	2
 521              		.type	cfg_memset_list.4870, %object
 522              		.size	cfg_memset_list.4870, 12
 523              	cfg_memset_list.4870:
 524 0000 00300F40 		.word	1074737152
 525 0004 0004     		.short	1024
 526 0006 00400F40 		.4byte	1074741248
 527 000a 0004     		.short	1024
 528              		.align	2
 529              		.type	cy_cfg_addr_table.4864, %object
 530              		.size	cy_cfg_addr_table.4864, 24
 531              	cy_cfg_addr_table.4864:
 532 000c 04300F40 		.word	1074737156
 533 0010 02310F40 		.word	1074737410
ARM GAS  C:\Users\Lars\AppData\Local\Temp\ccSfIcje.s 			page 17


 534 0014 02330F40 		.word	1074737922
 535 0018 05410F40 		.word	1074741509
 536 001c 02420F40 		.word	1074741762
 537 0020 02430F40 		.word	1074742018
 538              		.align	2
 539              		.type	cy_cfg_data_table.4865, %object
 540              		.size	cy_cfg_data_table.4865, 34
 541              	cy_cfg_data_table.4865:
 542 0024 38       		.byte	56
 543 0025 82       		.byte	-126
 544 0026 3E       		.byte	62
 545 0027 41       		.byte	65
 546 0028 58       		.byte	88
 547 0029 04       		.byte	4
 548 002a 5F       		.byte	95
 549 002b 01       		.byte	1
 550 002c 18       		.byte	24
 551 002d 01       		.byte	1
 552 002e 1A       		.byte	26
 553 002f 80       		.byte	-128
 554 0030 AA       		.byte	-86
 555 0031 40       		.byte	64
 556 0032 B4       		.byte	-76
 557 0033 01       		.byte	1
 558 0034 62       		.byte	98
 559 0035 20       		.byte	32
 560 0036 A2       		.byte	-94
 561 0037 20       		.byte	32
 562 0038 AA       		.byte	-86
 563 0039 20       		.byte	32
 564 003a D8       		.byte	-40
 565 003b 40       		.byte	64
 566 003c EE       		.byte	-18
 567 003d 80       		.byte	-128
 568 003e 6C       		.byte	108
 569 003f 40       		.byte	64
 570 0040 DC       		.byte	-36
 571 0041 02       		.byte	2
 572 0042 B4       		.byte	-76
 573 0043 40       		.byte	64
 574 0044 EC       		.byte	-20
 575 0045 08       		.byte	8
 576              		.text
 577              	.Letext0:
 578              		.file 2 "c:\\program files (x86)\\cypress\\psoc creator\\4.2\\psoc creator\\import\\gnu\\arm\\5.4.
 579              		.file 3 "Generated_Source\\PSoC4\\cytypes.h"
 580              		.section	.debug_info,"",%progbits
 581              	.Ldebug_info0:
 582 0000 59030000 		.4byte	0x359
 583 0004 0400     		.2byte	0x4
 584 0006 00000000 		.4byte	.Ldebug_abbrev0
 585 000a 04       		.byte	0x4
 586 000b 01       		.uleb128 0x1
 587 000c 18010000 		.4byte	.LASF40
 588 0010 0C       		.byte	0xc
 589 0011 B4020000 		.4byte	.LASF41
 590 0015 64000000 		.4byte	.LASF42
ARM GAS  C:\Users\Lars\AppData\Local\Temp\ccSfIcje.s 			page 18


 591 0019 00000000 		.4byte	.Ldebug_ranges0+0
 592 001d 00000000 		.4byte	0
 593 0021 00000000 		.4byte	.Ldebug_line0
 594 0025 02       		.uleb128 0x2
 595 0026 04       		.byte	0x4
 596 0027 05       		.byte	0x5
 597 0028 696E7400 		.ascii	"int\000"
 598 002c 03       		.uleb128 0x3
 599 002d 06000000 		.4byte	.LASF12
 600 0031 02       		.byte	0x2
 601 0032 D8       		.byte	0xd8
 602 0033 37000000 		.4byte	0x37
 603 0037 04       		.uleb128 0x4
 604 0038 04       		.byte	0x4
 605 0039 07       		.byte	0x7
 606 003a FE010000 		.4byte	.LASF0
 607 003e 04       		.uleb128 0x4
 608 003f 08       		.byte	0x8
 609 0040 05       		.byte	0x5
 610 0041 5C020000 		.4byte	.LASF1
 611 0045 04       		.uleb128 0x4
 612 0046 08       		.byte	0x8
 613 0047 04       		.byte	0x4
 614 0048 9C020000 		.4byte	.LASF2
 615 004c 04       		.uleb128 0x4
 616 004d 01       		.byte	0x1
 617 004e 06       		.byte	0x6
 618 004f A8020000 		.4byte	.LASF3
 619 0053 04       		.uleb128 0x4
 620 0054 01       		.byte	0x1
 621 0055 08       		.byte	0x8
 622 0056 A6010000 		.4byte	.LASF4
 623 005a 04       		.uleb128 0x4
 624 005b 02       		.byte	0x2
 625 005c 05       		.byte	0x5
 626 005d 89020000 		.4byte	.LASF5
 627 0061 04       		.uleb128 0x4
 628 0062 02       		.byte	0x2
 629 0063 07       		.byte	0x7
 630 0064 49020000 		.4byte	.LASF6
 631 0068 04       		.uleb128 0x4
 632 0069 04       		.byte	0x4
 633 006a 05       		.byte	0x5
 634 006b 93020000 		.4byte	.LASF7
 635 006f 04       		.uleb128 0x4
 636 0070 04       		.byte	0x4
 637 0071 07       		.byte	0x7
 638 0072 F6000000 		.4byte	.LASF8
 639 0076 04       		.uleb128 0x4
 640 0077 08       		.byte	0x8
 641 0078 07       		.byte	0x7
 642 0079 13020000 		.4byte	.LASF9
 643 007d 04       		.uleb128 0x4
 644 007e 04       		.byte	0x4
 645 007f 07       		.byte	0x7
 646 0080 40020000 		.4byte	.LASF10
 647 0084 05       		.uleb128 0x5
ARM GAS  C:\Users\Lars\AppData\Local\Temp\ccSfIcje.s 			page 19


 648 0085 04       		.byte	0x4
 649 0086 04       		.uleb128 0x4
 650 0087 01       		.byte	0x1
 651 0088 08       		.byte	0x8
 652 0089 6A020000 		.4byte	.LASF11
 653 008d 06       		.uleb128 0x6
 654 008e 08010000 		.4byte	.LASF13
 655 0092 03       		.byte	0x3
 656 0093 E401     		.2byte	0x1e4
 657 0095 53000000 		.4byte	0x53
 658 0099 06       		.uleb128 0x6
 659 009a E5010000 		.4byte	.LASF14
 660 009e 03       		.byte	0x3
 661 009f E501     		.2byte	0x1e5
 662 00a1 61000000 		.4byte	0x61
 663 00a5 06       		.uleb128 0x6
 664 00a6 F7010000 		.4byte	.LASF15
 665 00aa 03       		.byte	0x3
 666 00ab E601     		.2byte	0x1e6
 667 00ad 6F000000 		.4byte	0x6f
 668 00b1 04       		.uleb128 0x4
 669 00b2 04       		.byte	0x4
 670 00b3 04       		.byte	0x4
 671 00b4 59000000 		.4byte	.LASF16
 672 00b8 04       		.uleb128 0x4
 673 00b9 08       		.byte	0x8
 674 00ba 04       		.byte	0x4
 675 00bb B4010000 		.4byte	.LASF17
 676 00bf 06       		.uleb128 0x6
 677 00c0 F1000000 		.4byte	.LASF18
 678 00c4 03       		.byte	0x3
 679 00c5 8E02     		.2byte	0x28e
 680 00c7 CB000000 		.4byte	0xcb
 681 00cb 07       		.uleb128 0x7
 682 00cc 8D000000 		.4byte	0x8d
 683 00d0 06       		.uleb128 0x6
 684 00d1 00000000 		.4byte	.LASF19
 685 00d5 03       		.byte	0x3
 686 00d6 9002     		.2byte	0x290
 687 00d8 DC000000 		.4byte	0xdc
 688 00dc 07       		.uleb128 0x7
 689 00dd A5000000 		.4byte	0xa5
 690 00e1 08       		.uleb128 0x8
 691 00e2 02       		.byte	0x2
 692 00e3 01       		.byte	0x1
 693 00e4 96       		.byte	0x96
 694 00e5 02010000 		.4byte	0x102
 695 00e9 09       		.uleb128 0x9
 696 00ea 82020000 		.4byte	.LASF20
 697 00ee 01       		.byte	0x1
 698 00ef 98       		.byte	0x98
 699 00f0 8D000000 		.4byte	0x8d
 700 00f4 00       		.byte	0
 701 00f5 09       		.uleb128 0x9
 702 00f6 1E000000 		.4byte	.LASF21
 703 00fa 01       		.byte	0x1
 704 00fb 99       		.byte	0x99
ARM GAS  C:\Users\Lars\AppData\Local\Temp\ccSfIcje.s 			page 20


 705 00fc 8D000000 		.4byte	0x8d
 706 0100 01       		.byte	0x1
 707 0101 00       		.byte	0
 708 0102 03       		.uleb128 0x3
 709 0103 6F020000 		.4byte	.LASF22
 710 0107 01       		.byte	0x1
 711 0108 9A       		.byte	0x9a
 712 0109 E1000000 		.4byte	0xe1
 713 010d 0A       		.uleb128 0xa
 714 010e 0E010000 		.4byte	.LASF23
 715 0112 01       		.byte	0x1
 716 0113 4B       		.byte	0x4b
 717 0114 00000000 		.4byte	.LFB0
 718 0118 1E000000 		.4byte	.LFE0-.LFB0
 719 011c 01       		.uleb128 0x1
 720 011d 9C       		.byte	0x9c
 721 011e 3B010000 		.4byte	0x13b
 722 0122 0B       		.uleb128 0xb
 723 0123 7300     		.ascii	"s\000"
 724 0125 01       		.byte	0x1
 725 0126 4B       		.byte	0x4b
 726 0127 84000000 		.4byte	0x84
 727 012b 02       		.uleb128 0x2
 728 012c 91       		.byte	0x91
 729 012d 74       		.sleb128 -12
 730 012e 0B       		.uleb128 0xb
 731 012f 6E00     		.ascii	"n\000"
 732 0131 01       		.byte	0x1
 733 0132 4B       		.byte	0x4b
 734 0133 2C000000 		.4byte	0x2c
 735 0137 02       		.uleb128 0x2
 736 0138 91       		.byte	0x91
 737 0139 70       		.sleb128 -16
 738 013a 00       		.byte	0
 739 013b 0A       		.uleb128 0xa
 740 013c EA020000 		.4byte	.LASF24
 741 0140 01       		.byte	0x1
 742 0141 52       		.byte	0x52
 743 0142 00000000 		.4byte	.LFB1
 744 0146 20000000 		.4byte	.LFE1-.LFB1
 745 014a 01       		.uleb128 0x1
 746 014b 9C       		.byte	0x9c
 747 014c 79010000 		.4byte	0x179
 748 0150 0C       		.uleb128 0xc
 749 0151 5F000000 		.4byte	.LASF25
 750 0155 01       		.byte	0x1
 751 0156 52       		.byte	0x52
 752 0157 84000000 		.4byte	0x84
 753 015b 02       		.uleb128 0x2
 754 015c 91       		.byte	0x91
 755 015d 74       		.sleb128 -12
 756 015e 0B       		.uleb128 0xb
 757 015f 73726300 		.ascii	"src\000"
 758 0163 01       		.byte	0x1
 759 0164 52       		.byte	0x52
 760 0165 79010000 		.4byte	0x179
 761 0169 02       		.uleb128 0x2
ARM GAS  C:\Users\Lars\AppData\Local\Temp\ccSfIcje.s 			page 21


 762 016a 91       		.byte	0x91
 763 016b 70       		.sleb128 -16
 764 016c 0B       		.uleb128 0xb
 765 016d 6E00     		.ascii	"n\000"
 766 016f 01       		.byte	0x1
 767 0170 52       		.byte	0x52
 768 0171 2C000000 		.4byte	0x2c
 769 0175 02       		.uleb128 0x2
 770 0176 91       		.byte	0x91
 771 0177 6C       		.sleb128 -20
 772 0178 00       		.byte	0
 773 0179 0D       		.uleb128 0xd
 774 017a 04       		.byte	0x4
 775 017b 7F010000 		.4byte	0x17f
 776 017f 0E       		.uleb128 0xe
 777 0180 0A       		.uleb128 0xa
 778 0181 DA020000 		.4byte	.LASF26
 779 0185 01       		.byte	0x1
 780 0186 59       		.byte	0x59
 781 0187 00000000 		.4byte	.LFB2
 782 018b 20000000 		.4byte	.LFE2-.LFB2
 783 018f 01       		.uleb128 0x1
 784 0190 9C       		.byte	0x9c
 785 0191 BE010000 		.4byte	0x1be
 786 0195 0C       		.uleb128 0xc
 787 0196 5F000000 		.4byte	.LASF25
 788 019a 01       		.byte	0x1
 789 019b 59       		.byte	0x59
 790 019c 84000000 		.4byte	0x84
 791 01a0 02       		.uleb128 0x2
 792 01a1 91       		.byte	0x91
 793 01a2 74       		.sleb128 -12
 794 01a3 0B       		.uleb128 0xb
 795 01a4 73726300 		.ascii	"src\000"
 796 01a8 01       		.byte	0x1
 797 01a9 59       		.byte	0x59
 798 01aa 79010000 		.4byte	0x179
 799 01ae 02       		.uleb128 0x2
 800 01af 91       		.byte	0x91
 801 01b0 70       		.sleb128 -16
 802 01b1 0B       		.uleb128 0xb
 803 01b2 6E00     		.ascii	"n\000"
 804 01b4 01       		.byte	0x1
 805 01b5 59       		.byte	0x59
 806 01b6 2C000000 		.4byte	0x2c
 807 01ba 02       		.uleb128 0x2
 808 01bb 91       		.byte	0x91
 809 01bc 6C       		.sleb128 -20
 810 01bd 00       		.byte	0
 811 01be 0F       		.uleb128 0xf
 812 01bf BB010000 		.4byte	.LASF27
 813 01c3 01       		.byte	0x1
 814 01c4 AD       		.byte	0xad
 815 01c5 00000000 		.4byte	.LFB3
 816 01c9 82000000 		.4byte	.LFE3-.LFB3
 817 01cd 01       		.uleb128 0x1
 818 01ce 9C       		.byte	0x9c
ARM GAS  C:\Users\Lars\AppData\Local\Temp\ccSfIcje.s 			page 22


 819 01cf 2E020000 		.4byte	0x22e
 820 01d3 0C       		.uleb128 0xc
 821 01d4 DA010000 		.4byte	.LASF28
 822 01d8 01       		.byte	0x1
 823 01d9 AD       		.byte	0xad
 824 01da 2E020000 		.4byte	0x22e
 825 01de 02       		.uleb128 0x2
 826 01df 91       		.byte	0x91
 827 01e0 64       		.sleb128 -28
 828 01e1 0C       		.uleb128 0xc
 829 01e2 EC010000 		.4byte	.LASF29
 830 01e6 01       		.byte	0x1
 831 01e7 AD       		.byte	0xad
 832 01e8 39020000 		.4byte	0x239
 833 01ec 02       		.uleb128 0x2
 834 01ed 91       		.byte	0x91
 835 01ee 60       		.sleb128 -32
 836 01ef 10       		.uleb128 0x10
 837 01f0 6900     		.ascii	"i\000"
 838 01f2 01       		.byte	0x1
 839 01f3 B0       		.byte	0xb0
 840 01f4 A5000000 		.4byte	0xa5
 841 01f8 02       		.uleb128 0x2
 842 01f9 91       		.byte	0x91
 843 01fa 74       		.sleb128 -12
 844 01fb 10       		.uleb128 0x10
 845 01fc 6A00     		.ascii	"j\000"
 846 01fe 01       		.byte	0x1
 847 01ff B0       		.byte	0xb0
 848 0200 A5000000 		.4byte	0xa5
 849 0204 02       		.uleb128 0x2
 850 0205 91       		.byte	0x91
 851 0206 70       		.sleb128 -16
 852 0207 11       		.uleb128 0x11
 853 0208 14000000 		.4byte	.LBB2
 854 020c 5A000000 		.4byte	.LBE2-.LBB2
 855 0210 12       		.uleb128 0x12
 856 0211 37020000 		.4byte	.LASF30
 857 0215 01       		.byte	0x1
 858 0216 B3       		.byte	0xb3
 859 0217 A5000000 		.4byte	0xa5
 860 021b 02       		.uleb128 0x2
 861 021c 91       		.byte	0x91
 862 021d 68       		.sleb128 -24
 863 021e 12       		.uleb128 0x12
 864 021f 24000000 		.4byte	.LASF31
 865 0223 01       		.byte	0x1
 866 0224 B4       		.byte	0xb4
 867 0225 8D000000 		.4byte	0x8d
 868 0229 02       		.uleb128 0x2
 869 022a 91       		.byte	0x91
 870 022b 6F       		.sleb128 -17
 871 022c 00       		.byte	0
 872 022d 00       		.byte	0
 873 022e 0D       		.uleb128 0xd
 874 022f 04       		.byte	0x4
 875 0230 34020000 		.4byte	0x234
ARM GAS  C:\Users\Lars\AppData\Local\Temp\ccSfIcje.s 			page 23


 876 0234 13       		.uleb128 0x13
 877 0235 A5000000 		.4byte	0xa5
 878 0239 0D       		.uleb128 0xd
 879 023a 04       		.byte	0x4
 880 023b 3F020000 		.4byte	0x23f
 881 023f 13       		.uleb128 0x13
 882 0240 02010000 		.4byte	0x102
 883 0244 14       		.uleb128 0x14
 884 0245 2A000000 		.4byte	.LASF32
 885 0249 01       		.byte	0x1
 886 024a D2       		.byte	0xd2
 887 024b 00000000 		.4byte	.LFB4
 888 024f 5C000000 		.4byte	.LFE4-.LFB4
 889 0253 01       		.uleb128 0x1
 890 0254 9C       		.byte	0x9c
 891 0255 15       		.uleb128 0x15
 892 0256 0D000000 		.4byte	.LASF33
 893 025a 01       		.byte	0x1
 894 025b FD       		.byte	0xfd
 895 025c 00000000 		.4byte	.LFB5
 896 0260 0A000000 		.4byte	.LFE5-.LFB5
 897 0264 01       		.uleb128 0x1
 898 0265 9C       		.byte	0x9c
 899 0266 16       		.uleb128 0x16
 900 0267 CD010000 		.4byte	.LASF43
 901 026b 01       		.byte	0x1
 902 026c 1501     		.2byte	0x115
 903 026e 5C000000 		.4byte	.LFB6
 904 0272 34010000 		.4byte	.LFE6-.LFB6
 905 0276 01       		.uleb128 0x1
 906 0277 9C       		.byte	0x9c
 907 0278 32030000 		.4byte	0x332
 908 027c 11       		.uleb128 0x11
 909 027d 64000000 		.4byte	.LBB3
 910 0281 B8000000 		.4byte	.LBE3-.LBB3
 911 0285 17       		.uleb128 0x17
 912 0286 35000000 		.4byte	.LASF34
 913 028a 01       		.byte	0x1
 914 028b 1B01     		.2byte	0x11b
 915 028d 42030000 		.4byte	0x342
 916 0291 05       		.uleb128 0x5
 917 0292 03       		.byte	0x3
 918 0293 0C000000 		.4byte	cy_cfg_addr_table.4864
 919 0297 17       		.uleb128 0x17
 920 0298 47000000 		.4byte	.LASF35
 921 029c 01       		.byte	0x1
 922 029d 2401     		.2byte	0x124
 923 029f 57030000 		.4byte	0x357
 924 02a3 05       		.uleb128 0x5
 925 02a4 03       		.byte	0x3
 926 02a5 24000000 		.4byte	cy_cfg_data_table.4865
 927 02a9 18       		.uleb128 0x18
 928 02aa 06       		.byte	0x6
 929 02ab 01       		.byte	0x1
 930 02ac 3A01     		.2byte	0x13a
 931 02ae CD020000 		.4byte	0x2cd
 932 02b2 19       		.uleb128 0x19
ARM GAS  C:\Users\Lars\AppData\Local\Temp\ccSfIcje.s 			page 24


 933 02b3 0B020000 		.4byte	.LASF36
 934 02b7 01       		.byte	0x1
 935 02b8 3B01     		.2byte	0x13b
 936 02ba 84000000 		.4byte	0x84
 937 02be 00       		.byte	0
 938 02bf 19       		.uleb128 0x19
 939 02c0 EC000000 		.4byte	.LASF37
 940 02c4 01       		.byte	0x1
 941 02c5 3C01     		.2byte	0x13c
 942 02c7 99000000 		.4byte	0x99
 943 02cb 04       		.byte	0x4
 944 02cc 00       		.byte	0
 945 02cd 06       		.uleb128 0x6
 946 02ce 2A020000 		.4byte	.LASF38
 947 02d2 01       		.byte	0x1
 948 02d3 3D01     		.2byte	0x13d
 949 02d5 A9020000 		.4byte	0x2a9
 950 02d9 1A       		.uleb128 0x1a
 951 02da E9020000 		.4byte	0x2e9
 952 02de E9020000 		.4byte	0x2e9
 953 02e2 1B       		.uleb128 0x1b
 954 02e3 7D000000 		.4byte	0x7d
 955 02e7 01       		.byte	0x1
 956 02e8 00       		.byte	0
 957 02e9 13       		.uleb128 0x13
 958 02ea CD020000 		.4byte	0x2cd
 959 02ee 17       		.uleb128 0x17
 960 02ef DC000000 		.4byte	.LASF39
 961 02f3 01       		.byte	0x1
 962 02f4 3F01     		.2byte	0x13f
 963 02f6 00030000 		.4byte	0x300
 964 02fa 05       		.uleb128 0x5
 965 02fb 03       		.byte	0x3
 966 02fc 00000000 		.4byte	cfg_memset_list.4870
 967 0300 13       		.uleb128 0x13
 968 0301 D9020000 		.4byte	0x2d9
 969 0305 1C       		.uleb128 0x1c
 970 0306 6900     		.ascii	"i\000"
 971 0308 01       		.byte	0x1
 972 0309 4501     		.2byte	0x145
 973 030b 8D000000 		.4byte	0x8d
 974 030f 02       		.uleb128 0x2
 975 0310 91       		.byte	0x91
 976 0311 77       		.sleb128 -9
 977 0312 11       		.uleb128 0x11
 978 0313 6C000000 		.4byte	.LBB4
 979 0317 3C000000 		.4byte	.LBE4-.LBB4
 980 031b 1C       		.uleb128 0x1c
 981 031c 6D7300   		.ascii	"ms\000"
 982 031f 01       		.byte	0x1
 983 0320 4A01     		.2byte	0x14a
 984 0322 29030000 		.4byte	0x329
 985 0326 02       		.uleb128 0x2
 986 0327 91       		.byte	0x91
 987 0328 70       		.sleb128 -16
 988 0329 0D       		.uleb128 0xd
 989 032a 04       		.byte	0x4
ARM GAS  C:\Users\Lars\AppData\Local\Temp\ccSfIcje.s 			page 25


 990 032b E9020000 		.4byte	0x2e9
 991 032f 00       		.byte	0
 992 0330 00       		.byte	0
 993 0331 00       		.byte	0
 994 0332 1A       		.uleb128 0x1a
 995 0333 34020000 		.4byte	0x234
 996 0337 42030000 		.4byte	0x342
 997 033b 1B       		.uleb128 0x1b
 998 033c 7D000000 		.4byte	0x7d
 999 0340 05       		.byte	0x5
 1000 0341 00       		.byte	0
 1001 0342 13       		.uleb128 0x13
 1002 0343 32030000 		.4byte	0x332
 1003 0347 1A       		.uleb128 0x1a
 1004 0348 3F020000 		.4byte	0x23f
 1005 034c 57030000 		.4byte	0x357
 1006 0350 1B       		.uleb128 0x1b
 1007 0351 7D000000 		.4byte	0x7d
 1008 0355 10       		.byte	0x10
 1009 0356 00       		.byte	0
 1010 0357 13       		.uleb128 0x13
 1011 0358 47030000 		.4byte	0x347
 1012 035c 00       		.byte	0
 1013              		.section	.debug_abbrev,"",%progbits
 1014              	.Ldebug_abbrev0:
 1015 0000 01       		.uleb128 0x1
 1016 0001 11       		.uleb128 0x11
 1017 0002 01       		.byte	0x1
 1018 0003 25       		.uleb128 0x25
 1019 0004 0E       		.uleb128 0xe
 1020 0005 13       		.uleb128 0x13
 1021 0006 0B       		.uleb128 0xb
 1022 0007 03       		.uleb128 0x3
 1023 0008 0E       		.uleb128 0xe
 1024 0009 1B       		.uleb128 0x1b
 1025 000a 0E       		.uleb128 0xe
 1026 000b 55       		.uleb128 0x55
 1027 000c 17       		.uleb128 0x17
 1028 000d 11       		.uleb128 0x11
 1029 000e 01       		.uleb128 0x1
 1030 000f 10       		.uleb128 0x10
 1031 0010 17       		.uleb128 0x17
 1032 0011 00       		.byte	0
 1033 0012 00       		.byte	0
 1034 0013 02       		.uleb128 0x2
 1035 0014 24       		.uleb128 0x24
 1036 0015 00       		.byte	0
 1037 0016 0B       		.uleb128 0xb
 1038 0017 0B       		.uleb128 0xb
 1039 0018 3E       		.uleb128 0x3e
 1040 0019 0B       		.uleb128 0xb
 1041 001a 03       		.uleb128 0x3
 1042 001b 08       		.uleb128 0x8
 1043 001c 00       		.byte	0
 1044 001d 00       		.byte	0
 1045 001e 03       		.uleb128 0x3
 1046 001f 16       		.uleb128 0x16
ARM GAS  C:\Users\Lars\AppData\Local\Temp\ccSfIcje.s 			page 26


 1047 0020 00       		.byte	0
 1048 0021 03       		.uleb128 0x3
 1049 0022 0E       		.uleb128 0xe
 1050 0023 3A       		.uleb128 0x3a
 1051 0024 0B       		.uleb128 0xb
 1052 0025 3B       		.uleb128 0x3b
 1053 0026 0B       		.uleb128 0xb
 1054 0027 49       		.uleb128 0x49
 1055 0028 13       		.uleb128 0x13
 1056 0029 00       		.byte	0
 1057 002a 00       		.byte	0
 1058 002b 04       		.uleb128 0x4
 1059 002c 24       		.uleb128 0x24
 1060 002d 00       		.byte	0
 1061 002e 0B       		.uleb128 0xb
 1062 002f 0B       		.uleb128 0xb
 1063 0030 3E       		.uleb128 0x3e
 1064 0031 0B       		.uleb128 0xb
 1065 0032 03       		.uleb128 0x3
 1066 0033 0E       		.uleb128 0xe
 1067 0034 00       		.byte	0
 1068 0035 00       		.byte	0
 1069 0036 05       		.uleb128 0x5
 1070 0037 0F       		.uleb128 0xf
 1071 0038 00       		.byte	0
 1072 0039 0B       		.uleb128 0xb
 1073 003a 0B       		.uleb128 0xb
 1074 003b 00       		.byte	0
 1075 003c 00       		.byte	0
 1076 003d 06       		.uleb128 0x6
 1077 003e 16       		.uleb128 0x16
 1078 003f 00       		.byte	0
 1079 0040 03       		.uleb128 0x3
 1080 0041 0E       		.uleb128 0xe
 1081 0042 3A       		.uleb128 0x3a
 1082 0043 0B       		.uleb128 0xb
 1083 0044 3B       		.uleb128 0x3b
 1084 0045 05       		.uleb128 0x5
 1085 0046 49       		.uleb128 0x49
 1086 0047 13       		.uleb128 0x13
 1087 0048 00       		.byte	0
 1088 0049 00       		.byte	0
 1089 004a 07       		.uleb128 0x7
 1090 004b 35       		.uleb128 0x35
 1091 004c 00       		.byte	0
 1092 004d 49       		.uleb128 0x49
 1093 004e 13       		.uleb128 0x13
 1094 004f 00       		.byte	0
 1095 0050 00       		.byte	0
 1096 0051 08       		.uleb128 0x8
 1097 0052 13       		.uleb128 0x13
 1098 0053 01       		.byte	0x1
 1099 0054 0B       		.uleb128 0xb
 1100 0055 0B       		.uleb128 0xb
 1101 0056 3A       		.uleb128 0x3a
 1102 0057 0B       		.uleb128 0xb
 1103 0058 3B       		.uleb128 0x3b
ARM GAS  C:\Users\Lars\AppData\Local\Temp\ccSfIcje.s 			page 27


 1104 0059 0B       		.uleb128 0xb
 1105 005a 01       		.uleb128 0x1
 1106 005b 13       		.uleb128 0x13
 1107 005c 00       		.byte	0
 1108 005d 00       		.byte	0
 1109 005e 09       		.uleb128 0x9
 1110 005f 0D       		.uleb128 0xd
 1111 0060 00       		.byte	0
 1112 0061 03       		.uleb128 0x3
 1113 0062 0E       		.uleb128 0xe
 1114 0063 3A       		.uleb128 0x3a
 1115 0064 0B       		.uleb128 0xb
 1116 0065 3B       		.uleb128 0x3b
 1117 0066 0B       		.uleb128 0xb
 1118 0067 49       		.uleb128 0x49
 1119 0068 13       		.uleb128 0x13
 1120 0069 38       		.uleb128 0x38
 1121 006a 0B       		.uleb128 0xb
 1122 006b 00       		.byte	0
 1123 006c 00       		.byte	0
 1124 006d 0A       		.uleb128 0xa
 1125 006e 2E       		.uleb128 0x2e
 1126 006f 01       		.byte	0x1
 1127 0070 03       		.uleb128 0x3
 1128 0071 0E       		.uleb128 0xe
 1129 0072 3A       		.uleb128 0x3a
 1130 0073 0B       		.uleb128 0xb
 1131 0074 3B       		.uleb128 0x3b
 1132 0075 0B       		.uleb128 0xb
 1133 0076 27       		.uleb128 0x27
 1134 0077 19       		.uleb128 0x19
 1135 0078 11       		.uleb128 0x11
 1136 0079 01       		.uleb128 0x1
 1137 007a 12       		.uleb128 0x12
 1138 007b 06       		.uleb128 0x6
 1139 007c 40       		.uleb128 0x40
 1140 007d 18       		.uleb128 0x18
 1141 007e 9642     		.uleb128 0x2116
 1142 0080 19       		.uleb128 0x19
 1143 0081 01       		.uleb128 0x1
 1144 0082 13       		.uleb128 0x13
 1145 0083 00       		.byte	0
 1146 0084 00       		.byte	0
 1147 0085 0B       		.uleb128 0xb
 1148 0086 05       		.uleb128 0x5
 1149 0087 00       		.byte	0
 1150 0088 03       		.uleb128 0x3
 1151 0089 08       		.uleb128 0x8
 1152 008a 3A       		.uleb128 0x3a
 1153 008b 0B       		.uleb128 0xb
 1154 008c 3B       		.uleb128 0x3b
 1155 008d 0B       		.uleb128 0xb
 1156 008e 49       		.uleb128 0x49
 1157 008f 13       		.uleb128 0x13
 1158 0090 02       		.uleb128 0x2
 1159 0091 18       		.uleb128 0x18
 1160 0092 00       		.byte	0
ARM GAS  C:\Users\Lars\AppData\Local\Temp\ccSfIcje.s 			page 28


 1161 0093 00       		.byte	0
 1162 0094 0C       		.uleb128 0xc
 1163 0095 05       		.uleb128 0x5
 1164 0096 00       		.byte	0
 1165 0097 03       		.uleb128 0x3
 1166 0098 0E       		.uleb128 0xe
 1167 0099 3A       		.uleb128 0x3a
 1168 009a 0B       		.uleb128 0xb
 1169 009b 3B       		.uleb128 0x3b
 1170 009c 0B       		.uleb128 0xb
 1171 009d 49       		.uleb128 0x49
 1172 009e 13       		.uleb128 0x13
 1173 009f 02       		.uleb128 0x2
 1174 00a0 18       		.uleb128 0x18
 1175 00a1 00       		.byte	0
 1176 00a2 00       		.byte	0
 1177 00a3 0D       		.uleb128 0xd
 1178 00a4 0F       		.uleb128 0xf
 1179 00a5 00       		.byte	0
 1180 00a6 0B       		.uleb128 0xb
 1181 00a7 0B       		.uleb128 0xb
 1182 00a8 49       		.uleb128 0x49
 1183 00a9 13       		.uleb128 0x13
 1184 00aa 00       		.byte	0
 1185 00ab 00       		.byte	0
 1186 00ac 0E       		.uleb128 0xe
 1187 00ad 26       		.uleb128 0x26
 1188 00ae 00       		.byte	0
 1189 00af 00       		.byte	0
 1190 00b0 00       		.byte	0
 1191 00b1 0F       		.uleb128 0xf
 1192 00b2 2E       		.uleb128 0x2e
 1193 00b3 01       		.byte	0x1
 1194 00b4 03       		.uleb128 0x3
 1195 00b5 0E       		.uleb128 0xe
 1196 00b6 3A       		.uleb128 0x3a
 1197 00b7 0B       		.uleb128 0xb
 1198 00b8 3B       		.uleb128 0x3b
 1199 00b9 0B       		.uleb128 0xb
 1200 00ba 27       		.uleb128 0x27
 1201 00bb 19       		.uleb128 0x19
 1202 00bc 11       		.uleb128 0x11
 1203 00bd 01       		.uleb128 0x1
 1204 00be 12       		.uleb128 0x12
 1205 00bf 06       		.uleb128 0x6
 1206 00c0 40       		.uleb128 0x40
 1207 00c1 18       		.uleb128 0x18
 1208 00c2 9742     		.uleb128 0x2117
 1209 00c4 19       		.uleb128 0x19
 1210 00c5 01       		.uleb128 0x1
 1211 00c6 13       		.uleb128 0x13
 1212 00c7 00       		.byte	0
 1213 00c8 00       		.byte	0
 1214 00c9 10       		.uleb128 0x10
 1215 00ca 34       		.uleb128 0x34
 1216 00cb 00       		.byte	0
 1217 00cc 03       		.uleb128 0x3
ARM GAS  C:\Users\Lars\AppData\Local\Temp\ccSfIcje.s 			page 29


 1218 00cd 08       		.uleb128 0x8
 1219 00ce 3A       		.uleb128 0x3a
 1220 00cf 0B       		.uleb128 0xb
 1221 00d0 3B       		.uleb128 0x3b
 1222 00d1 0B       		.uleb128 0xb
 1223 00d2 49       		.uleb128 0x49
 1224 00d3 13       		.uleb128 0x13
 1225 00d4 02       		.uleb128 0x2
 1226 00d5 18       		.uleb128 0x18
 1227 00d6 00       		.byte	0
 1228 00d7 00       		.byte	0
 1229 00d8 11       		.uleb128 0x11
 1230 00d9 0B       		.uleb128 0xb
 1231 00da 01       		.byte	0x1
 1232 00db 11       		.uleb128 0x11
 1233 00dc 01       		.uleb128 0x1
 1234 00dd 12       		.uleb128 0x12
 1235 00de 06       		.uleb128 0x6
 1236 00df 00       		.byte	0
 1237 00e0 00       		.byte	0
 1238 00e1 12       		.uleb128 0x12
 1239 00e2 34       		.uleb128 0x34
 1240 00e3 00       		.byte	0
 1241 00e4 03       		.uleb128 0x3
 1242 00e5 0E       		.uleb128 0xe
 1243 00e6 3A       		.uleb128 0x3a
 1244 00e7 0B       		.uleb128 0xb
 1245 00e8 3B       		.uleb128 0x3b
 1246 00e9 0B       		.uleb128 0xb
 1247 00ea 49       		.uleb128 0x49
 1248 00eb 13       		.uleb128 0x13
 1249 00ec 02       		.uleb128 0x2
 1250 00ed 18       		.uleb128 0x18
 1251 00ee 00       		.byte	0
 1252 00ef 00       		.byte	0
 1253 00f0 13       		.uleb128 0x13
 1254 00f1 26       		.uleb128 0x26
 1255 00f2 00       		.byte	0
 1256 00f3 49       		.uleb128 0x49
 1257 00f4 13       		.uleb128 0x13
 1258 00f5 00       		.byte	0
 1259 00f6 00       		.byte	0
 1260 00f7 14       		.uleb128 0x14
 1261 00f8 2E       		.uleb128 0x2e
 1262 00f9 00       		.byte	0
 1263 00fa 03       		.uleb128 0x3
 1264 00fb 0E       		.uleb128 0xe
 1265 00fc 3A       		.uleb128 0x3a
 1266 00fd 0B       		.uleb128 0xb
 1267 00fe 3B       		.uleb128 0x3b
 1268 00ff 0B       		.uleb128 0xb
 1269 0100 27       		.uleb128 0x27
 1270 0101 19       		.uleb128 0x19
 1271 0102 11       		.uleb128 0x11
 1272 0103 01       		.uleb128 0x1
 1273 0104 12       		.uleb128 0x12
 1274 0105 06       		.uleb128 0x6
ARM GAS  C:\Users\Lars\AppData\Local\Temp\ccSfIcje.s 			page 30


 1275 0106 40       		.uleb128 0x40
 1276 0107 18       		.uleb128 0x18
 1277 0108 9642     		.uleb128 0x2116
 1278 010a 19       		.uleb128 0x19
 1279 010b 00       		.byte	0
 1280 010c 00       		.byte	0
 1281 010d 15       		.uleb128 0x15
 1282 010e 2E       		.uleb128 0x2e
 1283 010f 00       		.byte	0
 1284 0110 03       		.uleb128 0x3
 1285 0111 0E       		.uleb128 0xe
 1286 0112 3A       		.uleb128 0x3a
 1287 0113 0B       		.uleb128 0xb
 1288 0114 3B       		.uleb128 0x3b
 1289 0115 0B       		.uleb128 0xb
 1290 0116 27       		.uleb128 0x27
 1291 0117 19       		.uleb128 0x19
 1292 0118 11       		.uleb128 0x11
 1293 0119 01       		.uleb128 0x1
 1294 011a 12       		.uleb128 0x12
 1295 011b 06       		.uleb128 0x6
 1296 011c 40       		.uleb128 0x40
 1297 011d 18       		.uleb128 0x18
 1298 011e 9742     		.uleb128 0x2117
 1299 0120 19       		.uleb128 0x19
 1300 0121 00       		.byte	0
 1301 0122 00       		.byte	0
 1302 0123 16       		.uleb128 0x16
 1303 0124 2E       		.uleb128 0x2e
 1304 0125 01       		.byte	0x1
 1305 0126 3F       		.uleb128 0x3f
 1306 0127 19       		.uleb128 0x19
 1307 0128 03       		.uleb128 0x3
 1308 0129 0E       		.uleb128 0xe
 1309 012a 3A       		.uleb128 0x3a
 1310 012b 0B       		.uleb128 0xb
 1311 012c 3B       		.uleb128 0x3b
 1312 012d 05       		.uleb128 0x5
 1313 012e 27       		.uleb128 0x27
 1314 012f 19       		.uleb128 0x19
 1315 0130 11       		.uleb128 0x11
 1316 0131 01       		.uleb128 0x1
 1317 0132 12       		.uleb128 0x12
 1318 0133 06       		.uleb128 0x6
 1319 0134 40       		.uleb128 0x40
 1320 0135 18       		.uleb128 0x18
 1321 0136 9642     		.uleb128 0x2116
 1322 0138 19       		.uleb128 0x19
 1323 0139 01       		.uleb128 0x1
 1324 013a 13       		.uleb128 0x13
 1325 013b 00       		.byte	0
 1326 013c 00       		.byte	0
 1327 013d 17       		.uleb128 0x17
 1328 013e 34       		.uleb128 0x34
 1329 013f 00       		.byte	0
 1330 0140 03       		.uleb128 0x3
 1331 0141 0E       		.uleb128 0xe
ARM GAS  C:\Users\Lars\AppData\Local\Temp\ccSfIcje.s 			page 31


 1332 0142 3A       		.uleb128 0x3a
 1333 0143 0B       		.uleb128 0xb
 1334 0144 3B       		.uleb128 0x3b
 1335 0145 05       		.uleb128 0x5
 1336 0146 49       		.uleb128 0x49
 1337 0147 13       		.uleb128 0x13
 1338 0148 02       		.uleb128 0x2
 1339 0149 18       		.uleb128 0x18
 1340 014a 00       		.byte	0
 1341 014b 00       		.byte	0
 1342 014c 18       		.uleb128 0x18
 1343 014d 13       		.uleb128 0x13
 1344 014e 01       		.byte	0x1
 1345 014f 0B       		.uleb128 0xb
 1346 0150 0B       		.uleb128 0xb
 1347 0151 3A       		.uleb128 0x3a
 1348 0152 0B       		.uleb128 0xb
 1349 0153 3B       		.uleb128 0x3b
 1350 0154 05       		.uleb128 0x5
 1351 0155 01       		.uleb128 0x1
 1352 0156 13       		.uleb128 0x13
 1353 0157 00       		.byte	0
 1354 0158 00       		.byte	0
 1355 0159 19       		.uleb128 0x19
 1356 015a 0D       		.uleb128 0xd
 1357 015b 00       		.byte	0
 1358 015c 03       		.uleb128 0x3
 1359 015d 0E       		.uleb128 0xe
 1360 015e 3A       		.uleb128 0x3a
 1361 015f 0B       		.uleb128 0xb
 1362 0160 3B       		.uleb128 0x3b
 1363 0161 05       		.uleb128 0x5
 1364 0162 49       		.uleb128 0x49
 1365 0163 13       		.uleb128 0x13
 1366 0164 38       		.uleb128 0x38
 1367 0165 0B       		.uleb128 0xb
 1368 0166 00       		.byte	0
 1369 0167 00       		.byte	0
 1370 0168 1A       		.uleb128 0x1a
 1371 0169 01       		.uleb128 0x1
 1372 016a 01       		.byte	0x1
 1373 016b 49       		.uleb128 0x49
 1374 016c 13       		.uleb128 0x13
 1375 016d 01       		.uleb128 0x1
 1376 016e 13       		.uleb128 0x13
 1377 016f 00       		.byte	0
 1378 0170 00       		.byte	0
 1379 0171 1B       		.uleb128 0x1b
 1380 0172 21       		.uleb128 0x21
 1381 0173 00       		.byte	0
 1382 0174 49       		.uleb128 0x49
 1383 0175 13       		.uleb128 0x13
 1384 0176 2F       		.uleb128 0x2f
 1385 0177 0B       		.uleb128 0xb
 1386 0178 00       		.byte	0
 1387 0179 00       		.byte	0
 1388 017a 1C       		.uleb128 0x1c
ARM GAS  C:\Users\Lars\AppData\Local\Temp\ccSfIcje.s 			page 32


 1389 017b 34       		.uleb128 0x34
 1390 017c 00       		.byte	0
 1391 017d 03       		.uleb128 0x3
 1392 017e 08       		.uleb128 0x8
 1393 017f 3A       		.uleb128 0x3a
 1394 0180 0B       		.uleb128 0xb
 1395 0181 3B       		.uleb128 0x3b
 1396 0182 05       		.uleb128 0x5
 1397 0183 49       		.uleb128 0x49
 1398 0184 13       		.uleb128 0x13
 1399 0185 02       		.uleb128 0x2
 1400 0186 18       		.uleb128 0x18
 1401 0187 00       		.byte	0
 1402 0188 00       		.byte	0
 1403 0189 00       		.byte	0
 1404              		.section	.debug_aranges,"",%progbits
 1405 0000 4C000000 		.4byte	0x4c
 1406 0004 0200     		.2byte	0x2
 1407 0006 00000000 		.4byte	.Ldebug_info0
 1408 000a 04       		.byte	0x4
 1409 000b 00       		.byte	0
 1410 000c 0000     		.2byte	0
 1411 000e 0000     		.2byte	0
 1412 0010 00000000 		.4byte	.LFB0
 1413 0014 1E000000 		.4byte	.LFE0-.LFB0
 1414 0018 00000000 		.4byte	.LFB1
 1415 001c 20000000 		.4byte	.LFE1-.LFB1
 1416 0020 00000000 		.4byte	.LFB2
 1417 0024 20000000 		.4byte	.LFE2-.LFB2
 1418 0028 00000000 		.4byte	.LFB3
 1419 002c 82000000 		.4byte	.LFE3-.LFB3
 1420 0030 00000000 		.4byte	.LFB4
 1421 0034 5C000000 		.4byte	.LFE4-.LFB4
 1422 0038 00000000 		.4byte	.LFB5
 1423 003c 0A000000 		.4byte	.LFE5-.LFB5
 1424 0040 5C000000 		.4byte	.LFB6
 1425 0044 34010000 		.4byte	.LFE6-.LFB6
 1426 0048 00000000 		.4byte	0
 1427 004c 00000000 		.4byte	0
 1428              		.section	.debug_ranges,"",%progbits
 1429              	.Ldebug_ranges0:
 1430 0000 00000000 		.4byte	.LFB0
 1431 0004 1E000000 		.4byte	.LFE0
 1432 0008 00000000 		.4byte	.LFB1
 1433 000c 20000000 		.4byte	.LFE1
 1434 0010 00000000 		.4byte	.LFB2
 1435 0014 20000000 		.4byte	.LFE2
 1436 0018 00000000 		.4byte	.LFB3
 1437 001c 82000000 		.4byte	.LFE3
 1438 0020 00000000 		.4byte	.LFB4
 1439 0024 5C000000 		.4byte	.LFE4
 1440 0028 00000000 		.4byte	.LFB5
 1441 002c 0A000000 		.4byte	.LFE5
 1442 0030 5C000000 		.4byte	.LFB6
 1443 0034 90010000 		.4byte	.LFE6
 1444 0038 00000000 		.4byte	0
 1445 003c 00000000 		.4byte	0
ARM GAS  C:\Users\Lars\AppData\Local\Temp\ccSfIcje.s 			page 33


 1446              		.section	.debug_line,"",%progbits
 1447              	.Ldebug_line0:
 1448 0000 88010000 		.section	.debug_str,"MS",%progbits,1
 1448      0200CB00 
 1448      00000201 
 1448      FB0E0D00 
 1448      01010101 
 1449              	.LASF19:
 1450 0000 72656733 		.ascii	"reg32\000"
 1450      3200
 1451              	.LASF12:
 1452 0006 73697A65 		.ascii	"size_t\000"
 1452      5F7400
 1453              	.LASF33:
 1454 000d 416E616C 		.ascii	"AnalogSetDefault\000"
 1454      6F675365 
 1454      74446566 
 1454      61756C74 
 1454      00
 1455              	.LASF21:
 1456 001e 76616C75 		.ascii	"value\000"
 1456      6500
 1457              	.LASF31:
 1458 0024 636F756E 		.ascii	"count\000"
 1458      7400
 1459              	.LASF32:
 1460 002a 436C6F63 		.ascii	"ClockSetup\000"
 1460      6B536574 
 1460      757000
 1461              	.LASF34:
 1462 0035 63795F63 		.ascii	"cy_cfg_addr_table\000"
 1462      66675F61 
 1462      6464725F 
 1462      7461626C 
 1462      6500
 1463              	.LASF35:
 1464 0047 63795F63 		.ascii	"cy_cfg_data_table\000"
 1464      66675F64 
 1464      6174615F 
 1464      7461626C 
 1464      6500
 1465              	.LASF16:
 1466 0059 666C6F61 		.ascii	"float\000"
 1466      7400
 1467              	.LASF25:
 1468 005f 64657374 		.ascii	"dest\000"
 1468      00
 1469              	.LASF42:
 1470 0064 433A5C55 		.ascii	"C:\\Users\\Lars\\Documents\\PSoC Creator\\Workspace"
 1470      73657273 
 1470      5C4C6172 
 1470      735C446F 
 1470      63756D65 
 1471 0092 30315C50 		.ascii	"01\\P4_SingleDiode.cydsn\\PSoC4_Current_Digital_to_"
 1471      345F5369 
 1471      6E676C65 
 1471      44696F64 
ARM GAS  C:\Users\Lars\AppData\Local\Temp\ccSfIcje.s 			page 34


 1471      652E6379 
 1472 00c3 416E616C 		.ascii	"Analog_Converter02.cydsn\000"
 1472      6F675F43 
 1472      6F6E7665 
 1472      72746572 
 1472      30322E63 
 1473              	.LASF39:
 1474 00dc 6366675F 		.ascii	"cfg_memset_list\000"
 1474      6D656D73 
 1474      65745F6C 
 1474      69737400 
 1475              	.LASF37:
 1476 00ec 73697A65 		.ascii	"size\000"
 1476      00
 1477              	.LASF18:
 1478 00f1 72656738 		.ascii	"reg8\000"
 1478      00
 1479              	.LASF8:
 1480 00f6 6C6F6E67 		.ascii	"long unsigned int\000"
 1480      20756E73 
 1480      69676E65 
 1480      6420696E 
 1480      7400
 1481              	.LASF13:
 1482 0108 75696E74 		.ascii	"uint8\000"
 1482      3800
 1483              	.LASF23:
 1484 010e 43594D45 		.ascii	"CYMEMZERO\000"
 1484      4D5A4552 
 1484      4F00
 1485              	.LASF40:
 1486 0118 474E5520 		.ascii	"GNU C11 5.4.1 20160609 (release) [ARM/embedded-5-br"
 1486      43313120 
 1486      352E342E 
 1486      31203230 
 1486      31363036 
 1487 014b 616E6368 		.ascii	"anch revision 237715] -mcpu=cortex-m0 -mthumb -g -O"
 1487      20726576 
 1487      6973696F 
 1487      6E203233 
 1487      37373135 
 1488 017e 30202D66 		.ascii	"0 -ffunction-sections -ffat-lto-objects\000"
 1488      66756E63 
 1488      74696F6E 
 1488      2D736563 
 1488      74696F6E 
 1489              	.LASF4:
 1490 01a6 756E7369 		.ascii	"unsigned char\000"
 1490      676E6564 
 1490      20636861 
 1490      7200
 1491              	.LASF17:
 1492 01b4 646F7562 		.ascii	"double\000"
 1492      6C6500
 1493              	.LASF27:
 1494 01bb 6366675F 		.ascii	"cfg_write_bytes32\000"
 1494      77726974 
ARM GAS  C:\Users\Lars\AppData\Local\Temp\ccSfIcje.s 			page 35


 1494      655F6279 
 1494      74657333 
 1494      3200
 1495              	.LASF43:
 1496 01cd 63796669 		.ascii	"cyfitter_cfg\000"
 1496      74746572 
 1496      5F636667 
 1496      00
 1497              	.LASF28:
 1498 01da 61646472 		.ascii	"addr_table\000"
 1498      5F746162 
 1498      6C6500
 1499              	.LASF14:
 1500 01e5 75696E74 		.ascii	"uint16\000"
 1500      313600
 1501              	.LASF29:
 1502 01ec 64617461 		.ascii	"data_table\000"
 1502      5F746162 
 1502      6C6500
 1503              	.LASF15:
 1504 01f7 75696E74 		.ascii	"uint32\000"
 1504      333200
 1505              	.LASF0:
 1506 01fe 756E7369 		.ascii	"unsigned int\000"
 1506      676E6564 
 1506      20696E74 
 1506      00
 1507              	.LASF36:
 1508 020b 61646472 		.ascii	"address\000"
 1508      65737300 
 1509              	.LASF9:
 1510 0213 6C6F6E67 		.ascii	"long long unsigned int\000"
 1510      206C6F6E 
 1510      6720756E 
 1510      7369676E 
 1510      65642069 
 1511              	.LASF38:
 1512 022a 6366675F 		.ascii	"cfg_memset_t\000"
 1512      6D656D73 
 1512      65745F74 
 1512      00
 1513              	.LASF30:
 1514 0237 62617365 		.ascii	"baseAddr\000"
 1514      41646472 
 1514      00
 1515              	.LASF10:
 1516 0240 73697A65 		.ascii	"sizetype\000"
 1516      74797065 
 1516      00
 1517              	.LASF6:
 1518 0249 73686F72 		.ascii	"short unsigned int\000"
 1518      7420756E 
 1518      7369676E 
 1518      65642069 
 1518      6E7400
 1519              	.LASF1:
 1520 025c 6C6F6E67 		.ascii	"long long int\000"
ARM GAS  C:\Users\Lars\AppData\Local\Temp\ccSfIcje.s 			page 36


 1520      206C6F6E 
 1520      6720696E 
 1520      7400
 1521              	.LASF11:
 1522 026a 63686172 		.ascii	"char\000"
 1522      00
 1523              	.LASF22:
 1524 026f 63795F63 		.ascii	"cy_cfg_addrvalue_t\000"
 1524      66675F61 
 1524      64647276 
 1524      616C7565 
 1524      5F7400
 1525              	.LASF20:
 1526 0282 6F666673 		.ascii	"offset\000"
 1526      657400
 1527              	.LASF5:
 1528 0289 73686F72 		.ascii	"short int\000"
 1528      7420696E 
 1528      7400
 1529              	.LASF7:
 1530 0293 6C6F6E67 		.ascii	"long int\000"
 1530      20696E74 
 1530      00
 1531              	.LASF2:
 1532 029c 6C6F6E67 		.ascii	"long double\000"
 1532      20646F75 
 1532      626C6500 
 1533              	.LASF3:
 1534 02a8 7369676E 		.ascii	"signed char\000"
 1534      65642063 
 1534      68617200 
 1535              	.LASF41:
 1536 02b4 47656E65 		.ascii	"Generated_Source\\PSoC4\\cyfitter_cfg.c\000"
 1536      72617465 
 1536      645F536F 
 1536      75726365 
 1536      5C50536F 
 1537              	.LASF26:
 1538 02da 4359434F 		.ascii	"CYCONFIGCPYCODE\000"
 1538      4E464947 
 1538      43505943 
 1538      4F444500 
 1539              	.LASF24:
 1540 02ea 4359434F 		.ascii	"CYCONFIGCPY\000"
 1540      4E464947 
 1540      43505900 
 1541              		.ident	"GCC: (GNU Tools for ARM Embedded Processors) 5.4.1 20160609 (release) [ARM/embedded-5-bran
