ARM GAS  C:\Users\Lars\AppData\Local\Temp\ccbBu5n7.s 			page 1


   1              		.syntax unified
   2              		.cpu cortex-m0
   3              		.fpu softvfp
   4              		.eabi_attribute 20, 1
   5              		.eabi_attribute 21, 1
   6              		.eabi_attribute 23, 3
   7              		.eabi_attribute 24, 1
   8              		.eabi_attribute 25, 1
   9              		.eabi_attribute 26, 1
  10              		.eabi_attribute 30, 6
  11              		.eabi_attribute 34, 0
  12              		.eabi_attribute 18, 4
  13              		.thumb
  14              		.syntax unified
  15              		.file	"main.c"
  16              		.text
  17              	.Ltext0:
  18              		.cfi_sections	.debug_frame
  19              		.section	.text.main,"ax",%progbits
  20              		.align	2
  21              		.global	main
  22              		.code	16
  23              		.thumb_func
  24              		.type	main, %function
  25              	main:
  26              	.LFB32:
  27              		.file 1 "main.c"
   1:main.c        **** /*******************************************************************************
   2:main.c        **** * File: main.c
   3:main.c        **** *
   4:main.c        **** * Version: 2.00
   5:main.c        **** *
   6:main.c        **** * Description:
   7:main.c        **** *  This is the source code for example project that demonstartes basic
   8:main.c        **** *  functionality of PSoC4 IDAC8.
   9:main.c        **** *
  10:main.c        **** ********************************************************************************
  11:main.c        **** * Copyright 2013-2018, Cypress Semiconductor Corporation. All rights reserved.
  12:main.c        **** * This software is owned by Cypress Semiconductor Corporation and is protected
  13:main.c        **** * by and subject to worldwide patent and copyright laws and treaties.
  14:main.c        **** * Therefore, you may use this software only as provided in the license agreement
  15:main.c        **** * accompanying the software package from which you obtained this software.
  16:main.c        **** * CYPRESS AND ITS SUPPLIERS MAKE NO WARRANTY OF ANY KIND, EXPRESS OR IMPLIED,
  17:main.c        **** * WITH REGARD TO THIS SOFTWARE, INCLUDING, BUT NOT LIMITED TO, NONINFRINGEMENT,
  18:main.c        **** * IMPLIED WARRANTIES OF MERCHANTABILITY AND FITNESS FOR A PARTICULAR PURPOSE.
  19:main.c        **** *******************************************************************************/
  20:main.c        **** 
  21:main.c        **** #include <project.h>
  22:main.c        **** 
  23:main.c        **** #define SWITCH_PRESSED 0u       /* When switch is pressed, it is shorted to Vss */
  24:main.c        **** #define LOOP_DELAY     25uL     /* Loop speed is 35 ms */
  25:main.c        **** 
  26:main.c        **** /*******************************************************************************
  27:main.c        **** * Function Name: main
  28:main.c        **** ********************************************************************************
  29:main.c        **** *
  30:main.c        **** * Summary:
ARM GAS  C:\Users\Lars\AppData\Local\Temp\ccbBu5n7.s 			page 2


  31:main.c        **** *  Main function performs following functions:
  32:main.c        **** *   1: Start the IDAC and set initial value to 0
  33:main.c        **** *   2: Loop forever until switch (SW2) is pressed.
  34:main.c        **** *   3: Increment IDAC for as long as switch is pressed.
  35:main.c        **** *
  36:main.c        **** * Parameters:
  37:main.c        **** *  None.
  38:main.c        **** *
  39:main.c        **** * Return:
  40:main.c        **** *  None.
  41:main.c        **** *
  42:main.c        **** *******************************************************************************/
  43:main.c        **** int main()
  44:main.c        **** {
  28              		.loc 1 44 0
  29              		.cfi_startproc
  30              		@ args = 0, pretend = 0, frame = 8
  31              		@ frame_needed = 1, uses_anonymous_args = 0
  32 0000 80B5     		push	{r7, lr}
  33              		.cfi_def_cfa_offset 8
  34              		.cfi_offset 7, -8
  35              		.cfi_offset 14, -4
  36 0002 82B0     		sub	sp, sp, #8
  37              		.cfi_def_cfa_offset 16
  38 0004 00AF     		add	r7, sp, #0
  39              		.cfi_def_cfa_register 7
  45:main.c        ****     uint32 iDacValue = 0;         /* IDAC value and initial value */
  40              		.loc 1 45 0
  41 0006 0023     		movs	r3, #0
  42 0008 7B60     		str	r3, [r7, #4]
  46:main.c        ****  
  47:main.c        ****     IDAC8_Start();                /* Start the IDAC component */
  43              		.loc 1 47 0
  44 000a FFF7FEFF 		bl	IDAC8_Start
  48:main.c        **** 
  49:main.c        ****     IDAC8_SetValue(iDacValue);    /* Set IDAC output to 0 uA  */ 
  45              		.loc 1 49 0
  46 000e 7B68     		ldr	r3, [r7, #4]
  47 0010 1800     		movs	r0, r3
  48 0012 FFF7FEFF 		bl	IDAC8_SetValue
  49              	.L4:
  50:main.c        ****     
  51:main.c        ****     for(;;)
  52:main.c        ****     {
  53:main.c        ****         CyDelay(LOOP_DELAY);                /* Set Loop Delay to slow down iDAC ramp */
  50              		.loc 1 53 0
  51 0016 1920     		movs	r0, #25
  52 0018 FFF7FEFF 		bl	CyDelay
  54:main.c        ****         if(SW2_Read() == SWITCH_PRESSED )   /* If button pressed, increase output */
  53              		.loc 1 54 0
  54 001c FFF7FEFF 		bl	SW2_Read
  55 0020 031E     		subs	r3, r0, #0
  56 0022 F8D1     		bne	.L4
  55:main.c        ****         {
  56:main.c        ****             iDacValue++;
  57              		.loc 1 56 0
  58 0024 7B68     		ldr	r3, [r7, #4]
ARM GAS  C:\Users\Lars\AppData\Local\Temp\ccbBu5n7.s 			page 3


  59 0026 0133     		adds	r3, r3, #1
  60 0028 7B60     		str	r3, [r7, #4]
  57:main.c        ****             if( iDacValue > 255 )           /* If max value, reset to 0 */
  61              		.loc 1 57 0
  62 002a 7B68     		ldr	r3, [r7, #4]
  63 002c FF2B     		cmp	r3, #255
  64 002e 01D9     		bls	.L3
  58:main.c        ****             {
  59:main.c        ****                 iDacValue = 0;
  65              		.loc 1 59 0
  66 0030 0023     		movs	r3, #0
  67 0032 7B60     		str	r3, [r7, #4]
  68              	.L3:
  60:main.c        ****             }
  61:main.c        ****             IDAC8_SetValue(iDacValue);      /* Update the IDAC output  */
  69              		.loc 1 61 0
  70 0034 7B68     		ldr	r3, [r7, #4]
  71 0036 1800     		movs	r0, r3
  72 0038 FFF7FEFF 		bl	IDAC8_SetValue
  62:main.c        ****         }
  63:main.c        ****     }
  73              		.loc 1 63 0
  74 003c EBE7     		b	.L4
  75              		.cfi_endproc
  76              	.LFE32:
  77              		.size	main, .-main
  78 003e C046     		.text
  79              	.Letext0:
  80              		.file 2 "Generated_Source\\PSoC4/cytypes.h"
  81              		.section	.debug_info,"",%progbits
  82              	.Ldebug_info0:
  83 0000 BB000000 		.4byte	0xbb
  84 0004 0400     		.2byte	0x4
  85 0006 00000000 		.4byte	.Ldebug_abbrev0
  86 000a 04       		.byte	0x4
  87 000b 01       		.uleb128 0x1
  88 000c 37010000 		.4byte	.LASF14
  89 0010 0C       		.byte	0xc
  90 0011 22000000 		.4byte	.LASF15
  91 0015 83000000 		.4byte	.LASF16
  92 0019 00000000 		.4byte	.Ldebug_ranges0+0
  93 001d 00000000 		.4byte	0
  94 0021 00000000 		.4byte	.Ldebug_line0
  95 0025 02       		.uleb128 0x2
  96 0026 01       		.byte	0x1
  97 0027 06       		.byte	0x6
  98 0028 15010000 		.4byte	.LASF0
  99 002c 02       		.uleb128 0x2
 100 002d 01       		.byte	0x1
 101 002e 08       		.byte	0x8
 102 002f 67000000 		.4byte	.LASF1
 103 0033 02       		.uleb128 0x2
 104 0034 02       		.byte	0x2
 105 0035 05       		.byte	0x5
 106 0036 2D010000 		.4byte	.LASF2
 107 003a 02       		.uleb128 0x2
 108 003b 02       		.byte	0x2
ARM GAS  C:\Users\Lars\AppData\Local\Temp\ccbBu5n7.s 			page 4


 109 003c 07       		.byte	0x7
 110 003d 02010000 		.4byte	.LASF3
 111 0041 02       		.uleb128 0x2
 112 0042 04       		.byte	0x4
 113 0043 05       		.byte	0x5
 114 0044 7A000000 		.4byte	.LASF4
 115 0048 02       		.uleb128 0x2
 116 0049 04       		.byte	0x4
 117 004a 07       		.byte	0x7
 118 004b 38000000 		.4byte	.LASF5
 119 004f 02       		.uleb128 0x2
 120 0050 08       		.byte	0x8
 121 0051 05       		.byte	0x5
 122 0052 00000000 		.4byte	.LASF6
 123 0056 02       		.uleb128 0x2
 124 0057 08       		.byte	0x8
 125 0058 07       		.byte	0x7
 126 0059 4A000000 		.4byte	.LASF7
 127 005d 03       		.uleb128 0x3
 128 005e 04       		.byte	0x4
 129 005f 05       		.byte	0x5
 130 0060 696E7400 		.ascii	"int\000"
 131 0064 02       		.uleb128 0x2
 132 0065 04       		.byte	0x4
 133 0066 07       		.byte	0x7
 134 0067 15000000 		.4byte	.LASF8
 135 006b 04       		.uleb128 0x4
 136 006c 0E000000 		.4byte	.LASF17
 137 0070 02       		.byte	0x2
 138 0071 E601     		.2byte	0x1e6
 139 0073 48000000 		.4byte	0x48
 140 0077 02       		.uleb128 0x2
 141 0078 04       		.byte	0x4
 142 0079 04       		.byte	0x4
 143 007a 61000000 		.4byte	.LASF9
 144 007e 02       		.uleb128 0x2
 145 007f 08       		.byte	0x8
 146 0080 04       		.byte	0x4
 147 0081 FB000000 		.4byte	.LASF10
 148 0085 02       		.uleb128 0x2
 149 0086 01       		.byte	0x1
 150 0087 08       		.byte	0x8
 151 0088 75000000 		.4byte	.LASF11
 152 008c 02       		.uleb128 0x2
 153 008d 08       		.byte	0x8
 154 008e 04       		.byte	0x4
 155 008f 21010000 		.4byte	.LASF12
 156 0093 02       		.uleb128 0x2
 157 0094 04       		.byte	0x4
 158 0095 07       		.byte	0x7
 159 0096 C5010000 		.4byte	.LASF13
 160 009a 05       		.uleb128 0x5
 161 009b 29000000 		.4byte	.LASF18
 162 009f 01       		.byte	0x1
 163 00a0 2B       		.byte	0x2b
 164 00a1 5D000000 		.4byte	0x5d
 165 00a5 00000000 		.4byte	.LFB32
ARM GAS  C:\Users\Lars\AppData\Local\Temp\ccbBu5n7.s 			page 5


 166 00a9 3E000000 		.4byte	.LFE32-.LFB32
 167 00ad 01       		.uleb128 0x1
 168 00ae 9C       		.byte	0x9c
 169 00af 06       		.uleb128 0x6
 170 00b0 2E000000 		.4byte	.LASF19
 171 00b4 01       		.byte	0x1
 172 00b5 2D       		.byte	0x2d
 173 00b6 6B000000 		.4byte	0x6b
 174 00ba 02       		.uleb128 0x2
 175 00bb 91       		.byte	0x91
 176 00bc 74       		.sleb128 -12
 177 00bd 00       		.byte	0
 178 00be 00       		.byte	0
 179              		.section	.debug_abbrev,"",%progbits
 180              	.Ldebug_abbrev0:
 181 0000 01       		.uleb128 0x1
 182 0001 11       		.uleb128 0x11
 183 0002 01       		.byte	0x1
 184 0003 25       		.uleb128 0x25
 185 0004 0E       		.uleb128 0xe
 186 0005 13       		.uleb128 0x13
 187 0006 0B       		.uleb128 0xb
 188 0007 03       		.uleb128 0x3
 189 0008 0E       		.uleb128 0xe
 190 0009 1B       		.uleb128 0x1b
 191 000a 0E       		.uleb128 0xe
 192 000b 55       		.uleb128 0x55
 193 000c 17       		.uleb128 0x17
 194 000d 11       		.uleb128 0x11
 195 000e 01       		.uleb128 0x1
 196 000f 10       		.uleb128 0x10
 197 0010 17       		.uleb128 0x17
 198 0011 00       		.byte	0
 199 0012 00       		.byte	0
 200 0013 02       		.uleb128 0x2
 201 0014 24       		.uleb128 0x24
 202 0015 00       		.byte	0
 203 0016 0B       		.uleb128 0xb
 204 0017 0B       		.uleb128 0xb
 205 0018 3E       		.uleb128 0x3e
 206 0019 0B       		.uleb128 0xb
 207 001a 03       		.uleb128 0x3
 208 001b 0E       		.uleb128 0xe
 209 001c 00       		.byte	0
 210 001d 00       		.byte	0
 211 001e 03       		.uleb128 0x3
 212 001f 24       		.uleb128 0x24
 213 0020 00       		.byte	0
 214 0021 0B       		.uleb128 0xb
 215 0022 0B       		.uleb128 0xb
 216 0023 3E       		.uleb128 0x3e
 217 0024 0B       		.uleb128 0xb
 218 0025 03       		.uleb128 0x3
 219 0026 08       		.uleb128 0x8
 220 0027 00       		.byte	0
 221 0028 00       		.byte	0
 222 0029 04       		.uleb128 0x4
ARM GAS  C:\Users\Lars\AppData\Local\Temp\ccbBu5n7.s 			page 6


 223 002a 16       		.uleb128 0x16
 224 002b 00       		.byte	0
 225 002c 03       		.uleb128 0x3
 226 002d 0E       		.uleb128 0xe
 227 002e 3A       		.uleb128 0x3a
 228 002f 0B       		.uleb128 0xb
 229 0030 3B       		.uleb128 0x3b
 230 0031 05       		.uleb128 0x5
 231 0032 49       		.uleb128 0x49
 232 0033 13       		.uleb128 0x13
 233 0034 00       		.byte	0
 234 0035 00       		.byte	0
 235 0036 05       		.uleb128 0x5
 236 0037 2E       		.uleb128 0x2e
 237 0038 01       		.byte	0x1
 238 0039 3F       		.uleb128 0x3f
 239 003a 19       		.uleb128 0x19
 240 003b 03       		.uleb128 0x3
 241 003c 0E       		.uleb128 0xe
 242 003d 3A       		.uleb128 0x3a
 243 003e 0B       		.uleb128 0xb
 244 003f 3B       		.uleb128 0x3b
 245 0040 0B       		.uleb128 0xb
 246 0041 49       		.uleb128 0x49
 247 0042 13       		.uleb128 0x13
 248 0043 11       		.uleb128 0x11
 249 0044 01       		.uleb128 0x1
 250 0045 12       		.uleb128 0x12
 251 0046 06       		.uleb128 0x6
 252 0047 40       		.uleb128 0x40
 253 0048 18       		.uleb128 0x18
 254 0049 9642     		.uleb128 0x2116
 255 004b 19       		.uleb128 0x19
 256 004c 00       		.byte	0
 257 004d 00       		.byte	0
 258 004e 06       		.uleb128 0x6
 259 004f 34       		.uleb128 0x34
 260 0050 00       		.byte	0
 261 0051 03       		.uleb128 0x3
 262 0052 0E       		.uleb128 0xe
 263 0053 3A       		.uleb128 0x3a
 264 0054 0B       		.uleb128 0xb
 265 0055 3B       		.uleb128 0x3b
 266 0056 0B       		.uleb128 0xb
 267 0057 49       		.uleb128 0x49
 268 0058 13       		.uleb128 0x13
 269 0059 02       		.uleb128 0x2
 270 005a 18       		.uleb128 0x18
 271 005b 00       		.byte	0
 272 005c 00       		.byte	0
 273 005d 00       		.byte	0
 274              		.section	.debug_aranges,"",%progbits
 275 0000 1C000000 		.4byte	0x1c
 276 0004 0200     		.2byte	0x2
 277 0006 00000000 		.4byte	.Ldebug_info0
 278 000a 04       		.byte	0x4
 279 000b 00       		.byte	0
ARM GAS  C:\Users\Lars\AppData\Local\Temp\ccbBu5n7.s 			page 7


 280 000c 0000     		.2byte	0
 281 000e 0000     		.2byte	0
 282 0010 00000000 		.4byte	.LFB32
 283 0014 3E000000 		.4byte	.LFE32-.LFB32
 284 0018 00000000 		.4byte	0
 285 001c 00000000 		.4byte	0
 286              		.section	.debug_ranges,"",%progbits
 287              	.Ldebug_ranges0:
 288 0000 00000000 		.4byte	.LFB32
 289 0004 3E000000 		.4byte	.LFE32
 290 0008 00000000 		.4byte	0
 291 000c 00000000 		.4byte	0
 292              		.section	.debug_line,"",%progbits
 293              	.Ldebug_line0:
 294 0000 60000000 		.section	.debug_str,"MS",%progbits,1
 294      02004100 
 294      00000201 
 294      FB0E0D00 
 294      01010101 
 295              	.LASF6:
 296 0000 6C6F6E67 		.ascii	"long long int\000"
 296      206C6F6E 
 296      6720696E 
 296      7400
 297              	.LASF17:
 298 000e 75696E74 		.ascii	"uint32\000"
 298      333200
 299              	.LASF8:
 300 0015 756E7369 		.ascii	"unsigned int\000"
 300      676E6564 
 300      20696E74 
 300      00
 301              	.LASF15:
 302 0022 6D61696E 		.ascii	"main.c\000"
 302      2E6300
 303              	.LASF18:
 304 0029 6D61696E 		.ascii	"main\000"
 304      00
 305              	.LASF19:
 306 002e 69446163 		.ascii	"iDacValue\000"
 306      56616C75 
 306      6500
 307              	.LASF5:
 308 0038 6C6F6E67 		.ascii	"long unsigned int\000"
 308      20756E73 
 308      69676E65 
 308      6420696E 
 308      7400
 309              	.LASF7:
 310 004a 6C6F6E67 		.ascii	"long long unsigned int\000"
 310      206C6F6E 
 310      6720756E 
 310      7369676E 
 310      65642069 
 311              	.LASF9:
 312 0061 666C6F61 		.ascii	"float\000"
 312      7400
ARM GAS  C:\Users\Lars\AppData\Local\Temp\ccbBu5n7.s 			page 8


 313              	.LASF1:
 314 0067 756E7369 		.ascii	"unsigned char\000"
 314      676E6564 
 314      20636861 
 314      7200
 315              	.LASF11:
 316 0075 63686172 		.ascii	"char\000"
 316      00
 317              	.LASF4:
 318 007a 6C6F6E67 		.ascii	"long int\000"
 318      20696E74 
 318      00
 319              	.LASF16:
 320 0083 433A5C55 		.ascii	"C:\\Users\\Lars\\Documents\\PSoC Creator\\Workspace"
 320      73657273 
 320      5C4C6172 
 320      735C446F 
 320      63756D65 
 321 00b1 30315C50 		.ascii	"01\\P4_SingleDiode.cydsn\\PSoC4_Current_Digital_to_"
 321      345F5369 
 321      6E676C65 
 321      44696F64 
 321      652E6379 
 322 00e2 416E616C 		.ascii	"Analog_Converter01.cydsn\000"
 322      6F675F43 
 322      6F6E7665 
 322      72746572 
 322      30312E63 
 323              	.LASF10:
 324 00fb 646F7562 		.ascii	"double\000"
 324      6C6500
 325              	.LASF3:
 326 0102 73686F72 		.ascii	"short unsigned int\000"
 326      7420756E 
 326      7369676E 
 326      65642069 
 326      6E7400
 327              	.LASF0:
 328 0115 7369676E 		.ascii	"signed char\000"
 328      65642063 
 328      68617200 
 329              	.LASF12:
 330 0121 6C6F6E67 		.ascii	"long double\000"
 330      20646F75 
 330      626C6500 
 331              	.LASF2:
 332 012d 73686F72 		.ascii	"short int\000"
 332      7420696E 
 332      7400
 333              	.LASF14:
 334 0137 474E5520 		.ascii	"GNU C11 5.4.1 20160609 (release) [ARM/embedded-5-br"
 334      43313120 
 334      352E342E 
 334      31203230 
 334      31363036 
 335 016a 616E6368 		.ascii	"anch revision 237715] -mcpu=cortex-m0 -mthumb -g -O"
 335      20726576 
ARM GAS  C:\Users\Lars\AppData\Local\Temp\ccbBu5n7.s 			page 9


 335      6973696F 
 335      6E203233 
 335      37373135 
 336 019d 30202D66 		.ascii	"0 -ffunction-sections -ffat-lto-objects\000"
 336      66756E63 
 336      74696F6E 
 336      2D736563 
 336      74696F6E 
 337              	.LASF13:
 338 01c5 73697A65 		.ascii	"sizetype\000"
 338      74797065 
 338      00
 339              		.ident	"GCC: (GNU Tools for ARM Embedded Processors) 5.4.1 20160609 (release) [ARM/embedded-5-bran
