--------------- Build Started: 09/23/2019 09:50:02 Project: PSOC4_ForwardVoltageTSEP, Configuration: ARM GCC 5.4-2016-q2-update Debug ---------------
cydsfit.exe -.appdatapath "C:\Users\Lars\AppData\Local\Cypress Semiconductor\PSoC Creator\4.2" -.fdsnotice -.fdswarpdepfile=warp_dependencies.txt -.fdselabdepfile=elab_dependencies.txt -.fdsbldfile=generated_files.txt -.fdsreffile=referenced_files.txt -p "C:\Users\Lars\Documents\PSoC Creator\Workspace01\PSOC4_ForwardVoltageTSEP.cydsn\PSOC4_ForwardVoltageTSEP.cyprj" -d CY8C4245AXI-483 -s "C:\Users\Lars\Documents\PSoC Creator\Workspace01\PSOC4_ForwardVoltageTSEP.cydsn\Generated_Source\PSoC4" -- -yv2 -q10 -ygs -o2 -v3 -.fftcfgtype=LE
Elaborating Design...
ADD: fit.M0032: warning: Clock Warning: (SPIS_SCBCLK's accuracy range '36 MHz +/- 2%, (35.28 MHz - 36.72 MHz)' is not within the specified tolerance range '48 MHz -2% +1000%, (47.04 MHz - 528 MHz)'.).
 * C:\Program Files (x86)\Cypress\PSoC Creator\4.2\PSoC Creator\psoc\content\CyComponentLibrary\CyComponentLibrary.cylib\SCB_P4_v4_0\PSoC4\SCB_P4_v4_0.cysch (Instance:SCBCLK)
 * C:\Users\Lars\Documents\PSoC Creator\Workspace01\PSOC4_ForwardVoltageTSEP.cydsn\PSOC4_ForwardVoltageTSEP.cydwr (SPIS_SCBCLK)
HDL Generation...
Synthesis...
Tech Mapping...
Analog Placement...
Analog Routing...
Analog Code Generation...
Digital Placement...
Digital Routing...
Bitstream Generation...
Bitstream Verification...
Static timing analysis...
API Generation...
Dependency Generation...
Cleanup...
arm-none-eabi-gcc.exe -mcpu=cortex-m0 -mthumb -I. -IGenerated_Source\PSoC4 -Wa,-alh=.\CortexM0\ARM_GCC_541\Debug/main.lst -g -D DEBUG -Wall -ffunction-sections -ffat-lto-objects -O0 -c main.c -o .\CortexM0\ARM_GCC_541\Debug\main.o
main.c: In function 'main':
main.c:44:12: warning: unused variable 'temperature_diff' [-Wunused-variable]
      int16 temperature_diff;
            ^
main.c:43:12: warning: variable 'psoc_temperature' set but not used [-Wunused-but-set-variable]
      int16 psoc_temperature;
            ^
main.c:41:17: warning: variable 'diode_temperature' set but not used [-Wunused-but-set-variable]
         float32 diode_temperature;
                 ^
main.c:40:15: warning: variable 'calib_temperature' set but not used [-Wunused-but-set-variable]
         int32 calib_temperature = 0;
               ^
main.c:61:29: warning: 'psoc_tempCounts' may be used uninitialized in this function [-Wmaybe-uninitialized]
         calib_temperature = DieTemp_CountsTo_Celsius(psoc_tempCounts);
                             ^
arm-none-eabi-gcc.exe -mcpu=cortex-m0 -mthumb -I. -IGenerated_Source\PSoC4 -Wa,-alh=.\CortexM0\ARM_GCC_541\Debug/currentSink.lst -g -D DEBUG -Wall -ffunction-sections -ffat-lto-objects -O0 -c currentSink.c -o .\CortexM0\ARM_GCC_541\Debug\currentSink.o
arm-none-eabi-gcc.exe -mcpu=cortex-m0 -mthumb -I. -IGenerated_Source\PSoC4 -Wa,-alh=.\CortexM0\ARM_GCC_541\Debug/myspi.lst -g -D DEBUG -Wall -ffunction-sections -ffat-lto-objects -O0 -c myspi.c -o .\CortexM0\ARM_GCC_541\Debug\myspi.o
myspi.c: In function 'initializeSPIInterface':
myspi.c:40:11: warning: unused variable 'nBytes' [-Wunused-variable]
     uint8 nBytes;
           ^
myspi.c:39:11: warning: unused variable 'status' [-Wunused-variable]
     uint8 status;
           ^
myspi.c: In function 'SPIS_SPI_UART_ISR_ExitCallback':
myspi.c:88:11: warning: variable 'nBytes' set but not used [-Wunused-but-set-variable]
     uint8 nBytes;
           ^
arm-none-eabi-gcc.exe -mcpu=cortex-m0 -mthumb -I. -IGenerated_Source\PSoC4 -Wa,-alh=.\CortexM0\ARM_GCC_541\Debug/diodeMeasurement.lst -g -D DEBUG -Wall -ffunction-sections -ffat-lto-objects -O0 -c diodeMeasurement.c -o .\CortexM0\ARM_GCC_541\Debug\diodeMeasurement.o
arm-none-eabi-gcc.exe -mcpu=cortex-m0 -mthumb -I. -IGenerated_Source\PSoC4 -Wa,-alh=.\CortexM0\ARM_GCC_541\Debug/cyfitter_cfg.lst -g -D DEBUG -Wall -ffunction-sections -ffat-lto-objects -O0 -c Generated_Source\PSoC4\cyfitter_cfg.c -o .\CortexM0\ARM_GCC_541\Debug\cyfitter_cfg.o
arm-none-eabi-gcc.exe -mcpu=cortex-m0 -mthumb -I. -IGenerated_Source\PSoC4 -Wa,-alh=.\CortexM0\ARM_GCC_541\Debug/cymetadata.lst -g -D DEBUG -Wall -ffunction-sections -ffat-lto-objects -O0 -c Generated_Source\PSoC4\cymetadata.c -o .\CortexM0\ARM_GCC_541\Debug\cymetadata.o
arm-none-eabi-gcc.exe -mcpu=cortex-m0 -mthumb -I. -IGenerated_Source\PSoC4 -Wa,-alh=.\CortexM0\ARM_GCC_541\Debug/Opamp_1.lst -g -D DEBUG -Wall -ffunction-sections -ffat-lto-objects -O0 -c Generated_Source\PSoC4\Opamp_1.c -o .\CortexM0\ARM_GCC_541\Debug\Opamp_1.o
arm-none-eabi-gcc.exe -mcpu=cortex-m0 -mthumb -I. -IGenerated_Source\PSoC4 -Wa,-alh=.\CortexM0\ARM_GCC_541\Debug/Opamp_1_PM.lst -g -D DEBUG -Wall -ffunction-sections -ffat-lto-objects -O0 -c Generated_Source\PSoC4\Opamp_1_PM.c -o .\CortexM0\ARM_GCC_541\Debug\Opamp_1_PM.o
arm-none-eabi-gcc.exe -mcpu=cortex-m0 -mthumb -I. -IGenerated_Source\PSoC4 -Wa,-alh=.\CortexM0\ARM_GCC_541\Debug/Opamp_2.lst -g -D DEBUG -Wall -ffunction-sections -ffat-lto-objects -O0 -c Generated_Source\PSoC4\Opamp_2.c -o .\CortexM0\ARM_GCC_541\Debug\Opamp_2.o
arm-none-eabi-gcc.exe -mcpu=cortex-m0 -mthumb -I. -IGenerated_Source\PSoC4 -Wa,-alh=.\CortexM0\ARM_GCC_541\Debug/Opamp_2_PM.lst -g -D DEBUG -Wall -ffunction-sections -ffat-lto-objects -O0 -c Generated_Source\PSoC4\Opamp_2_PM.c -o .\CortexM0\ARM_GCC_541\Debug\Opamp_2_PM.o
arm-none-eabi-gcc.exe -mcpu=cortex-m0 -mthumb -I. -IGenerated_Source\PSoC4 -Wa,-alh=.\CortexM0\ARM_GCC_541\Debug/ADC_SAR.lst -g -D DEBUG -Wall -ffunction-sections -ffat-lto-objects -O0 -c Generated_Source\PSoC4\ADC_SAR.c -o .\CortexM0\ARM_GCC_541\Debug\ADC_SAR.o
arm-none-eabi-gcc.exe -mcpu=cortex-m0 -mthumb -I. -IGenerated_Source\PSoC4 -Wa,-alh=.\CortexM0\ARM_GCC_541\Debug/ADC_SAR_PM.lst -g -D DEBUG -Wall -ffunction-sections -ffat-lto-objects -O0 -c Generated_Source\PSoC4\ADC_SAR_PM.c -o .\CortexM0\ARM_GCC_541\Debug\ADC_SAR_PM.o
arm-none-eabi-gcc.exe -mcpu=cortex-m0 -mthumb -I. -IGenerated_Source\PSoC4 -Wa,-alh=.\CortexM0\ARM_GCC_541\Debug/ADC_SAR_INT.lst -g -D DEBUG -Wall -ffunction-sections -ffat-lto-objects -O0 -c Generated_Source\PSoC4\ADC_SAR_INT.c -o .\CortexM0\ARM_GCC_541\Debug\ADC_SAR_INT.o
arm-none-eabi-gcc.exe -mcpu=cortex-m0 -mthumb -I. -IGenerated_Source\PSoC4 -Wa,-alh=.\CortexM0\ARM_GCC_541\Debug/Pin_Sens_High.lst -g -D DEBUG -Wall -ffunction-sections -ffat-lto-objects -O0 -c Generated_Source\PSoC4\Pin_Sens_High.c -o .\CortexM0\ARM_GCC_541\Debug\Pin_Sens_High.o
arm-none-eabi-gcc.exe -mcpu=cortex-m0 -mthumb -I. -IGenerated_Source\PSoC4 -Wa,-alh=.\CortexM0\ARM_GCC_541\Debug/Pin_Sens_High_PM.lst -g -D DEBUG -Wall -ffunction-sections -ffat-lto-objects -O0 -c Generated_Source\PSoC4\Pin_Sens_High_PM.c -o .\CortexM0\ARM_GCC_541\Debug\Pin_Sens_High_PM.o
arm-none-eabi-gcc.exe -mcpu=cortex-m0 -mthumb -I. -IGenerated_Source\PSoC4 -Wa,-alh=.\CortexM0\ARM_GCC_541\Debug/AMux_High.lst -g -D DEBUG -Wall -ffunction-sections -ffat-lto-objects -O0 -c Generated_Source\PSoC4\AMux_High.c -o .\CortexM0\ARM_GCC_541\Debug\AMux_High.o
arm-none-eabi-gcc.exe -mcpu=cortex-m0 -mthumb -I. -IGenerated_Source\PSoC4 -Wa,-alh=.\CortexM0\ARM_GCC_541\Debug/AMux_Low.lst -g -D DEBUG -Wall -ffunction-sections -ffat-lto-objects -O0 -c Generated_Source\PSoC4\AMux_Low.c -o .\CortexM0\ARM_GCC_541\Debug\AMux_Low.o
arm-none-eabi-gcc.exe -mcpu=cortex-m0 -mthumb -I. -IGenerated_Source\PSoC4 -Wa,-alh=.\CortexM0\ARM_GCC_541\Debug/Pin_Sens_Low.lst -g -D DEBUG -Wall -ffunction-sections -ffat-lto-objects -O0 -c Generated_Source\PSoC4\Pin_Sens_Low.c -o .\CortexM0\ARM_GCC_541\Debug\Pin_Sens_Low.o
arm-none-eabi-gcc.exe -mcpu=cortex-m0 -mthumb -I. -IGenerated_Source\PSoC4 -Wa,-alh=.\CortexM0\ARM_GCC_541\Debug/Pin_Sens_Low_PM.lst -g -D DEBUG -Wall -ffunction-sections -ffat-lto-objects -O0 -c Generated_Source\PSoC4\Pin_Sens_Low_PM.c -o .\CortexM0\ARM_GCC_541\Debug\Pin_Sens_Low_PM.o
arm-none-eabi-gcc.exe -mcpu=cortex-m0 -mthumb -I. -IGenerated_Source\PSoC4 -Wa,-alh=.\CortexM0\ARM_GCC_541\Debug/IDAC.lst -g -D DEBUG -Wall -ffunction-sections -ffat-lto-objects -O0 -c Generated_Source\PSoC4\IDAC.c -o .\CortexM0\ARM_GCC_541\Debug\IDAC.o
arm-none-eabi-gcc.exe -mcpu=cortex-m0 -mthumb -I. -IGenerated_Source\PSoC4 -Wa,-alh=.\CortexM0\ARM_GCC_541\Debug/IDAC_PM.lst -g -D DEBUG -Wall -ffunction-sections -ffat-lto-objects -O0 -c Generated_Source\PSoC4\IDAC_PM.c -o .\CortexM0\ARM_GCC_541\Debug\IDAC_PM.o
arm-none-eabi-gcc.exe -mcpu=cortex-m0 -mthumb -I. -IGenerated_Source\PSoC4 -Wa,-alh=.\CortexM0\ARM_GCC_541\Debug/DieTemp.lst -g -D DEBUG -Wall -ffunction-sections -ffat-lto-objects -O0 -c Generated_Source\PSoC4\DieTemp.c -o .\CortexM0\ARM_GCC_541\Debug\DieTemp.o
arm-none-eabi-gcc.exe -mcpu=cortex-m0 -mthumb -I. -IGenerated_Source\PSoC4 -Wa,-alh=.\CortexM0\ARM_GCC_541\Debug/GPIO_VREF.lst -g -D DEBUG -Wall -ffunction-sections -ffat-lto-objects -O0 -c Generated_Source\PSoC4\GPIO_VREF.c -o .\CortexM0\ARM_GCC_541\Debug\GPIO_VREF.o
arm-none-eabi-gcc.exe -mcpu=cortex-m0 -mthumb -I. -IGenerated_Source\PSoC4 -Wa,-alh=.\CortexM0\ARM_GCC_541\Debug/GPIO_VREF_PM.lst -g -D DEBUG -Wall -ffunction-sections -ffat-lto-objects -O0 -c Generated_Source\PSoC4\GPIO_VREF_PM.c -o .\CortexM0\ARM_GCC_541\Debug\GPIO_VREF_PM.o
arm-none-eabi-gcc.exe -mcpu=cortex-m0 -mthumb -I. -IGenerated_Source\PSoC4 -Wa,-alh=.\CortexM0\ARM_GCC_541\Debug/GPIO_S0.lst -g -D DEBUG -Wall -ffunction-sections -ffat-lto-objects -O0 -c Generated_Source\PSoC4\GPIO_S0.c -o .\CortexM0\ARM_GCC_541\Debug\GPIO_S0.o
arm-none-eabi-gcc.exe -mcpu=cortex-m0 -mthumb -I. -IGenerated_Source\PSoC4 -Wa,-alh=.\CortexM0\ARM_GCC_541\Debug/GPIO_S0_PM.lst -g -D DEBUG -Wall -ffunction-sections -ffat-lto-objects -O0 -c Generated_Source\PSoC4\GPIO_S0_PM.c -o .\CortexM0\ARM_GCC_541\Debug\GPIO_S0_PM.o
arm-none-eabi-gcc.exe -mcpu=cortex-m0 -mthumb -I. -IGenerated_Source\PSoC4 -Wa,-alh=.\CortexM0\ARM_GCC_541\Debug/GPIO_S1.lst -g -D DEBUG -Wall -ffunction-sections -ffat-lto-objects -O0 -c Generated_Source\PSoC4\GPIO_S1.c -o .\CortexM0\ARM_GCC_541\Debug\GPIO_S1.o
arm-none-eabi-gcc.exe -mcpu=cortex-m0 -mthumb -I. -IGenerated_Source\PSoC4 -Wa,-alh=.\CortexM0\ARM_GCC_541\Debug/GPIO_S1_PM.lst -g -D DEBUG -Wall -ffunction-sections -ffat-lto-objects -O0 -c Generated_Source\PSoC4\GPIO_S1_PM.c -o .\CortexM0\ARM_GCC_541\Debug\GPIO_S1_PM.o
arm-none-eabi-gcc.exe -mcpu=cortex-m0 -mthumb -I. -IGenerated_Source\PSoC4 -Wa,-alh=.\CortexM0\ARM_GCC_541\Debug/GPIO_EN.lst -g -D DEBUG -Wall -ffunction-sections -ffat-lto-objects -O0 -c Generated_Source\PSoC4\GPIO_EN.c -o .\CortexM0\ARM_GCC_541\Debug\GPIO_EN.o
arm-none-eabi-gcc.exe -mcpu=cortex-m0 -mthumb -I. -IGenerated_Source\PSoC4 -Wa,-alh=.\CortexM0\ARM_GCC_541\Debug/GPIO_EN_PM.lst -g -D DEBUG -Wall -ffunction-sections -ffat-lto-objects -O0 -c Generated_Source\PSoC4\GPIO_EN_PM.c -o .\CortexM0\ARM_GCC_541\Debug\GPIO_EN_PM.o
arm-none-eabi-gcc.exe -mcpu=cortex-m0 -mthumb -I. -IGenerated_Source\PSoC4 -Wa,-alh=.\CortexM0\ARM_GCC_541\Debug/IDAC_IN.lst -g -D DEBUG -Wall -ffunction-sections -ffat-lto-objects -O0 -c Generated_Source\PSoC4\IDAC_IN.c -o .\CortexM0\ARM_GCC_541\Debug\IDAC_IN.o
arm-none-eabi-gcc.exe -mcpu=cortex-m0 -mthumb -I. -IGenerated_Source\PSoC4 -Wa,-alh=.\CortexM0\ARM_GCC_541\Debug/IDAC_IN_PM.lst -g -D DEBUG -Wall -ffunction-sections -ffat-lto-objects -O0 -c Generated_Source\PSoC4\IDAC_IN_PM.c -o .\CortexM0\ARM_GCC_541\Debug\IDAC_IN_PM.o
arm-none-eabi-gcc.exe -mcpu=cortex-m0 -mthumb -I. -IGenerated_Source\PSoC4 -Wa,-alh=.\CortexM0\ARM_GCC_541\Debug/SPIS.lst -g -D DEBUG -Wall -ffunction-sections -ffat-lto-objects -O0 -c Generated_Source\PSoC4\SPIS.c -o .\CortexM0\ARM_GCC_541\Debug\SPIS.o
arm-none-eabi-gcc.exe -mcpu=cortex-m0 -mthumb -I. -IGenerated_Source\PSoC4 -Wa,-alh=.\CortexM0\ARM_GCC_541\Debug/SPIS_PM.lst -g -D DEBUG -Wall -ffunction-sections -ffat-lto-objects -O0 -c Generated_Source\PSoC4\SPIS_PM.c -o .\CortexM0\ARM_GCC_541\Debug\SPIS_PM.o
arm-none-eabi-gcc.exe -mcpu=cortex-m0 -mthumb -I. -IGenerated_Source\PSoC4 -Wa,-alh=.\CortexM0\ARM_GCC_541\Debug/SPIS_BOOT.lst -g -D DEBUG -Wall -ffunction-sections -ffat-lto-objects -O0 -c Generated_Source\PSoC4\SPIS_BOOT.c -o .\CortexM0\ARM_GCC_541\Debug\SPIS_BOOT.o
arm-none-eabi-gcc.exe -mcpu=cortex-m0 -mthumb -I. -IGenerated_Source\PSoC4 -Wa,-alh=.\CortexM0\ARM_GCC_541\Debug/SPIS_SPI_UART.lst -g -D DEBUG -Wall -ffunction-sections -ffat-lto-objects -O0 -c Generated_Source\PSoC4\SPIS_SPI_UART.c -o .\CortexM0\ARM_GCC_541\Debug\SPIS_SPI_UART.o
arm-none-eabi-gcc.exe -mcpu=cortex-m0 -mthumb -I. -IGenerated_Source\PSoC4 -Wa,-alh=.\CortexM0\ARM_GCC_541\Debug/SPIS_SPI_UART_INT.lst -g -D DEBUG -Wall -ffunction-sections -ffat-lto-objects -O0 -c Generated_Source\PSoC4\SPIS_SPI_UART_INT.c -o .\CortexM0\ARM_GCC_541\Debug\SPIS_SPI_UART_INT.o
arm-none-eabi-gcc.exe -mcpu=cortex-m0 -mthumb -I. -IGenerated_Source\PSoC4 -Wa,-alh=.\CortexM0\ARM_GCC_541\Debug/SPIS_SPI.lst -g -D DEBUG -Wall -ffunction-sections -ffat-lto-objects -O0 -c Generated_Source\PSoC4\SPIS_SPI.c -o .\CortexM0\ARM_GCC_541\Debug\SPIS_SPI.o
arm-none-eabi-gcc.exe -mcpu=cortex-m0 -mthumb -I. -IGenerated_Source\PSoC4 -Wa,-alh=.\CortexM0\ARM_GCC_541\Debug/SPIS_SPI_BOOT.lst -g -D DEBUG -Wall -ffunction-sections -ffat-lto-objects -O0 -c Generated_Source\PSoC4\SPIS_SPI_BOOT.c -o .\CortexM0\ARM_GCC_541\Debug\SPIS_SPI_BOOT.o
arm-none-eabi-gcc.exe -mcpu=cortex-m0 -mthumb -I. -IGenerated_Source\PSoC4 -Wa,-alh=.\CortexM0\ARM_GCC_541\Debug/ADC_SAR_IRQ.lst -g -D DEBUG -Wall -ffunction-sections -ffat-lto-objects -O0 -c Generated_Source\PSoC4\ADC_SAR_IRQ.c -o .\CortexM0\ARM_GCC_541\Debug\ADC_SAR_IRQ.o
arm-none-eabi-gcc.exe -mcpu=cortex-m0 -mthumb -I. -IGenerated_Source\PSoC4 -Wa,-alh=.\CortexM0\ARM_GCC_541\Debug/ADC_SAR_intClock.lst -g -D DEBUG -Wall -ffunction-sections -ffat-lto-objects -O0 -c Generated_Source\PSoC4\ADC_SAR_intClock.c -o .\CortexM0\ARM_GCC_541\Debug\ADC_SAR_intClock.o
arm-none-eabi-gcc.exe -mcpu=cortex-m0 -mthumb -I. -IGenerated_Source\PSoC4 -Wa,-alh=.\CortexM0\ARM_GCC_541\Debug/Cm0Start.lst -g -D DEBUG -Wall -ffunction-sections -ffat-lto-objects -O0 -c Generated_Source\PSoC4\Cm0Start.c -o .\CortexM0\ARM_GCC_541\Debug\Cm0Start.o
arm-none-eabi-gcc.exe -mcpu=cortex-m0 -mthumb -I. -IGenerated_Source\PSoC4 -Wa,-alh=.\CortexM0\ARM_GCC_541\Debug/CyFlash.lst -g -D DEBUG -Wall -ffunction-sections -ffat-lto-objects -O0 -c Generated_Source\PSoC4\CyFlash.c -o .\CortexM0\ARM_GCC_541\Debug\CyFlash.o
arm-none-eabi-gcc.exe -mcpu=cortex-m0 -mthumb -I. -IGenerated_Source\PSoC4 -Wa,-alh=.\CortexM0\ARM_GCC_541\Debug/CyLib.lst -g -D DEBUG -Wall -ffunction-sections -ffat-lto-objects -O0 -c Generated_Source\PSoC4\CyLib.c -o .\CortexM0\ARM_GCC_541\Debug\CyLib.o
arm-none-eabi-gcc.exe -mcpu=cortex-m0 -mthumb -I. -IGenerated_Source\PSoC4 -Wa,-alh=.\CortexM0\ARM_GCC_541\Debug/cyPm.lst -g -D DEBUG -Wall -ffunction-sections -ffat-lto-objects -O0 -c Generated_Source\PSoC4\cyPm.c -o .\CortexM0\ARM_GCC_541\Debug\cyPm.o
arm-none-eabi-gcc.exe -mcpu=cortex-m0 -mthumb -I. -IGenerated_Source\PSoC4 -Wa,-alh=.\CortexM0\ARM_GCC_541\Debug/cyutils.lst -g -D DEBUG -Wall -ffunction-sections -ffat-lto-objects -O0 -c Generated_Source\PSoC4\cyutils.c -o .\CortexM0\ARM_GCC_541\Debug\cyutils.o
arm-none-eabi-gcc.exe -mcpu=cortex-m0 -mthumb -I. -IGenerated_Source\PSoC4 -Wa,-alh=.\CortexM0\ARM_GCC_541\Debug/CyLFClk.lst -g -D DEBUG -Wall -ffunction-sections -ffat-lto-objects -O0 -c Generated_Source\PSoC4\CyLFClk.c -o .\CortexM0\ARM_GCC_541\Debug\CyLFClk.o
arm-none-eabi-gcc.exe -mcpu=cortex-m0 -mthumb -I. -IGenerated_Source\PSoC4 -Wa,-alh=.\CortexM0\ARM_GCC_541\Debug/cy_em_eeprom.lst -g -D DEBUG -Wall -ffunction-sections -ffat-lto-objects -O0 -c Generated_Source\PSoC4\cy_em_eeprom.c -o .\CortexM0\ARM_GCC_541\Debug\cy_em_eeprom.o
arm-none-eabi-gcc.exe -mcpu=cortex-m0 -mthumb -I. -IGenerated_Source\PSoC4 -Wa,-alh=.\CortexM0\ARM_GCC_541\Debug/SPIS_SCBCLK.lst -g -D DEBUG -Wall -ffunction-sections -ffat-lto-objects -O0 -c Generated_Source\PSoC4\SPIS_SCBCLK.c -o .\CortexM0\ARM_GCC_541\Debug\SPIS_SCBCLK.o
arm-none-eabi-gcc.exe -mcpu=cortex-m0 -mthumb -I. -IGenerated_Source\PSoC4 -Wa,-alh=.\CortexM0\ARM_GCC_541\Debug/SPIS_ss_s.lst -g -D DEBUG -Wall -ffunction-sections -ffat-lto-objects -O0 -c Generated_Source\PSoC4\SPIS_ss_s.c -o .\CortexM0\ARM_GCC_541\Debug\SPIS_ss_s.o
arm-none-eabi-gcc.exe -mcpu=cortex-m0 -mthumb -I. -IGenerated_Source\PSoC4 -Wa,-alh=.\CortexM0\ARM_GCC_541\Debug/SPIS_ss_s_PM.lst -g -D DEBUG -Wall -ffunction-sections -ffat-lto-objects -O0 -c Generated_Source\PSoC4\SPIS_ss_s_PM.c -o .\CortexM0\ARM_GCC_541\Debug\SPIS_ss_s_PM.o
arm-none-eabi-gcc.exe -mcpu=cortex-m0 -mthumb -I. -IGenerated_Source\PSoC4 -Wa,-alh=.\CortexM0\ARM_GCC_541\Debug/SPIS_miso_s.lst -g -D DEBUG -Wall -ffunction-sections -ffat-lto-objects -O0 -c Generated_Source\PSoC4\SPIS_miso_s.c -o .\CortexM0\ARM_GCC_541\Debug\SPIS_miso_s.o
arm-none-eabi-gcc.exe -mcpu=cortex-m0 -mthumb -I. -IGenerated_Source\PSoC4 -Wa,-alh=.\CortexM0\ARM_GCC_541\Debug/SPIS_miso_s_PM.lst -g -D DEBUG -Wall -ffunction-sections -ffat-lto-objects -O0 -c Generated_Source\PSoC4\SPIS_miso_s_PM.c -o .\CortexM0\ARM_GCC_541\Debug\SPIS_miso_s_PM.o
arm-none-eabi-gcc.exe -mcpu=cortex-m0 -mthumb -I. -IGenerated_Source\PSoC4 -Wa,-alh=.\CortexM0\ARM_GCC_541\Debug/SPIS_SCB_IRQ.lst -g -D DEBUG -Wall -ffunction-sections -ffat-lto-objects -O0 -c Generated_Source\PSoC4\SPIS_SCB_IRQ.c -o .\CortexM0\ARM_GCC_541\Debug\SPIS_SCB_IRQ.o
arm-none-eabi-gcc.exe -mcpu=cortex-m0 -mthumb -I. -IGenerated_Source\PSoC4 -Wa,-alh=.\CortexM0\ARM_GCC_541\Debug/SPIS_sclk_s.lst -g -D DEBUG -Wall -ffunction-sections -ffat-lto-objects -O0 -c Generated_Source\PSoC4\SPIS_sclk_s.c -o .\CortexM0\ARM_GCC_541\Debug\SPIS_sclk_s.o
arm-none-eabi-gcc.exe -mcpu=cortex-m0 -mthumb -I. -IGenerated_Source\PSoC4 -Wa,-alh=.\CortexM0\ARM_GCC_541\Debug/SPIS_sclk_s_PM.lst -g -D DEBUG -Wall -ffunction-sections -ffat-lto-objects -O0 -c Generated_Source\PSoC4\SPIS_sclk_s_PM.c -o .\CortexM0\ARM_GCC_541\Debug\SPIS_sclk_s_PM.o
arm-none-eabi-gcc.exe -mcpu=cortex-m0 -mthumb -I. -IGenerated_Source\PSoC4 -Wa,-alh=.\CortexM0\ARM_GCC_541\Debug/SPIS_mosi_s.lst -g -D DEBUG -Wall -ffunction-sections -ffat-lto-objects -O0 -c Generated_Source\PSoC4\SPIS_mosi_s.c -o .\CortexM0\ARM_GCC_541\Debug\SPIS_mosi_s.o
arm-none-eabi-gcc.exe -mcpu=cortex-m0 -mthumb -I. -IGenerated_Source\PSoC4 -Wa,-alh=.\CortexM0\ARM_GCC_541\Debug/SPIS_mosi_s_PM.lst -g -D DEBUG -Wall -ffunction-sections -ffat-lto-objects -O0 -c Generated_Source\PSoC4\SPIS_mosi_s_PM.c -o .\CortexM0\ARM_GCC_541\Debug\SPIS_mosi_s_PM.o
arm-none-eabi-gcc.exe -mcpu=cortex-m0 -mthumb -I. -IGenerated_Source\PSoC4 -Wa,-alh=.\CortexM0\ARM_GCC_541\Debug/Pin_TurnOn_Sink.lst -g -D DEBUG -Wall -ffunction-sections -ffat-lto-objects -O0 -c Generated_Source\PSoC4\Pin_TurnOn_Sink.c -o .\CortexM0\ARM_GCC_541\Debug\Pin_TurnOn_Sink.o
arm-none-eabi-gcc.exe -mcpu=cortex-m0 -mthumb -I. -IGenerated_Source\PSoC4 -Wa,-alh=.\CortexM0\ARM_GCC_541\Debug/Pin_TurnOn_Sink_PM.lst -g -D DEBUG -Wall -ffunction-sections -ffat-lto-objects -O0 -c Generated_Source\PSoC4\Pin_TurnOn_Sink_PM.c -o .\CortexM0\ARM_GCC_541\Debug\Pin_TurnOn_Sink_PM.o
arm-none-eabi-gcc.exe -mcpu=cortex-m0 -mthumb -I. -IGenerated_Source\PSoC4 -Wa,-alh=.\CortexM0\ARM_GCC_541\Debug/ISR_TurnOn_Sink.lst -g -D DEBUG -Wall -ffunction-sections -ffat-lto-objects -O0 -c Generated_Source\PSoC4\ISR_TurnOn_Sink.c -o .\CortexM0\ARM_GCC_541\Debug\ISR_TurnOn_Sink.o
arm-none-eabi-gcc.exe -mcpu=cortex-m0 -mthumb -I. -IGenerated_Source\PSoC4 -Wa,-alh=.\CortexM0\ARM_GCC_541\Debug/Pin_TurnOff_Sink.lst -g -D DEBUG -Wall -ffunction-sections -ffat-lto-objects -O0 -c Generated_Source\PSoC4\Pin_TurnOff_Sink.c -o .\CortexM0\ARM_GCC_541\Debug\Pin_TurnOff_Sink.o
arm-none-eabi-gcc.exe -mcpu=cortex-m0 -mthumb -I. -IGenerated_Source\PSoC4 -Wa,-alh=.\CortexM0\ARM_GCC_541\Debug/Pin_TurnOff_Sink_PM.lst -g -D DEBUG -Wall -ffunction-sections -ffat-lto-objects -O0 -c Generated_Source\PSoC4\Pin_TurnOff_Sink_PM.c -o .\CortexM0\ARM_GCC_541\Debug\Pin_TurnOff_Sink_PM.o
arm-none-eabi-gcc.exe -mcpu=cortex-m0 -mthumb -I. -IGenerated_Source\PSoC4 -Wa,-alh=.\CortexM0\ARM_GCC_541\Debug/ISR_TurnOff_Sink.lst -g -D DEBUG -Wall -ffunction-sections -ffat-lto-objects -O0 -c Generated_Source\PSoC4\ISR_TurnOff_Sink.c -o .\CortexM0\ARM_GCC_541\Debug\ISR_TurnOff_Sink.o
arm-none-eabi-as.exe -mcpu=cortex-m0 -mthumb -I. -IGenerated_Source\PSoC4 -alh=.\CortexM0\ARM_GCC_541\Debug/CyBootAsmGnu.lst -g -o .\CortexM0\ARM_GCC_541\Debug\CyBootAsmGnu.o Generated_Source\PSoC4\CyBootAsmGnu.s
arm-none-eabi-ar.exe -rs .\CortexM0\ARM_GCC_541\Debug\PSOC4_ForwardVoltageTSEP.a .\CortexM0\ARM_GCC_541\Debug\Opamp_1.o .\CortexM0\ARM_GCC_541\Debug\Opamp_1_PM.o .\CortexM0\ARM_GCC_541\Debug\Opamp_2.o .\CortexM0\ARM_GCC_541\Debug\Opamp_2_PM.o .\CortexM0\ARM_GCC_541\Debug\ADC_SAR.o .\CortexM0\ARM_GCC_541\Debug\ADC_SAR_PM.o .\CortexM0\ARM_GCC_541\Debug\ADC_SAR_INT.o .\CortexM0\ARM_GCC_541\Debug\Pin_Sens_High.o .\CortexM0\ARM_GCC_541\Debug\Pin_Sens_High_PM.o .\CortexM0\ARM_GCC_541\Debug\AMux_High.o .\CortexM0\ARM_GCC_541\Debug\AMux_Low.o .\CortexM0\ARM_GCC_541\Debug\Pin_Sens_Low.o .\CortexM0\ARM_GCC_541\Debug\Pin_Sens_Low_PM.o .\CortexM0\ARM_GCC_541\Debug\IDAC.o .\CortexM0\ARM_GCC_541\Debug\IDAC_PM.o .\CortexM0\ARM_GCC_541\Debug\DieTemp.o .\CortexM0\ARM_GCC_541\Debug\GPIO_VREF.o .\CortexM0\ARM_GCC_541\Debug\GPIO_VREF_PM.o .\CortexM0\ARM_GCC_541\Debug\GPIO_S0.o .\CortexM0\ARM_GCC_541\Debug\GPIO_S0_PM.o .\CortexM0\ARM_GCC_541\Debug\GPIO_S1.o .\CortexM0\ARM_GCC_541\Debug\GPIO_S1_PM.o .\CortexM0\ARM_GCC_541\Debug\GPIO_EN.o .\CortexM0\ARM_GCC_541\Debug\GPIO_EN_PM.o .\CortexM0\ARM_GCC_541\Debug\IDAC_IN.o .\CortexM0\ARM_GCC_541\Debug\IDAC_IN_PM.o .\CortexM0\ARM_GCC_541\Debug\SPIS.o .\CortexM0\ARM_GCC_541\Debug\SPIS_PM.o .\CortexM0\ARM_GCC_541\Debug\SPIS_BOOT.o .\CortexM0\ARM_GCC_541\Debug\SPIS_SPI_UART.o .\CortexM0\ARM_GCC_541\Debug\SPIS_SPI_UART_INT.o .\CortexM0\ARM_GCC_541\Debug\SPIS_SPI.o .\CortexM0\ARM_GCC_541\Debug\SPIS_SPI_BOOT.o .\CortexM0\ARM_GCC_541\Debug\ADC_SAR_IRQ.o .\CortexM0\ARM_GCC_541\Debug\ADC_SAR_intClock.o .\CortexM0\ARM_GCC_541\Debug\CyFlash.o .\CortexM0\ARM_GCC_541\Debug\CyLib.o .\CortexM0\ARM_GCC_541\Debug\cyPm.o .\CortexM0\ARM_GCC_541\Debug\cyutils.o .\CortexM0\ARM_GCC_541\Debug\CyLFClk.o .\CortexM0\ARM_GCC_541\Debug\cy_em_eeprom.o .\CortexM0\ARM_GCC_541\Debug\SPIS_SCBCLK.o .\CortexM0\ARM_GCC_541\Debug\SPIS_ss_s.o .\CortexM0\ARM_GCC_541\Debug\SPIS_ss_s_PM.o .\CortexM0\ARM_GCC_541\Debug\SPIS_miso_s.o .\CortexM0\ARM_GCC_541\Debug\SPIS_miso_s_PM.o .\CortexM0\ARM_GCC_541\Debug\SPIS_SCB_IRQ.o .\CortexM0\ARM_GCC_541\Debug\SPIS_sclk_s.o .\CortexM0\ARM_GCC_541\Debug\SPIS_sclk_s_PM.o .\CortexM0\ARM_GCC_541\Debug\SPIS_mosi_s.o .\CortexM0\ARM_GCC_541\Debug\SPIS_mosi_s_PM.o .\CortexM0\ARM_GCC_541\Debug\Pin_TurnOn_Sink.o .\CortexM0\ARM_GCC_541\Debug\Pin_TurnOn_Sink_PM.o .\CortexM0\ARM_GCC_541\Debug\ISR_TurnOn_Sink.o .\CortexM0\ARM_GCC_541\Debug\Pin_TurnOff_Sink.o .\CortexM0\ARM_GCC_541\Debug\Pin_TurnOff_Sink_PM.o .\CortexM0\ARM_GCC_541\Debug\ISR_TurnOff_Sink.o .\CortexM0\ARM_GCC_541\Debug\CyBootAsmGnu.o
arm-none-eabi-ar.exe: creating .\CortexM0\ARM_GCC_541\Debug\PSOC4_ForwardVoltageTSEP.a
arm-none-eabi-gcc.exe -Wl,--start-group -o "C:\Users\Lars\Documents\PSoC Creator\Workspace01\PSOC4_ForwardVoltageTSEP.cydsn\CortexM0\ARM_GCC_541\Debug\PSOC4_ForwardVoltageTSEP.elf" .\CortexM0\ARM_GCC_541\Debug\main.o .\CortexM0\ARM_GCC_541\Debug\currentSink.o .\CortexM0\ARM_GCC_541\Debug\myspi.o .\CortexM0\ARM_GCC_541\Debug\diodeMeasurement.o .\CortexM0\ARM_GCC_541\Debug\cyfitter_cfg.o .\CortexM0\ARM_GCC_541\Debug\cymetadata.o .\CortexM0\ARM_GCC_541\Debug\Cm0Start.o .\CortexM0\ARM_GCC_541\Debug\PSOC4_ForwardVoltageTSEP.a -mcpu=cortex-m0 -mthumb -l m -L Generated_Source\PSoC4 -Wl,-Map,.\CortexM0\ARM_GCC_541\Debug/PSOC4_ForwardVoltageTSEP.map -T Generated_Source\PSoC4\cm0gcc.ld -specs=nano.specs -Wl,--gc-sections -g -ffunction-sections -O0 -ffat-lto-objects -Wl,--end-group
cyelftool.exe -C "C:\Users\Lars\Documents\PSoC Creator\Workspace01\PSOC4_ForwardVoltageTSEP.cydsn\CortexM0\ARM_GCC_541\Debug\PSOC4_ForwardVoltageTSEP.elf" --flash_row_size 128 --flash_size 32768 --flash_offset 0x00000000
No ELF section .cychecksum found, creating one
Application checksum calculated and stored in ELF section .cychecksum
Checksum calculated and stored in ELF section .cymeta
cyelftool.exe -S "C:\Users\Lars\Documents\PSoC Creator\Workspace01\PSOC4_ForwardVoltageTSEP.cydsn\CortexM0\ARM_GCC_541\Debug\PSOC4_ForwardVoltageTSEP.elf"
Flash used: 9688 of 32768 bytes (29,6 %).
SRAM used: 1828 of 4096 bytes (44,6 %). Stack: 1024 bytes. Heap: 128 bytes.
--------------- Build Succeeded: 09/23/2019 09:50:23 ---------------
