--------------- Clean Started: 08/02/2019 14:50:28 Project: P4_SingleDiode, Configuration: ARM GCC 5.4-2016-q2-update Debug ---------------
Deleting file ".\CortexM0\ARM_GCC_541\Debug\main.o"
Deleting file ".\CortexM0\ARM_GCC_541\Debug\SingleDiode.o"
Deleting file ".\CortexM0\ARM_GCC_541\Debug\currentSink.o"
Deleting file ".\CortexM0\ARM_GCC_541\Debug\myspi.o"
Deleting file ".\CortexM0\ARM_GCC_541\Debug\cyfitter_cfg.o"
Deleting file ".\CortexM0\ARM_GCC_541\Debug\cymetadata.o"
Deleting file ".\CortexM0\ARM_GCC_541\Debug\Opamp_1.o"
Deleting file ".\CortexM0\ARM_GCC_541\Debug\Opamp_1_PM.o"
Deleting file ".\CortexM0\ARM_GCC_541\Debug\Opamp_2.o"
Deleting file ".\CortexM0\ARM_GCC_541\Debug\Opamp_2_PM.o"
Deleting file ".\CortexM0\ARM_GCC_541\Debug\ADC_SAR.o"
Deleting file ".\CortexM0\ARM_GCC_541\Debug\ADC_SAR_PM.o"
Deleting file ".\CortexM0\ARM_GCC_541\Debug\ADC_SAR_INT.o"
Deleting file ".\CortexM0\ARM_GCC_541\Debug\Pin_Sens_High.o"
Deleting file ".\CortexM0\ARM_GCC_541\Debug\Pin_Sens_High_PM.o"
Deleting file ".\CortexM0\ARM_GCC_541\Debug\Pin_Sens_Low.o"
Deleting file ".\CortexM0\ARM_GCC_541\Debug\Pin_Sens_Low_PM.o"
Deleting file ".\CortexM0\ARM_GCC_541\Debug\IDAC.o"
Deleting file ".\CortexM0\ARM_GCC_541\Debug\IDAC_PM.o"
Deleting file ".\CortexM0\ARM_GCC_541\Debug\DieTemp.o"
Deleting file ".\CortexM0\ARM_GCC_541\Debug\GPIO_VREF.o"
Deleting file ".\CortexM0\ARM_GCC_541\Debug\GPIO_VREF_PM.o"
Deleting file ".\CortexM0\ARM_GCC_541\Debug\GPIO_S0.o"
Deleting file ".\CortexM0\ARM_GCC_541\Debug\GPIO_S0_PM.o"
Deleting file ".\CortexM0\ARM_GCC_541\Debug\GPIO_S1.o"
Deleting file ".\CortexM0\ARM_GCC_541\Debug\GPIO_S1_PM.o"
Deleting file ".\CortexM0\ARM_GCC_541\Debug\GPIO_EN.o"
Deleting file ".\CortexM0\ARM_GCC_541\Debug\GPIO_EN_PM.o"
Deleting file ".\CortexM0\ARM_GCC_541\Debug\IDAC_IN.o"
Deleting file ".\CortexM0\ARM_GCC_541\Debug\IDAC_IN_PM.o"
Deleting file ".\CortexM0\ARM_GCC_541\Debug\SPIS.o"
Deleting file ".\CortexM0\ARM_GCC_541\Debug\SPIS_PM.o"
Deleting file ".\CortexM0\ARM_GCC_541\Debug\SPIS_BOOT.o"
Deleting file ".\CortexM0\ARM_GCC_541\Debug\SPIS_SPI_UART.o"
Deleting file ".\CortexM0\ARM_GCC_541\Debug\SPIS_SPI_UART_INT.o"
Deleting file ".\CortexM0\ARM_GCC_541\Debug\SPIS_SPI.o"
Deleting file ".\CortexM0\ARM_GCC_541\Debug\SPIS_SPI_BOOT.o"
Deleting file ".\CortexM0\ARM_GCC_541\Debug\ADC_SAR_IRQ.o"
Deleting file ".\CortexM0\ARM_GCC_541\Debug\ADC_SAR_intClock.o"
Deleting file ".\CortexM0\ARM_GCC_541\Debug\Cm0Start.o"
Deleting file ".\CortexM0\ARM_GCC_541\Debug\CyFlash.o"
Deleting file ".\CortexM0\ARM_GCC_541\Debug\CyLib.o"
Deleting file ".\CortexM0\ARM_GCC_541\Debug\cyPm.o"
Deleting file ".\CortexM0\ARM_GCC_541\Debug\cyutils.o"
Deleting file ".\CortexM0\ARM_GCC_541\Debug\CyBootAsmGnu.o"
Deleting file ".\CortexM0\ARM_GCC_541\Debug\CyLFClk.o"
Deleting file ".\CortexM0\ARM_GCC_541\Debug\cy_em_eeprom.o"
Deleting file ".\CortexM0\ARM_GCC_541\Debug\SPIS_SCBCLK.o"
Deleting file ".\CortexM0\ARM_GCC_541\Debug\SPIS_ss_s.o"
Deleting file ".\CortexM0\ARM_GCC_541\Debug\SPIS_ss_s_PM.o"
Deleting file ".\CortexM0\ARM_GCC_541\Debug\SPIS_miso_s.o"
Deleting file ".\CortexM0\ARM_GCC_541\Debug\SPIS_miso_s_PM.o"
Deleting file ".\CortexM0\ARM_GCC_541\Debug\SPIS_SCB_IRQ.o"
Deleting file ".\CortexM0\ARM_GCC_541\Debug\SPIS_sclk_s.o"
Deleting file ".\CortexM0\ARM_GCC_541\Debug\SPIS_sclk_s_PM.o"
Deleting file ".\CortexM0\ARM_GCC_541\Debug\SPIS_mosi_s.o"
Deleting file ".\CortexM0\ARM_GCC_541\Debug\SPIS_mosi_s_PM.o"
Deleting file ".\CortexM0\ARM_GCC_541\Debug\P4_SingleDiode.hex"
Deleting file ".\CortexM0\ARM_GCC_541\Debug\P4_SingleDiode.elf"
Deleting file ".\CortexM0\ARM_GCC_541\Debug\P4_SingleDiode.map"
Deleting file ".\P4_SingleDiode.rpt"
Deleting file ".\P4_SingleDiode_timing.html"
Deleting file ".\CortexM0\ARM_GCC_541\Debug\.deps\SOURCE_C__ARM_GCC_GENERIC.P"
Deleting file ".\CortexM0\ARM_GCC_541\Debug\.deps\SOURCE_ASM__ARM_GCC_GENERIC.P"
--------------- Clean Succeeded: 08/02/2019 14:50:28 ---------------
